{"timestamp":"2025-12-01T07:05:07.663093Z","level":"info","event":"DAG bundles loaded: dags-folder","logger":"airflow.dag_processing.bundles.manager.DagBundlesManager","filename":"manager.py","lineno":179}
{"timestamp":"2025-12-01T07:05:07.663630Z","level":"info","event":"Filling up the DagBag from /opt/airflow/dags/stock_dag.py","logger":"airflow.models.dagbag.DagBag","filename":"dagbag.py","lineno":593}
{"timestamp":"2025-12-01T07:05:08.175846Z","level":"info","event":"[QueryLoader] Loading JSON from: /opt/airflow/query/ticker_info.json","logger":"task.stdout"}
{"timestamp":"2025-12-01T07:05:08.195625Z","level":"info","event":"2025-11-24","logger":"task.stdout"}
{"timestamp":"2025-12-01T07:05:08.198055Z","level":"info","event":"2025-11-30","logger":"task.stdout"}
{"timestamp":"2025-12-01T07:05:08.195774Z","level":"warning","event":"YF.download() has changed argument auto_adjust default to True","category":"FutureWarning","filename":"/opt/airflow/dags/stock_dag.py","lineno":57,"logger":"py.warnings"}
{"timestamp":"2025-12-01T07:05:11.158369Z","level":"error","event":"\r[                       0%                       ]\r[****                   8%                       ]  2 of 26 completed\r[******                12%                       ]  3 of 26 completed\r[*******               15%                       ]  4 of 26 completed\r[*********             19%                       ]  5 of 26 completed\r[***********           23%                       ]  6 of 26 completed\r[*************         27%                       ]  7 of 26 completed\r[***************       31%                       ]  8 of 26 completed\r[*****************     35%                       ]  9 of 26 completed\r[******************    38%                       ]  10 of 26 completed\r[********************  42%                       ]  11 of 26 completed\r[**********************46%                       ]  12 of 26 completed\r[**********************50%                       ]  13 of 26 completed\r[**********************54%*                      ]  14 of 26 completed\r[**********************58%***                    ]  15 of 26 completed\r[**********************62%*****                  ]  16 of 26 completed\r[**********************65%******                 ]  17 of 26 completed\r[**********************69%********               ]  18 of 26 completed\r[**********************73%**********             ]  19 of 26 completed\r[**********************77%************           ]  20 of 26 completed\r[**********************81%**************         ]  21 of 26 completed\r[**********************85%****************       ]  22 of 26 completed\r[**********************88%*****************      ]  23 of 26 completed\r[**********************92%*******************    ]  24 of 26 completed\r[**********************96%*********************  ]  25 of 26 completed\r[*********************100%***********************]  26 of 26 completed","logger":"task.stderr"}
{"timestamp":"2025-12-01T07:05:11.158409Z","level":"error","event":"\n1 Failed download:","logger":"yfinance","filename":"multi.py","lineno":185}
{"timestamp":"2025-12-01T07:05:11.158495Z","level":"error","event":"['PING']: YFTzMissingError('possibly delisted; no timezone found')","logger":"yfinance","filename":"multi.py","lineno":198}
{"timestamp":"2025-12-01T07:05:11.173055Z","level":"info","event":"Price       Date     Ticker  ...           Open       Volume","logger":"task.stdout"}
{"timestamp":"2025-12-01T07:05:11.173293Z","level":"info","event":"0     2025-11-24  000270.KS  ...  114900.000000    1566600.0","logger":"task.stdout"}
{"timestamp":"2025-12-01T07:05:11.173466Z","level":"info","event":"1     2025-11-24  000660.KS  ...  530619.971214    6399162.0","logger":"task.stdout"}
{"timestamp":"2025-12-01T07:05:11.173627Z","level":"info","event":"2     2025-11-24  005380.KS  ...  259495.213228     610389.0","logger":"task.stdout"}
{"timestamp":"2025-12-01T07:05:11.173764Z","level":"info","event":"3     2025-11-24  005930.KS  ...   97800.000000   29831172.0","logger":"task.stdout"}
{"timestamp":"2025-12-01T07:05:11.173893Z","level":"info","event":"4     2025-11-24  006400.KS  ...  291500.000000     808887.0","logger":"task.stdout"}
{"timestamp":"2025-12-01T07:05:11.174076Z","level":"info","event":"..           ...        ...  ...            ...          ...","logger":"task.stdout"}
{"timestamp":"2025-12-01T07:05:11.174195Z","level":"info","event":"105   2025-11-28       NVDA  ...     179.009995  121332800.0","logger":"task.stdout"}
{"timestamp":"2025-12-01T07:05:11.174315Z","level":"info","event":"106   2025-11-28      TCEHY  ...      78.849998    1125700.0","logger":"task.stdout"}
{"timestamp":"2025-12-01T07:05:11.174537Z","level":"info","event":"107   2025-11-28       TSLA  ...     426.589996   36252900.0","logger":"task.stdout"}
{"timestamp":"2025-12-01T07:05:11.174752Z","level":"info","event":"108   2025-11-28          V  ...     333.429993    4586200.0","logger":"task.stdout"}
{"timestamp":"2025-12-01T07:05:11.174918Z","level":"info","event":"109   2025-11-28       XPEV  ...      21.500000    6054000.0","logger":"task.stdout"}
{"timestamp":"2025-12-01T07:05:11.175053Z","level":"info","event":"","logger":"task.stdout"}
{"timestamp":"2025-12-01T07:05:11.175175Z","level":"info","event":"[110 rows x 8 columns]","logger":"task.stdout"}
{"timestamp":"2025-12-01T07:05:11.173201Z","level":"info","event":"Done. Returned value was: None","logger":"airflow.task.operators.airflow.providers.standard.operators.python.PythonOperator","filename":"python.py","lineno":215}
