{"timestamp":"2025-12-03T01:14:45.924684Z","level":"info","event":"DAG bundles loaded: dags-folder","logger":"airflow.dag_processing.bundles.manager.DagBundlesManager","filename":"manager.py","lineno":179}
{"timestamp":"2025-12-03T01:14:45.925018Z","level":"info","event":"Filling up the DagBag from /opt/airflow/dags/dag_stock.py","logger":"airflow.models.dagbag.DagBag","filename":"dagbag.py","lineno":593}
{"timestamp":"2025-12-03T01:14:46.398917Z","level":"info","event":"[QueryLoader] Loading JSON from: /opt/airflow/query/ticker_info.json","logger":"task.stdout"}
{"timestamp":"2025-12-03T01:14:46.419776Z","level":"info","event":"INSERT INTO stock_prices (Date,Ticker,Open,High,Low,Close,Volume) VALUES","logger":"task.stdout"}
{"timestamp":"2025-12-03T01:14:46.419916Z","level":"warning","event":"YF.download() has changed argument auto_adjust default to True","category":"FutureWarning","filename":"/opt/airflow/dags/dag_stock.py","lineno":36,"logger":"py.warnings"}
{"timestamp":"2025-12-03T01:14:50.193170Z","level":"error","event":"\r[                       0%                       ]\r[****                   8%                       ]  2 of 26 completed\r[******                12%                       ]  3 of 26 completed\r[*******               15%                       ]  4 of 26 completed\r[*********             19%                       ]  5 of 26 completed\r[***********           23%                       ]  6 of 26 completed\r[*************         27%                       ]  7 of 26 completed\r[***************       31%                       ]  8 of 26 completed\r[*****************     35%                       ]  9 of 26 completed\r[******************    38%                       ]  10 of 26 completed\r[********************  42%                       ]  11 of 26 completed\r[**********************46%                       ]  12 of 26 completed\r[**********************50%                       ]  13 of 26 completed\r[**********************54%*                      ]  14 of 26 completed\r[**********************58%***                    ]  15 of 26 completed\r[**********************62%*****                  ]  16 of 26 completed\r[**********************65%******                 ]  17 of 26 completed\r[**********************69%********               ]  18 of 26 completed\r[**********************73%**********             ]  19 of 26 completed\r[**********************77%************           ]  20 of 26 completed\r[**********************81%**************         ]  21 of 26 completed\r[**********************85%****************       ]  22 of 26 completed\r[**********************88%*****************      ]  23 of 26 completed\r[**********************92%*******************    ]  24 of 26 completed\r[**********************96%*********************  ]  25 of 26 completed\r[*********************100%***********************]  26 of 26 completed","logger":"task.stderr"}
{"timestamp":"2025-12-03T01:14:50.193256Z","level":"error","event":"\n1 Failed download:","logger":"yfinance","filename":"multi.py","lineno":185}
{"timestamp":"2025-12-03T01:14:50.193431Z","level":"error","event":"['PING']: YFTzMissingError('possibly delisted; no timezone found')","logger":"yfinance","filename":"multi.py","lineno":198}
{"timestamp":"2025-12-03T01:14:50.218951Z","level":"info","event":"Price       Date     Ticker  ...           Open       Volume","logger":"task.stdout"}
{"timestamp":"2025-12-03T01:14:50.219294Z","level":"info","event":"0     2025-11-26  000270.KS  ...  113200.000000     527546.0","logger":"task.stdout"}
{"timestamp":"2025-12-03T01:14:50.220132Z","level":"info","event":"1     2025-11-26  000660.KS  ...  512632.872137    5127393.0","logger":"task.stdout"}
{"timestamp":"2025-12-03T01:14:50.221981Z","level":"info","event":"2     2025-11-26  005380.KS  ...  258009.560229     402781.0","logger":"task.stdout"}
{"timestamp":"2025-12-03T01:14:50.222226Z","level":"info","event":"3     2025-11-26  005930.KS  ...  100500.000000   21314975.0","logger":"task.stdout"}
{"timestamp":"2025-12-03T01:14:50.222455Z","level":"info","event":"4     2025-11-26  006400.KS  ...  288000.000000     466323.0","logger":"task.stdout"}
{"timestamp":"2025-12-03T01:14:50.222737Z","level":"info","event":"..           ...        ...  ...            ...          ...","logger":"task.stdout"}
{"timestamp":"2025-12-03T01:14:50.222906Z","level":"info","event":"80    2025-12-01       NVDA  ...     174.759995  188131000.0","logger":"task.stdout"}
{"timestamp":"2025-12-03T01:14:50.223144Z","level":"info","event":"81    2025-12-01      TCEHY  ...      79.500000    1661700.0","logger":"task.stdout"}
{"timestamp":"2025-12-03T01:14:50.224088Z","level":"info","event":"82    2025-12-01       TSLA  ...     425.320007   57463600.0","logger":"task.stdout"}
{"timestamp":"2025-12-03T01:14:50.226013Z","level":"info","event":"83    2025-12-01          V  ...     332.940002    7082300.0","logger":"task.stdout"}
{"timestamp":"2025-12-03T01:14:50.228863Z","level":"info","event":"84    2025-12-01       XPEV  ...      21.275000    7795700.0","logger":"task.stdout"}
{"timestamp":"2025-12-03T01:14:50.229069Z","level":"info","event":"","logger":"task.stdout"}
{"timestamp":"2025-12-03T01:14:50.229816Z","level":"info","event":"[85 rows x 8 columns]","logger":"task.stdout"}
{"timestamp":"2025-12-03T01:14:50.225011Z","level":"info","event":"Done. Returned value was: Price       Date     Ticker  ...           Open       Volume\n0     2025-11-26  000270.KS  ...  113200.000000     527546.0\n1     2025-11-26  000660.KS  ...  512632.872137    5127393.0\n2     2025-11-26  005380.KS  ...  258009.560229     402781.0\n3     2025-11-26  005930.KS  ...  100500.000000   21314975.0\n4     2025-11-26  006400.KS  ...  288000.000000     466323.0\n..           ...        ...  ...            ...          ...\n80    2025-12-01       NVDA  ...     174.759995  188131000.0\n81    2025-12-01      TCEHY  ...      79.500000    1661700.0\n82    2025-12-01       TSLA  ...     425.320007   57463600.0\n83    2025-12-01          V  ...     332.940002    7082300.0\n84    2025-12-01       XPEV  ...      21.275000    7795700.0\n\n[85 rows x 8 columns]","logger":"airflow.task.operators.airflow.providers.standard.operators.python.PythonOperator","filename":"python.py","lineno":215}
{"timestamp":"2025-12-03T01:14:50.225220Z","level":"info","event":"Pushing xcom","ti":"RuntimeTaskInstance(id=UUID('019ae1be-d4bc-7689-8d96-a7bbab5e6651'), task_id='stock_fetch_task', dag_id='dag_stock', run_id='manual__2025-12-03T01:06:11.237161+00:00', try_number=1, dag_version_id=UUID('019ade1e-a212-7dec-8472-8e73f3be06cc'), map_index=-1, hostname='ba535620439c', context_carrier={}, task=<Task(PythonOperator): stock_fetch_task>, bundle_instance=LocalDagBundle(name=dags-folder), max_tries=0, start_date=datetime.datetime(2025, 12, 3, 1, 14, 45, 900788, tzinfo=datetime.timezone.utc), end_date=None, state=<TaskInstanceState.RUNNING: 'running'>, is_mapped=False, rendered_map_index=None)","logger":"task","filename":"task_runner.py","lineno":1360}
