{"timestamp":"2025-12-02T09:00:02.229476Z","level":"info","event":"DAG bundles loaded: dags-folder","logger":"airflow.dag_processing.bundles.manager.DagBundlesManager","filename":"manager.py","lineno":179}
{"timestamp":"2025-12-02T09:00:02.230016Z","level":"info","event":"Filling up the DagBag from /opt/airflow/dags/dag_yfinance_main.py","logger":"airflow.models.dagbag.DagBag","filename":"dagbag.py","lineno":593}
{"timestamp":"2025-12-02T09:00:03.121481Z","level":"info","event":"Triggering Dag Run.","trigger_dag_id":"dag_index","logger":"task","filename":"task_runner.py","lineno":1060}
{"timestamp":"2025-12-02T09:00:03.150602Z","level":"info","event":"Dag Run triggered successfully.","trigger_dag_id":"dag_index","logger":"task","filename":"task_runner.py","lineno":1094}
{"timestamp":"2025-12-02T09:00:03.158845Z","level":"info","event":"Waiting for dag run to complete execution in allowed state.","dag_id":"dag_index","run_id":"manual__2025-12-02T09:00:03.121381+00:00","allowed_state":["success"],"logger":"task","filename":"task_runner.py","lineno":1117}
{"timestamp":"2025-12-02T09:01:03.168923Z","level":"info","event":"Waiting for dag run to complete execution in allowed state.","dag_id":"dag_index","run_id":"manual__2025-12-02T09:00:03.121381+00:00","allowed_state":["success"],"logger":"task","filename":"task_runner.py","lineno":1117}
{"timestamp":"2025-12-02T09:02:03.204784Z","level":"info","event":"Waiting for dag run to complete execution in allowed state.","dag_id":"dag_index","run_id":"manual__2025-12-02T09:00:03.121381+00:00","allowed_state":["success"],"logger":"task","filename":"task_runner.py","lineno":1117}
{"timestamp":"2025-12-02T09:03:03.216597Z","level":"info","event":"Waiting for dag run to complete execution in allowed state.","dag_id":"dag_index","run_id":"manual__2025-12-02T09:00:03.121381+00:00","allowed_state":["success"],"logger":"task","filename":"task_runner.py","lineno":1117}
{"timestamp":"2025-12-02T09:04:03.234904Z","level":"info","event":"Waiting for dag run to complete execution in allowed state.","dag_id":"dag_index","run_id":"manual__2025-12-02T09:00:03.121381+00:00","allowed_state":["success"],"logger":"task","filename":"task_runner.py","lineno":1117}
{"timestamp":"2025-12-02T09:05:03.247138Z","level":"info","event":"Waiting for dag run to complete execution in allowed state.","dag_id":"dag_index","run_id":"manual__2025-12-02T09:00:03.121381+00:00","allowed_state":["success"],"logger":"task","filename":"task_runner.py","lineno":1117}
{"timestamp":"2025-12-02T09:06:03.267951Z","level":"info","event":"Waiting for dag run to complete execution in allowed state.","dag_id":"dag_index","run_id":"manual__2025-12-02T09:00:03.121381+00:00","allowed_state":["success"],"logger":"task","filename":"task_runner.py","lineno":1117}
{"timestamp":"2025-12-02T09:07:08.168376Z","level":"info","event":"Waiting for dag run to complete execution in allowed state.","dag_id":"dag_index","run_id":"manual__2025-12-02T09:00:03.121381+00:00","allowed_state":["success"],"logger":"task","filename":"task_runner.py","lineno":1117}
{"timestamp":"2025-12-02T09:08:08.181678Z","level":"info","event":"Waiting for dag run to complete execution in allowed state.","dag_id":"dag_index","run_id":"manual__2025-12-02T09:00:03.121381+00:00","allowed_state":["success"],"logger":"task","filename":"task_runner.py","lineno":1117}
{"timestamp":"2025-12-02T09:09:13.164878Z","level":"info","event":"Waiting for dag run to complete execution in allowed state.","dag_id":"dag_index","run_id":"manual__2025-12-02T09:00:03.121381+00:00","allowed_state":["success"],"logger":"task","filename":"task_runner.py","lineno":1117}
{"timestamp":"2025-12-02T09:10:17.509407Z","level":"info","event":"Waiting for dag run to complete execution in allowed state.","dag_id":"dag_index","run_id":"manual__2025-12-02T09:00:03.121381+00:00","allowed_state":["success"],"logger":"task","filename":"task_runner.py","lineno":1117}
{"timestamp":"2025-12-02T09:11:17.526366Z","level":"info","event":"Waiting for dag run to complete execution in allowed state.","dag_id":"dag_index","run_id":"manual__2025-12-02T09:00:03.121381+00:00","allowed_state":["success"],"logger":"task","filename":"task_runner.py","lineno":1117}
{"timestamp":"2025-12-02T09:12:22.200049Z","level":"info","event":"Waiting for dag run to complete execution in allowed state.","dag_id":"dag_index","run_id":"manual__2025-12-02T09:00:03.121381+00:00","allowed_state":["success"],"logger":"task","filename":"task_runner.py","lineno":1117}
{"timestamp":"2025-12-02T09:13:27.010457Z","level":"info","event":"Waiting for dag run to complete execution in allowed state.","dag_id":"dag_index","run_id":"manual__2025-12-02T09:00:03.121381+00:00","allowed_state":["success"],"logger":"task","filename":"task_runner.py","lineno":1117}
{"timestamp":"2025-12-02T09:14:29.224457Z","level":"info","event":"Waiting for dag run to complete execution in allowed state.","dag_id":"dag_index","run_id":"manual__2025-12-02T09:00:03.121381+00:00","allowed_state":["success"],"logger":"task","filename":"task_runner.py","lineno":1117}
{"timestamp":"2025-12-02T09:15:29.231600Z","level":"info","event":"Waiting for dag run to complete execution in allowed state.","dag_id":"dag_index","run_id":"manual__2025-12-02T09:00:03.121381+00:00","allowed_state":["success"],"logger":"task","filename":"task_runner.py","lineno":1117}
{"timestamp":"2025-12-02T09:16:36.409739Z","level":"info","event":"Waiting for dag run to complete execution in allowed state.","dag_id":"dag_index","run_id":"manual__2025-12-02T09:00:03.121381+00:00","allowed_state":["success"],"logger":"task","filename":"task_runner.py","lineno":1117}
{"timestamp":"2025-12-02T09:17:38.866840Z","level":"info","event":"Waiting for dag run to complete execution in allowed state.","dag_id":"dag_index","run_id":"manual__2025-12-02T09:00:03.121381+00:00","allowed_state":["success"],"logger":"task","filename":"task_runner.py","lineno":1117}
{"timestamp":"2025-12-02T09:18:41.281821Z","level":"info","event":"Waiting for dag run to complete execution in allowed state.","dag_id":"dag_index","run_id":"manual__2025-12-02T09:00:03.121381+00:00","allowed_state":["success"],"logger":"task","filename":"task_runner.py","lineno":1117}
{"timestamp":"2025-12-03T01:16:08.991713Z","level":"info","event":"DAG bundles loaded: dags-folder","logger":"airflow.dag_processing.bundles.manager.DagBundlesManager","filename":"manager.py","lineno":179}
{"timestamp":"2025-12-03T01:16:08.992346Z","level":"info","event":"Filling up the DagBag from /opt/airflow/dags/dag_yfinance_main.py","logger":"airflow.models.dagbag.DagBag","filename":"dagbag.py","lineno":593}
{"timestamp":"2025-12-03T01:16:09.873939Z","level":"info","event":"Triggering Dag Run.","trigger_dag_id":"dag_index","logger":"task","filename":"task_runner.py","lineno":1060}
{"timestamp":"2025-12-03T01:16:09.890759Z","level":"info","event":"Dag Run triggered successfully.","trigger_dag_id":"dag_index","logger":"task","filename":"task_runner.py","lineno":1094}
{"timestamp":"2025-12-03T01:16:09.898515Z","level":"info","event":"Waiting for dag run to complete execution in allowed state.","dag_id":"dag_index","run_id":"manual__2025-12-03T01:16:09.873830+00:00","allowed_state":["success"],"logger":"task","filename":"task_runner.py","lineno":1117}
{"timestamp":"2025-12-03T01:17:09.905112Z","level":"info","event":"DagRun finished with allowed state.","dag_id":"dag_index","state":"success","logger":"task","filename":"task_runner.py","lineno":1142}
{"timestamp":"2025-12-04T07:48:17.098723Z","level":"info","event":"DAG bundles loaded: dags-folder","logger":"airflow.dag_processing.bundles.manager.DagBundlesManager","filename":"manager.py","lineno":179}
{"timestamp":"2025-12-04T07:48:17.099290Z","level":"info","event":"Filling up the DagBag from /opt/airflow/dags/dag_yfinance_main.py","logger":"airflow.models.dagbag.DagBag","filename":"dagbag.py","lineno":593}
{"timestamp":"2025-12-04T07:48:19.942690Z","level":"info","event":"Triggering Dag Run.","trigger_dag_id":"dag_index","logger":"task","filename":"task_runner.py","lineno":1060}
{"timestamp":"2025-12-04T07:48:19.977552Z","level":"info","event":"Dag Run triggered successfully.","trigger_dag_id":"dag_index","logger":"task","filename":"task_runner.py","lineno":1094}
{"timestamp":"2025-12-04T07:48:19.983394Z","level":"info","event":"Waiting for dag run to complete execution in allowed state.","dag_id":"dag_index","run_id":"manual__2025-12-04T07:48:19.942585+00:00","allowed_state":["success"],"logger":"task","filename":"task_runner.py","lineno":1117}
{"timestamp":"2025-12-04T07:49:20.003963Z","level":"error","event":"DagRun finished with failed state.","dag_id":"dag_index","state":"failed","logger":"task","filename":"task_runner.py","lineno":1131}
