{"timestamp":"2025-12-02T09:00:02.231430Z","level":"info","event":"DAG bundles loaded: dags-folder","logger":"airflow.dag_processing.bundles.manager.DagBundlesManager","filename":"manager.py","lineno":179}
{"timestamp":"2025-12-02T09:00:02.233192Z","level":"info","event":"Filling up the DagBag from /opt/airflow/dags/dag_yfinance_main.py","logger":"airflow.models.dagbag.DagBag","filename":"dagbag.py","lineno":593}
{"timestamp":"2025-12-02T09:00:03.473267Z","level":"info","event":"Triggering Dag Run.","trigger_dag_id":"dag_stock","logger":"task","filename":"task_runner.py","lineno":1060}
{"timestamp":"2025-12-02T09:00:03.481047Z","level":"info","event":"Dag Run triggered successfully.","trigger_dag_id":"dag_stock","logger":"task","filename":"task_runner.py","lineno":1094}
{"timestamp":"2025-12-02T09:00:03.485051Z","level":"info","event":"Waiting for dag run to complete execution in allowed state.","dag_id":"dag_stock","run_id":"manual__2025-12-02T09:00:03.473207+00:00","allowed_state":["success"],"logger":"task","filename":"task_runner.py","lineno":1117}
{"timestamp":"2025-12-02T09:01:03.494164Z","level":"info","event":"Waiting for dag run to complete execution in allowed state.","dag_id":"dag_stock","run_id":"manual__2025-12-02T09:00:03.473207+00:00","allowed_state":["success"],"logger":"task","filename":"task_runner.py","lineno":1117}
{"timestamp":"2025-12-02T09:02:03.502594Z","level":"info","event":"Waiting for dag run to complete execution in allowed state.","dag_id":"dag_stock","run_id":"manual__2025-12-02T09:00:03.473207+00:00","allowed_state":["success"],"logger":"task","filename":"task_runner.py","lineno":1117}
{"timestamp":"2025-12-02T09:03:03.522571Z","level":"info","event":"Waiting for dag run to complete execution in allowed state.","dag_id":"dag_stock","run_id":"manual__2025-12-02T09:00:03.473207+00:00","allowed_state":["success"],"logger":"task","filename":"task_runner.py","lineno":1117}
{"timestamp":"2025-12-02T09:04:03.538858Z","level":"info","event":"Waiting for dag run to complete execution in allowed state.","dag_id":"dag_stock","run_id":"manual__2025-12-02T09:00:03.473207+00:00","allowed_state":["success"],"logger":"task","filename":"task_runner.py","lineno":1117}
{"timestamp":"2025-12-02T09:05:03.552253Z","level":"info","event":"Waiting for dag run to complete execution in allowed state.","dag_id":"dag_stock","run_id":"manual__2025-12-02T09:00:03.473207+00:00","allowed_state":["success"],"logger":"task","filename":"task_runner.py","lineno":1117}
{"timestamp":"2025-12-02T09:06:03.568073Z","level":"info","event":"Waiting for dag run to complete execution in allowed state.","dag_id":"dag_stock","run_id":"manual__2025-12-02T09:00:03.473207+00:00","allowed_state":["success"],"logger":"task","filename":"task_runner.py","lineno":1117}
{"timestamp":"2025-12-02T09:07:08.462689Z","level":"info","event":"Waiting for dag run to complete execution in allowed state.","dag_id":"dag_stock","run_id":"manual__2025-12-02T09:00:03.473207+00:00","allowed_state":["success"],"logger":"task","filename":"task_runner.py","lineno":1117}
{"timestamp":"2025-12-02T09:08:08.477639Z","level":"info","event":"Waiting for dag run to complete execution in allowed state.","dag_id":"dag_stock","run_id":"manual__2025-12-02T09:00:03.473207+00:00","allowed_state":["success"],"logger":"task","filename":"task_runner.py","lineno":1117}
{"timestamp":"2025-12-02T09:09:13.458969Z","level":"info","event":"Waiting for dag run to complete execution in allowed state.","dag_id":"dag_stock","run_id":"manual__2025-12-02T09:00:03.473207+00:00","allowed_state":["success"],"logger":"task","filename":"task_runner.py","lineno":1117}
{"timestamp":"2025-12-02T09:10:17.815024Z","level":"info","event":"Waiting for dag run to complete execution in allowed state.","dag_id":"dag_stock","run_id":"manual__2025-12-02T09:00:03.473207+00:00","allowed_state":["success"],"logger":"task","filename":"task_runner.py","lineno":1117}
{"timestamp":"2025-12-02T09:11:17.832674Z","level":"info","event":"Waiting for dag run to complete execution in allowed state.","dag_id":"dag_stock","run_id":"manual__2025-12-02T09:00:03.473207+00:00","allowed_state":["success"],"logger":"task","filename":"task_runner.py","lineno":1117}
{"timestamp":"2025-12-02T09:12:22.503041Z","level":"info","event":"Waiting for dag run to complete execution in allowed state.","dag_id":"dag_stock","run_id":"manual__2025-12-02T09:00:03.473207+00:00","allowed_state":["success"],"logger":"task","filename":"task_runner.py","lineno":1117}
{"timestamp":"2025-12-02T09:13:27.309702Z","level":"info","event":"Waiting for dag run to complete execution in allowed state.","dag_id":"dag_stock","run_id":"manual__2025-12-02T09:00:03.473207+00:00","allowed_state":["success"],"logger":"task","filename":"task_runner.py","lineno":1117}
{"timestamp":"2025-12-02T09:14:29.528532Z","level":"info","event":"Waiting for dag run to complete execution in allowed state.","dag_id":"dag_stock","run_id":"manual__2025-12-02T09:00:03.473207+00:00","allowed_state":["success"],"logger":"task","filename":"task_runner.py","lineno":1117}
{"timestamp":"2025-12-02T09:15:29.533169Z","level":"info","event":"Waiting for dag run to complete execution in allowed state.","dag_id":"dag_stock","run_id":"manual__2025-12-02T09:00:03.473207+00:00","allowed_state":["success"],"logger":"task","filename":"task_runner.py","lineno":1117}
{"timestamp":"2025-12-02T09:16:36.701912Z","level":"info","event":"Waiting for dag run to complete execution in allowed state.","dag_id":"dag_stock","run_id":"manual__2025-12-02T09:00:03.473207+00:00","allowed_state":["success"],"logger":"task","filename":"task_runner.py","lineno":1117}
{"timestamp":"2025-12-02T09:17:39.142057Z","level":"info","event":"Waiting for dag run to complete execution in allowed state.","dag_id":"dag_stock","run_id":"manual__2025-12-02T09:00:03.473207+00:00","allowed_state":["success"],"logger":"task","filename":"task_runner.py","lineno":1117}
{"timestamp":"2025-12-02T09:18:41.570230Z","level":"info","event":"Waiting for dag run to complete execution in allowed state.","dag_id":"dag_stock","run_id":"manual__2025-12-02T09:00:03.473207+00:00","allowed_state":["success"],"logger":"task","filename":"task_runner.py","lineno":1117}
{"timestamp":"2025-12-03T01:16:08.972008Z","level":"info","event":"DAG bundles loaded: dags-folder","logger":"airflow.dag_processing.bundles.manager.DagBundlesManager","filename":"manager.py","lineno":179}
{"timestamp":"2025-12-03T01:16:08.972517Z","level":"info","event":"Filling up the DagBag from /opt/airflow/dags/dag_yfinance_main.py","logger":"airflow.models.dagbag.DagBag","filename":"dagbag.py","lineno":593}
{"timestamp":"2025-12-03T01:16:09.930465Z","level":"info","event":"Triggering Dag Run.","trigger_dag_id":"dag_stock","logger":"task","filename":"task_runner.py","lineno":1060}
{"timestamp":"2025-12-03T01:16:09.939389Z","level":"info","event":"Dag Run triggered successfully.","trigger_dag_id":"dag_stock","logger":"task","filename":"task_runner.py","lineno":1094}
{"timestamp":"2025-12-03T01:16:09.943810Z","level":"info","event":"Waiting for dag run to complete execution in allowed state.","dag_id":"dag_stock","run_id":"manual__2025-12-03T01:16:09.930390+00:00","allowed_state":["success"],"logger":"task","filename":"task_runner.py","lineno":1117}
{"timestamp":"2025-12-03T01:17:09.953333Z","level":"info","event":"DagRun finished with allowed state.","dag_id":"dag_stock","state":"success","logger":"task","filename":"task_runner.py","lineno":1142}
