{"timestamp":"2025-12-03T01:25:50.258007Z","level":"info","event":"Filling up the DagBag from /opt/airflow/dags/dag_news_main.py","logger":"airflow.models.dagbag.DagBag","filename":"dagbag.py","lineno":593}
{"timestamp":"2025-12-03T01:26:21.288204Z","level":"info","event":"Filling up the DagBag from /opt/airflow/dags/dag_news_main.py","logger":"airflow.models.dagbag.DagBag","filename":"dagbag.py","lineno":593}
{"timestamp":"2025-12-03T01:26:52.384883Z","level":"info","event":"Filling up the DagBag from /opt/airflow/dags/dag_news_main.py","logger":"airflow.models.dagbag.DagBag","filename":"dagbag.py","lineno":593}
{"timestamp":"2025-12-03T01:27:23.406431Z","level":"info","event":"Filling up the DagBag from /opt/airflow/dags/dag_news_main.py","logger":"airflow.models.dagbag.DagBag","filename":"dagbag.py","lineno":593}
{"timestamp":"2025-12-03T01:27:54.527548Z","level":"info","event":"Filling up the DagBag from /opt/airflow/dags/dag_news_main.py","logger":"airflow.models.dagbag.DagBag","filename":"dagbag.py","lineno":593}
{"timestamp":"2025-12-03T01:28:25.534550Z","level":"info","event":"Filling up the DagBag from /opt/airflow/dags/dag_news_main.py","logger":"airflow.models.dagbag.DagBag","filename":"dagbag.py","lineno":593}
{"timestamp":"2025-12-03T01:28:56.648825Z","level":"info","event":"Filling up the DagBag from /opt/airflow/dags/dag_news_main.py","logger":"airflow.models.dagbag.DagBag","filename":"dagbag.py","lineno":593}
{"timestamp":"2025-12-03T01:29:27.679977Z","level":"info","event":"Filling up the DagBag from /opt/airflow/dags/dag_news_main.py","logger":"airflow.models.dagbag.DagBag","filename":"dagbag.py","lineno":593}
{"timestamp":"2025-12-03T01:29:58.938312Z","level":"info","event":"Filling up the DagBag from /opt/airflow/dags/dag_news_main.py","logger":"airflow.models.dagbag.DagBag","filename":"dagbag.py","lineno":593}
{"timestamp":"2025-12-03T01:30:30.071382Z","level":"info","event":"Filling up the DagBag from /opt/airflow/dags/dag_news_main.py","logger":"airflow.models.dagbag.DagBag","filename":"dagbag.py","lineno":593}
{"timestamp":"2025-12-03T01:31:01.239084Z","level":"info","event":"Filling up the DagBag from /opt/airflow/dags/dag_news_main.py","logger":"airflow.models.dagbag.DagBag","filename":"dagbag.py","lineno":593}
{"timestamp":"2025-12-03T01:31:28.274852Z","level":"info","event":"Filling up the DagBag from /opt/airflow/dags/dag_news_main.py","logger":"airflow.models.dagbag.DagBag","filename":"dagbag.py","lineno":593}
{"timestamp":"2025-12-03T01:31:28.582966Z","level":"error","event":"Failed to import: /opt/airflow/dags/dag_news_main.py","logger":"airflow.models.dagbag.DagBag","filename":"dagbag.py","lineno":415,"error_detail":[{"exc_type":"KeyError","exc_value":"'NAVER_API_KEY'","exc_notes":[],"syntax_error":null,"is_cause":false,"frames":[{"filename":"/home/airflow/.local/lib/python3.12/site-packages/airflow/models/dagbag.py","lineno":405,"name":"parse"},{"filename":"<frozen importlib._bootstrap_external>","lineno":999,"name":"exec_module"},{"filename":"<frozen importlib._bootstrap>","lineno":488,"name":"_call_with_frames_removed"},{"filename":"/opt/airflow/dags/dag_news_main.py","lineno":35,"name":"<module>"},{"filename":"<frozen os>","lineno":714,"name":"__getitem__"}],"is_group":false,"exceptions":[]}]}
{"timestamp":"2025-12-03T01:31:59.425045Z","level":"info","event":"Filling up the DagBag from /opt/airflow/dags/dag_news_main.py","logger":"airflow.models.dagbag.DagBag","filename":"dagbag.py","lineno":593}
{"timestamp":"2025-12-03T01:31:59.746428Z","level":"error","event":"Failed to import: /opt/airflow/dags/dag_news_main.py","logger":"airflow.models.dagbag.DagBag","filename":"dagbag.py","lineno":415,"error_detail":[{"exc_type":"KeyError","exc_value":"'NAVER_API_KEY'","exc_notes":[],"syntax_error":null,"is_cause":false,"frames":[{"filename":"/home/airflow/.local/lib/python3.12/site-packages/airflow/models/dagbag.py","lineno":405,"name":"parse"},{"filename":"<frozen importlib._bootstrap_external>","lineno":999,"name":"exec_module"},{"filename":"<frozen importlib._bootstrap>","lineno":488,"name":"_call_with_frames_removed"},{"filename":"/opt/airflow/dags/dag_news_main.py","lineno":35,"name":"<module>"},{"filename":"<frozen os>","lineno":714,"name":"__getitem__"}],"is_group":false,"exceptions":[]}]}
{"timestamp":"2025-12-03T01:32:30.368078Z","level":"info","event":"Filling up the DagBag from /opt/airflow/dags/dag_news_main.py","logger":"airflow.models.dagbag.DagBag","filename":"dagbag.py","lineno":593}
{"timestamp":"2025-12-03T01:32:30.676616Z","level":"error","event":"Failed to import: /opt/airflow/dags/dag_news_main.py","logger":"airflow.models.dagbag.DagBag","filename":"dagbag.py","lineno":415,"error_detail":[{"exc_type":"KeyError","exc_value":"'NAVER_API_KEY'","exc_notes":[],"syntax_error":null,"is_cause":false,"frames":[{"filename":"/home/airflow/.local/lib/python3.12/site-packages/airflow/models/dagbag.py","lineno":405,"name":"parse"},{"filename":"<frozen importlib._bootstrap_external>","lineno":999,"name":"exec_module"},{"filename":"<frozen importlib._bootstrap>","lineno":488,"name":"_call_with_frames_removed"},{"filename":"/opt/airflow/dags/dag_news_main.py","lineno":35,"name":"<module>"},{"filename":"<frozen os>","lineno":714,"name":"__getitem__"}],"is_group":false,"exceptions":[]}]}
{"timestamp":"2025-12-03T01:33:01.209542Z","level":"info","event":"Filling up the DagBag from /opt/airflow/dags/dag_news_main.py","logger":"airflow.models.dagbag.DagBag","filename":"dagbag.py","lineno":593}
{"timestamp":"2025-12-03T01:33:01.508821Z","level":"error","event":"Failed to import: /opt/airflow/dags/dag_news_main.py","logger":"airflow.models.dagbag.DagBag","filename":"dagbag.py","lineno":415,"error_detail":[{"exc_type":"KeyError","exc_value":"'NAVER_API_KEY'","exc_notes":[],"syntax_error":null,"is_cause":false,"frames":[{"filename":"/home/airflow/.local/lib/python3.12/site-packages/airflow/models/dagbag.py","lineno":405,"name":"parse"},{"filename":"<frozen importlib._bootstrap_external>","lineno":999,"name":"exec_module"},{"filename":"<frozen importlib._bootstrap>","lineno":488,"name":"_call_with_frames_removed"},{"filename":"/opt/airflow/dags/dag_news_main.py","lineno":35,"name":"<module>"},{"filename":"<frozen os>","lineno":714,"name":"__getitem__"}],"is_group":false,"exceptions":[]}]}
{"timestamp":"2025-12-03T01:33:32.016254Z","level":"info","event":"Filling up the DagBag from /opt/airflow/dags/dag_news_main.py","logger":"airflow.models.dagbag.DagBag","filename":"dagbag.py","lineno":593}
{"timestamp":"2025-12-03T01:33:32.387332Z","level":"error","event":"Failed to import: /opt/airflow/dags/dag_news_main.py","logger":"airflow.models.dagbag.DagBag","filename":"dagbag.py","lineno":415,"error_detail":[{"exc_type":"KeyError","exc_value":"'NAVER_API_KEY'","exc_notes":[],"syntax_error":null,"is_cause":false,"frames":[{"filename":"/home/airflow/.local/lib/python3.12/site-packages/airflow/models/dagbag.py","lineno":405,"name":"parse"},{"filename":"<frozen importlib._bootstrap_external>","lineno":999,"name":"exec_module"},{"filename":"<frozen importlib._bootstrap>","lineno":488,"name":"_call_with_frames_removed"},{"filename":"/opt/airflow/dags/dag_news_main.py","lineno":35,"name":"<module>"},{"filename":"<frozen os>","lineno":714,"name":"__getitem__"}],"is_group":false,"exceptions":[]}]}
{"timestamp":"2025-12-03T01:34:03.014571Z","level":"info","event":"Filling up the DagBag from /opt/airflow/dags/dag_news_main.py","logger":"airflow.models.dagbag.DagBag","filename":"dagbag.py","lineno":593}
{"timestamp":"2025-12-03T01:34:03.342188Z","level":"error","event":"Failed to import: /opt/airflow/dags/dag_news_main.py","logger":"airflow.models.dagbag.DagBag","filename":"dagbag.py","lineno":415,"error_detail":[{"exc_type":"KeyError","exc_value":"'NAVER_API_KEY'","exc_notes":[],"syntax_error":null,"is_cause":false,"frames":[{"filename":"/home/airflow/.local/lib/python3.12/site-packages/airflow/models/dagbag.py","lineno":405,"name":"parse"},{"filename":"<frozen importlib._bootstrap_external>","lineno":999,"name":"exec_module"},{"filename":"<frozen importlib._bootstrap>","lineno":488,"name":"_call_with_frames_removed"},{"filename":"/opt/airflow/dags/dag_news_main.py","lineno":35,"name":"<module>"},{"filename":"<frozen os>","lineno":714,"name":"__getitem__"}],"is_group":false,"exceptions":[]}]}
{"timestamp":"2025-12-03T01:34:33.932489Z","level":"info","event":"Filling up the DagBag from /opt/airflow/dags/dag_news_main.py","logger":"airflow.models.dagbag.DagBag","filename":"dagbag.py","lineno":593}
{"timestamp":"2025-12-03T01:34:34.239478Z","level":"error","event":"Failed to import: /opt/airflow/dags/dag_news_main.py","logger":"airflow.models.dagbag.DagBag","filename":"dagbag.py","lineno":415,"error_detail":[{"exc_type":"KeyError","exc_value":"'NAVER_API_KEY'","exc_notes":[],"syntax_error":null,"is_cause":false,"frames":[{"filename":"/home/airflow/.local/lib/python3.12/site-packages/airflow/models/dagbag.py","lineno":405,"name":"parse"},{"filename":"<frozen importlib._bootstrap_external>","lineno":999,"name":"exec_module"},{"filename":"<frozen importlib._bootstrap>","lineno":488,"name":"_call_with_frames_removed"},{"filename":"/opt/airflow/dags/dag_news_main.py","lineno":35,"name":"<module>"},{"filename":"<frozen os>","lineno":714,"name":"__getitem__"}],"is_group":false,"exceptions":[]}]}
{"timestamp":"2025-12-03T01:35:04.793088Z","level":"info","event":"Filling up the DagBag from /opt/airflow/dags/dag_news_main.py","logger":"airflow.models.dagbag.DagBag","filename":"dagbag.py","lineno":593}
{"timestamp":"2025-12-03T01:35:05.120845Z","level":"error","event":"Failed to import: /opt/airflow/dags/dag_news_main.py","logger":"airflow.models.dagbag.DagBag","filename":"dagbag.py","lineno":415,"error_detail":[{"exc_type":"KeyError","exc_value":"'NAVER_API_KEY'","exc_notes":[],"syntax_error":null,"is_cause":false,"frames":[{"filename":"/home/airflow/.local/lib/python3.12/site-packages/airflow/models/dagbag.py","lineno":405,"name":"parse"},{"filename":"<frozen importlib._bootstrap_external>","lineno":999,"name":"exec_module"},{"filename":"<frozen importlib._bootstrap>","lineno":488,"name":"_call_with_frames_removed"},{"filename":"/opt/airflow/dags/dag_news_main.py","lineno":35,"name":"<module>"},{"filename":"<frozen os>","lineno":714,"name":"__getitem__"}],"is_group":false,"exceptions":[]}]}
{"timestamp":"2025-12-03T01:35:35.823712Z","level":"info","event":"Filling up the DagBag from /opt/airflow/dags/dag_news_main.py","logger":"airflow.models.dagbag.DagBag","filename":"dagbag.py","lineno":593}
{"timestamp":"2025-12-03T01:35:36.127300Z","level":"error","event":"Failed to import: /opt/airflow/dags/dag_news_main.py","logger":"airflow.models.dagbag.DagBag","filename":"dagbag.py","lineno":415,"error_detail":[{"exc_type":"KeyError","exc_value":"'NAVER_API_KEY'","exc_notes":[],"syntax_error":null,"is_cause":false,"frames":[{"filename":"/home/airflow/.local/lib/python3.12/site-packages/airflow/models/dagbag.py","lineno":405,"name":"parse"},{"filename":"<frozen importlib._bootstrap_external>","lineno":999,"name":"exec_module"},{"filename":"<frozen importlib._bootstrap>","lineno":488,"name":"_call_with_frames_removed"},{"filename":"/opt/airflow/dags/dag_news_main.py","lineno":35,"name":"<module>"},{"filename":"<frozen os>","lineno":714,"name":"__getitem__"}],"is_group":false,"exceptions":[]}]}
{"timestamp":"2025-12-03T01:35:49.283207Z","level":"info","event":"Filling up the DagBag from /opt/airflow/dags/dag_news_main.py","logger":"airflow.models.dagbag.DagBag","filename":"dagbag.py","lineno":593}
{"timestamp":"2025-12-03T01:35:50.737358Z","level":"error","event":"Failed to import: /opt/airflow/dags/dag_news_main.py","logger":"airflow.models.dagbag.DagBag","filename":"dagbag.py","lineno":415,"error_detail":[{"exc_type":"KeyError","exc_value":"'NAVER_API_KEY'","exc_notes":[],"syntax_error":null,"is_cause":false,"frames":[{"filename":"/home/airflow/.local/lib/python3.12/site-packages/airflow/models/dagbag.py","lineno":405,"name":"parse"},{"filename":"<frozen importlib._bootstrap_external>","lineno":999,"name":"exec_module"},{"filename":"<frozen importlib._bootstrap>","lineno":488,"name":"_call_with_frames_removed"},{"filename":"/opt/airflow/dags/dag_news_main.py","lineno":39,"name":"<module>"},{"filename":"<frozen os>","lineno":714,"name":"__getitem__"}],"is_group":false,"exceptions":[]}]}
{"timestamp":"2025-12-03T01:36:18.796377Z","level":"info","event":"Filling up the DagBag from /opt/airflow/dags/dag_news_main.py","logger":"airflow.models.dagbag.DagBag","filename":"dagbag.py","lineno":593}
{"timestamp":"2025-12-03T01:36:25.184824Z","level":"info","event":"Filling up the DagBag from /opt/airflow/dags/dag_news_main.py","logger":"airflow.models.dagbag.DagBag","filename":"dagbag.py","lineno":593}
{"timestamp":"2025-12-03T01:36:56.374368Z","level":"info","event":"Filling up the DagBag from /opt/airflow/dags/dag_news_main.py","logger":"airflow.models.dagbag.DagBag","filename":"dagbag.py","lineno":593}
{"timestamp":"2025-12-03T01:37:27.518093Z","level":"info","event":"Filling up the DagBag from /opt/airflow/dags/dag_news_main.py","logger":"airflow.models.dagbag.DagBag","filename":"dagbag.py","lineno":593}
{"timestamp":"2025-12-03T01:37:58.834492Z","level":"info","event":"Filling up the DagBag from /opt/airflow/dags/dag_news_main.py","logger":"airflow.models.dagbag.DagBag","filename":"dagbag.py","lineno":593}
{"timestamp":"2025-12-03T01:38:04.372510Z","level":"info","event":"Filling up the DagBag from /opt/airflow/dags/dag_news_main.py","logger":"airflow.models.dagbag.DagBag","filename":"dagbag.py","lineno":593}
{"timestamp":"2025-12-03T01:38:35.527146Z","level":"info","event":"Filling up the DagBag from /opt/airflow/dags/dag_news_main.py","logger":"airflow.models.dagbag.DagBag","filename":"dagbag.py","lineno":593}
{"timestamp":"2025-12-03T01:38:38.989813Z","level":"info","event":"Filling up the DagBag from /opt/airflow/dags/dag_news_main.py","logger":"airflow.models.dagbag.DagBag","filename":"dagbag.py","lineno":593}
{"timestamp":"2025-12-03T01:39:10.101536Z","level":"info","event":"Filling up the DagBag from /opt/airflow/dags/dag_news_main.py","logger":"airflow.models.dagbag.DagBag","filename":"dagbag.py","lineno":593}
{"timestamp":"2025-12-03T01:39:25.678176Z","level":"info","event":"Filling up the DagBag from /opt/airflow/dags/dag_news_main.py","logger":"airflow.models.dagbag.DagBag","filename":"dagbag.py","lineno":593}
{"timestamp":"2025-12-03T01:39:56.725358Z","level":"info","event":"Filling up the DagBag from /opt/airflow/dags/dag_news_main.py","logger":"airflow.models.dagbag.DagBag","filename":"dagbag.py","lineno":593}
{"timestamp":"2025-12-03T01:40:27.854236Z","level":"info","event":"Filling up the DagBag from /opt/airflow/dags/dag_news_main.py","logger":"airflow.models.dagbag.DagBag","filename":"dagbag.py","lineno":593}
{"timestamp":"2025-12-03T01:40:58.898906Z","level":"info","event":"Filling up the DagBag from /opt/airflow/dags/dag_news_main.py","logger":"airflow.models.dagbag.DagBag","filename":"dagbag.py","lineno":593}
{"timestamp":"2025-12-03T01:41:30.007117Z","level":"info","event":"Filling up the DagBag from /opt/airflow/dags/dag_news_main.py","logger":"airflow.models.dagbag.DagBag","filename":"dagbag.py","lineno":593}
{"timestamp":"2025-12-03T01:42:01.138812Z","level":"info","event":"Filling up the DagBag from /opt/airflow/dags/dag_news_main.py","logger":"airflow.models.dagbag.DagBag","filename":"dagbag.py","lineno":593}
{"timestamp":"2025-12-03T01:42:32.178691Z","level":"info","event":"Filling up the DagBag from /opt/airflow/dags/dag_news_main.py","logger":"airflow.models.dagbag.DagBag","filename":"dagbag.py","lineno":593}
{"timestamp":"2025-12-03T01:43:03.207015Z","level":"info","event":"Filling up the DagBag from /opt/airflow/dags/dag_news_main.py","logger":"airflow.models.dagbag.DagBag","filename":"dagbag.py","lineno":593}
{"timestamp":"2025-12-03T01:43:34.275390Z","level":"info","event":"Filling up the DagBag from /opt/airflow/dags/dag_news_main.py","logger":"airflow.models.dagbag.DagBag","filename":"dagbag.py","lineno":593}
{"timestamp":"2025-12-03T01:44:05.353302Z","level":"info","event":"Filling up the DagBag from /opt/airflow/dags/dag_news_main.py","logger":"airflow.models.dagbag.DagBag","filename":"dagbag.py","lineno":593}
{"timestamp":"2025-12-03T01:44:36.490390Z","level":"info","event":"Filling up the DagBag from /opt/airflow/dags/dag_news_main.py","logger":"airflow.models.dagbag.DagBag","filename":"dagbag.py","lineno":593}
{"timestamp":"2025-12-03T01:45:07.619413Z","level":"info","event":"Filling up the DagBag from /opt/airflow/dags/dag_news_main.py","logger":"airflow.models.dagbag.DagBag","filename":"dagbag.py","lineno":593}
{"timestamp":"2025-12-03T01:45:38.670943Z","level":"info","event":"Filling up the DagBag from /opt/airflow/dags/dag_news_main.py","logger":"airflow.models.dagbag.DagBag","filename":"dagbag.py","lineno":593}
{"timestamp":"2025-12-03T01:46:09.710723Z","level":"info","event":"Filling up the DagBag from /opt/airflow/dags/dag_news_main.py","logger":"airflow.models.dagbag.DagBag","filename":"dagbag.py","lineno":593}
{"timestamp":"2025-12-03T01:46:40.762106Z","level":"info","event":"Filling up the DagBag from /opt/airflow/dags/dag_news_main.py","logger":"airflow.models.dagbag.DagBag","filename":"dagbag.py","lineno":593}
{"timestamp":"2025-12-03T01:47:11.754422Z","level":"info","event":"Filling up the DagBag from /opt/airflow/dags/dag_news_main.py","logger":"airflow.models.dagbag.DagBag","filename":"dagbag.py","lineno":593}
{"timestamp":"2025-12-03T01:47:42.783188Z","level":"info","event":"Filling up the DagBag from /opt/airflow/dags/dag_news_main.py","logger":"airflow.models.dagbag.DagBag","filename":"dagbag.py","lineno":593}
{"timestamp":"2025-12-03T01:48:13.829987Z","level":"info","event":"Filling up the DagBag from /opt/airflow/dags/dag_news_main.py","logger":"airflow.models.dagbag.DagBag","filename":"dagbag.py","lineno":593}
{"timestamp":"2025-12-03T01:48:44.974366Z","level":"info","event":"Filling up the DagBag from /opt/airflow/dags/dag_news_main.py","logger":"airflow.models.dagbag.DagBag","filename":"dagbag.py","lineno":593}
{"timestamp":"2025-12-03T01:49:16.038767Z","level":"info","event":"Filling up the DagBag from /opt/airflow/dags/dag_news_main.py","logger":"airflow.models.dagbag.DagBag","filename":"dagbag.py","lineno":593}
{"timestamp":"2025-12-03T01:49:47.109009Z","level":"info","event":"Filling up the DagBag from /opt/airflow/dags/dag_news_main.py","logger":"airflow.models.dagbag.DagBag","filename":"dagbag.py","lineno":593}
{"timestamp":"2025-12-03T01:50:18.149441Z","level":"info","event":"Filling up the DagBag from /opt/airflow/dags/dag_news_main.py","logger":"airflow.models.dagbag.DagBag","filename":"dagbag.py","lineno":593}
{"timestamp":"2025-12-03T01:50:49.327176Z","level":"info","event":"Filling up the DagBag from /opt/airflow/dags/dag_news_main.py","logger":"airflow.models.dagbag.DagBag","filename":"dagbag.py","lineno":593}
{"timestamp":"2025-12-03T01:51:20.364684Z","level":"info","event":"Filling up the DagBag from /opt/airflow/dags/dag_news_main.py","logger":"airflow.models.dagbag.DagBag","filename":"dagbag.py","lineno":593}
{"timestamp":"2025-12-03T01:51:51.615316Z","level":"info","event":"Filling up the DagBag from /opt/airflow/dags/dag_news_main.py","logger":"airflow.models.dagbag.DagBag","filename":"dagbag.py","lineno":593}
{"timestamp":"2025-12-03T01:52:22.682248Z","level":"info","event":"Filling up the DagBag from /opt/airflow/dags/dag_news_main.py","logger":"airflow.models.dagbag.DagBag","filename":"dagbag.py","lineno":593}
{"timestamp":"2025-12-03T01:52:53.767150Z","level":"info","event":"Filling up the DagBag from /opt/airflow/dags/dag_news_main.py","logger":"airflow.models.dagbag.DagBag","filename":"dagbag.py","lineno":593}
{"timestamp":"2025-12-03T01:53:24.915701Z","level":"info","event":"Filling up the DagBag from /opt/airflow/dags/dag_news_main.py","logger":"airflow.models.dagbag.DagBag","filename":"dagbag.py","lineno":593}
{"timestamp":"2025-12-03T01:53:56.122509Z","level":"info","event":"Filling up the DagBag from /opt/airflow/dags/dag_news_main.py","logger":"airflow.models.dagbag.DagBag","filename":"dagbag.py","lineno":593}
{"timestamp":"2025-12-03T01:54:27.340003Z","level":"info","event":"Filling up the DagBag from /opt/airflow/dags/dag_news_main.py","logger":"airflow.models.dagbag.DagBag","filename":"dagbag.py","lineno":593}
{"timestamp":"2025-12-03T01:54:58.436004Z","level":"info","event":"Filling up the DagBag from /opt/airflow/dags/dag_news_main.py","logger":"airflow.models.dagbag.DagBag","filename":"dagbag.py","lineno":593}
{"timestamp":"2025-12-03T01:55:23.427947Z","level":"info","event":"Filling up the DagBag from /opt/airflow/dags/dag_news_main.py","logger":"airflow.models.dagbag.DagBag","filename":"dagbag.py","lineno":593}
{"timestamp":"2025-12-03T01:55:23.829811Z","level":"info","event":"[QueryLoader] Loading JSON from: /opt/airflow/query/exchange_info.json","logger":"task.stdout"}
{"timestamp":"2025-12-03T01:55:54.508765Z","level":"info","event":"Filling up the DagBag from /opt/airflow/dags/dag_news_main.py","logger":"airflow.models.dagbag.DagBag","filename":"dagbag.py","lineno":593}
{"timestamp":"2025-12-03T01:55:55.013635Z","level":"info","event":"[QueryLoader] Loading JSON from: /opt/airflow/query/exchange_info.json","logger":"task.stdout"}
{"timestamp":"2025-12-03T01:56:25.980806Z","level":"info","event":"Filling up the DagBag from /opt/airflow/dags/dag_news_main.py","logger":"airflow.models.dagbag.DagBag","filename":"dagbag.py","lineno":593}
{"timestamp":"2025-12-03T01:56:26.362333Z","level":"info","event":"[QueryLoader] Loading JSON from: /opt/airflow/query/exchange_info.json","logger":"task.stdout"}
{"timestamp":"2025-12-03T01:56:57.189812Z","level":"info","event":"Filling up the DagBag from /opt/airflow/dags/dag_news_main.py","logger":"airflow.models.dagbag.DagBag","filename":"dagbag.py","lineno":593}
{"timestamp":"2025-12-03T01:56:57.566338Z","level":"info","event":"[QueryLoader] Loading JSON from: /opt/airflow/query/exchange_info.json","logger":"task.stdout"}
{"timestamp":"2025-12-03T01:57:28.481365Z","level":"info","event":"Filling up the DagBag from /opt/airflow/dags/dag_news_main.py","logger":"airflow.models.dagbag.DagBag","filename":"dagbag.py","lineno":593}
{"timestamp":"2025-12-03T01:57:28.898451Z","level":"info","event":"[QueryLoader] Loading JSON from: /opt/airflow/query/exchange_info.json","logger":"task.stdout"}
{"timestamp":"2025-12-03T01:57:43.420092Z","level":"info","event":"Filling up the DagBag from /opt/airflow/dags/dag_news_main.py","logger":"airflow.models.dagbag.DagBag","filename":"dagbag.py","lineno":593}
{"timestamp":"2025-12-03T01:57:43.918766Z","level":"info","event":"[QueryLoader] Loading JSON from: /opt/airflow/query/company_info.json","logger":"task.stdout"}
{"timestamp":"2025-12-03T01:57:43.919645Z","level":"error","event":"Failed to import: /opt/airflow/dags/dag_news_main.py","logger":"airflow.models.dagbag.DagBag","filename":"dagbag.py","lineno":415,"error_detail":[{"exc_type":"KeyError","exc_value":"\"Query id 'ticker_info' not found in company_info.json\"","exc_notes":[],"syntax_error":null,"is_cause":false,"frames":[{"filename":"/home/airflow/.local/lib/python3.12/site-packages/airflow/models/dagbag.py","lineno":405,"name":"parse"},{"filename":"<frozen importlib._bootstrap_external>","lineno":999,"name":"exec_module"},{"filename":"<frozen importlib._bootstrap>","lineno":488,"name":"_call_with_frames_removed"},{"filename":"/opt/airflow/dags/dag_news_main.py","lineno":80,"name":"<module>"},{"filename":"/opt/airflow/plugins/utils/query_loader.py","lineno":40,"name":"getQueryString"}],"is_group":false,"exceptions":[]}]}
{"timestamp":"2025-12-03T01:58:14.605279Z","level":"info","event":"Filling up the DagBag from /opt/airflow/dags/dag_news_main.py","logger":"airflow.models.dagbag.DagBag","filename":"dagbag.py","lineno":593}
{"timestamp":"2025-12-03T01:58:15.052248Z","level":"info","event":"[QueryLoader] Loading JSON from: /opt/airflow/query/company_info.json","logger":"task.stdout"}
{"timestamp":"2025-12-03T01:58:15.053201Z","level":"error","event":"Failed to import: /opt/airflow/dags/dag_news_main.py","logger":"airflow.models.dagbag.DagBag","filename":"dagbag.py","lineno":415,"error_detail":[{"exc_type":"KeyError","exc_value":"\"Query id 'ticker_info' not found in company_info.json\"","exc_notes":[],"syntax_error":null,"is_cause":false,"frames":[{"filename":"/home/airflow/.local/lib/python3.12/site-packages/airflow/models/dagbag.py","lineno":405,"name":"parse"},{"filename":"<frozen importlib._bootstrap_external>","lineno":999,"name":"exec_module"},{"filename":"<frozen importlib._bootstrap>","lineno":488,"name":"_call_with_frames_removed"},{"filename":"/opt/airflow/dags/dag_news_main.py","lineno":80,"name":"<module>"},{"filename":"/opt/airflow/plugins/utils/query_loader.py","lineno":40,"name":"getQueryString"}],"is_group":false,"exceptions":[]}]}
{"timestamp":"2025-12-03T01:58:18.138993Z","level":"info","event":"Filling up the DagBag from /opt/airflow/dags/dag_news_main.py","logger":"airflow.models.dagbag.DagBag","filename":"dagbag.py","lineno":593}
{"timestamp":"2025-12-03T01:58:18.545855Z","level":"info","event":"[QueryLoader] Loading JSON from: /opt/airflow/query/company_info.json","logger":"task.stdout"}
{"timestamp":"2025-12-03T01:58:49.230217Z","level":"info","event":"Filling up the DagBag from /opt/airflow/dags/dag_news_main.py","logger":"airflow.models.dagbag.DagBag","filename":"dagbag.py","lineno":593}
{"timestamp":"2025-12-03T01:58:49.492272Z","level":"info","event":"[QueryLoader] Loading JSON from: /opt/airflow/query/company_info.json","logger":"task.stdout"}
{"timestamp":"2025-12-03T01:59:10.785927Z","level":"info","event":"Filling up the DagBag from /opt/airflow/dags/dag_news_main.py","logger":"airflow.models.dagbag.DagBag","filename":"dagbag.py","lineno":593}
{"timestamp":"2025-12-03T01:59:11.071409Z","level":"info","event":"[QueryLoader] Loading JSON from: /opt/airflow/query/company_info.json","logger":"task.stdout"}
{"timestamp":"2025-12-03T01:59:41.559359Z","level":"info","event":"Filling up the DagBag from /opt/airflow/dags/dag_news_main.py","logger":"airflow.models.dagbag.DagBag","filename":"dagbag.py","lineno":593}
{"timestamp":"2025-12-03T01:59:41.824672Z","level":"info","event":"[QueryLoader] Loading JSON from: /opt/airflow/query/company_info.json","logger":"task.stdout"}
{"timestamp":"2025-12-03T01:59:44.893483Z","level":"info","event":"Filling up the DagBag from /opt/airflow/dags/dag_news_main.py","logger":"airflow.models.dagbag.DagBag","filename":"dagbag.py","lineno":593}
{"timestamp":"2025-12-03T01:59:45.227801Z","level":"info","event":"[QueryLoader] Loading JSON from: /opt/airflow/query/company_info.json","logger":"task.stdout"}
{"timestamp":"2025-12-03T02:00:15.625924Z","level":"info","event":"Filling up the DagBag from /opt/airflow/dags/dag_news_main.py","logger":"airflow.models.dagbag.DagBag","filename":"dagbag.py","lineno":593}
{"timestamp":"2025-12-03T02:00:15.988684Z","level":"info","event":"[QueryLoader] Loading JSON from: /opt/airflow/query/company_info.json","logger":"task.stdout"}
{"timestamp":"2025-12-03T02:00:46.394533Z","level":"info","event":"Filling up the DagBag from /opt/airflow/dags/dag_news_main.py","logger":"airflow.models.dagbag.DagBag","filename":"dagbag.py","lineno":593}
{"timestamp":"2025-12-03T02:00:46.719028Z","level":"info","event":"[QueryLoader] Loading JSON from: /opt/airflow/query/company_info.json","logger":"task.stdout"}
{"timestamp":"2025-12-03T02:01:17.307772Z","level":"info","event":"Filling up the DagBag from /opt/airflow/dags/dag_news_main.py","logger":"airflow.models.dagbag.DagBag","filename":"dagbag.py","lineno":593}
{"timestamp":"2025-12-03T02:01:17.625818Z","level":"info","event":"[QueryLoader] Loading JSON from: /opt/airflow/query/company_info.json","logger":"task.stdout"}
{"timestamp":"2025-12-03T02:01:48.003372Z","level":"info","event":"Filling up the DagBag from /opt/airflow/dags/dag_news_main.py","logger":"airflow.models.dagbag.DagBag","filename":"dagbag.py","lineno":593}
{"timestamp":"2025-12-03T02:01:48.317096Z","level":"info","event":"[QueryLoader] Loading JSON from: /opt/airflow/query/company_info.json","logger":"task.stdout"}
{"timestamp":"2025-12-03T02:02:18.762446Z","level":"info","event":"Filling up the DagBag from /opt/airflow/dags/dag_news_main.py","logger":"airflow.models.dagbag.DagBag","filename":"dagbag.py","lineno":593}
{"timestamp":"2025-12-03T02:02:19.118968Z","level":"info","event":"[QueryLoader] Loading JSON from: /opt/airflow/query/company_info.json","logger":"task.stdout"}
{"timestamp":"2025-12-03T02:02:49.589187Z","level":"info","event":"Filling up the DagBag from /opt/airflow/dags/dag_news_main.py","logger":"airflow.models.dagbag.DagBag","filename":"dagbag.py","lineno":593}
{"timestamp":"2025-12-03T02:02:49.896259Z","level":"info","event":"[QueryLoader] Loading JSON from: /opt/airflow/query/company_info.json","logger":"task.stdout"}
{"timestamp":"2025-12-03T02:03:20.265372Z","level":"info","event":"Filling up the DagBag from /opt/airflow/dags/dag_news_main.py","logger":"airflow.models.dagbag.DagBag","filename":"dagbag.py","lineno":593}
{"timestamp":"2025-12-03T02:03:20.588550Z","level":"info","event":"[QueryLoader] Loading JSON from: /opt/airflow/query/company_info.json","logger":"task.stdout"}
{"timestamp":"2025-12-03T02:03:51.060764Z","level":"info","event":"Filling up the DagBag from /opt/airflow/dags/dag_news_main.py","logger":"airflow.models.dagbag.DagBag","filename":"dagbag.py","lineno":593}
{"timestamp":"2025-12-03T02:03:51.406188Z","level":"info","event":"[QueryLoader] Loading JSON from: /opt/airflow/query/company_info.json","logger":"task.stdout"}
{"timestamp":"2025-12-03T02:04:21.842151Z","level":"info","event":"Filling up the DagBag from /opt/airflow/dags/dag_news_main.py","logger":"airflow.models.dagbag.DagBag","filename":"dagbag.py","lineno":593}
{"timestamp":"2025-12-03T02:04:22.180563Z","level":"info","event":"[QueryLoader] Loading JSON from: /opt/airflow/query/company_info.json","logger":"task.stdout"}
{"timestamp":"2025-12-03T02:04:52.618332Z","level":"info","event":"Filling up the DagBag from /opt/airflow/dags/dag_news_main.py","logger":"airflow.models.dagbag.DagBag","filename":"dagbag.py","lineno":593}
{"timestamp":"2025-12-03T02:04:52.957238Z","level":"info","event":"[QueryLoader] Loading JSON from: /opt/airflow/query/company_info.json","logger":"task.stdout"}
{"timestamp":"2025-12-03T02:05:23.376021Z","level":"info","event":"Filling up the DagBag from /opt/airflow/dags/dag_news_main.py","logger":"airflow.models.dagbag.DagBag","filename":"dagbag.py","lineno":593}
{"timestamp":"2025-12-03T02:05:23.685234Z","level":"info","event":"[QueryLoader] Loading JSON from: /opt/airflow/query/company_info.json","logger":"task.stdout"}
{"timestamp":"2025-12-03T02:05:30.853213Z","level":"info","event":"Filling up the DagBag from /opt/airflow/dags/dag_news_main.py","logger":"airflow.models.dagbag.DagBag","filename":"dagbag.py","lineno":593}
{"timestamp":"2025-12-03T02:05:31.142586Z","level":"info","event":"[QueryLoader] Loading JSON from: /opt/airflow/query/company_info.json","logger":"task.stdout"}
{"timestamp":"2025-12-03T02:06:01.687408Z","level":"info","event":"Filling up the DagBag from /opt/airflow/dags/dag_news_main.py","logger":"airflow.models.dagbag.DagBag","filename":"dagbag.py","lineno":593}
{"timestamp":"2025-12-03T02:06:01.952565Z","level":"info","event":"[QueryLoader] Loading JSON from: /opt/airflow/query/company_info.json","logger":"task.stdout"}
{"timestamp":"2025-12-03T02:06:32.529099Z","level":"info","event":"Filling up the DagBag from /opt/airflow/dags/dag_news_main.py","logger":"airflow.models.dagbag.DagBag","filename":"dagbag.py","lineno":593}
{"timestamp":"2025-12-03T02:06:32.782284Z","level":"info","event":"[QueryLoader] Loading JSON from: /opt/airflow/query/company_info.json","logger":"task.stdout"}
{"timestamp":"2025-12-03T02:07:03.167970Z","level":"info","event":"Filling up the DagBag from /opt/airflow/dags/dag_news_main.py","logger":"airflow.models.dagbag.DagBag","filename":"dagbag.py","lineno":593}
{"timestamp":"2025-12-03T02:07:03.426136Z","level":"info","event":"[QueryLoader] Loading JSON from: /opt/airflow/query/company_info.json","logger":"task.stdout"}
{"timestamp":"2025-12-03T02:07:14.572661Z","level":"info","event":"Filling up the DagBag from /opt/airflow/dags/dag_news_main.py","logger":"airflow.models.dagbag.DagBag","filename":"dagbag.py","lineno":593}
{"timestamp":"2025-12-03T02:07:14.865654Z","level":"info","event":"[QueryLoader] Loading JSON from: /opt/airflow/query/company_info.json","logger":"task.stdout"}
{"timestamp":"2025-12-03T02:07:39.166255Z","level":"info","event":"Filling up the DagBag from /opt/airflow/dags/dag_news_main.py","logger":"airflow.models.dagbag.DagBag","filename":"dagbag.py","lineno":593}
{"timestamp":"2025-12-03T02:07:39.429411Z","level":"info","event":"[QueryLoader] Loading JSON from: /opt/airflow/query/company_info.json","logger":"task.stdout"}
{"timestamp":"2025-12-03T02:08:09.830533Z","level":"info","event":"Filling up the DagBag from /opt/airflow/dags/dag_news_main.py","logger":"airflow.models.dagbag.DagBag","filename":"dagbag.py","lineno":593}
{"timestamp":"2025-12-03T02:08:10.078821Z","level":"info","event":"[QueryLoader] Loading JSON from: /opt/airflow/query/company_info.json","logger":"task.stdout"}
{"timestamp":"2025-12-03T02:08:40.510267Z","level":"info","event":"Filling up the DagBag from /opt/airflow/dags/dag_news_main.py","logger":"airflow.models.dagbag.DagBag","filename":"dagbag.py","lineno":593}
{"timestamp":"2025-12-03T02:08:40.771886Z","level":"info","event":"[QueryLoader] Loading JSON from: /opt/airflow/query/company_info.json","logger":"task.stdout"}
{"timestamp":"2025-12-03T02:08:46.880727Z","level":"info","event":"Filling up the DagBag from /opt/airflow/dags/dag_news_main.py","logger":"airflow.models.dagbag.DagBag","filename":"dagbag.py","lineno":593}
{"timestamp":"2025-12-03T02:08:47.166299Z","level":"info","event":"[QueryLoader] Loading JSON from: /opt/airflow/query/company_info.json","logger":"task.stdout"}
{"timestamp":"2025-12-03T02:09:17.578850Z","level":"info","event":"Filling up the DagBag from /opt/airflow/dags/dag_news_main.py","logger":"airflow.models.dagbag.DagBag","filename":"dagbag.py","lineno":593}
{"timestamp":"2025-12-03T02:09:17.899740Z","level":"info","event":"[QueryLoader] Loading JSON from: /opt/airflow/query/company_info.json","logger":"task.stdout"}
{"timestamp":"2025-12-03T02:09:46.316557Z","level":"info","event":"Filling up the DagBag from /opt/airflow/dags/dag_news_main.py","logger":"airflow.models.dagbag.DagBag","filename":"dagbag.py","lineno":593}
{"timestamp":"2025-12-03T02:09:46.579690Z","level":"info","event":"[QueryLoader] Loading JSON from: /opt/airflow/query/company_info.json","logger":"task.stdout"}
{"timestamp":"2025-12-03T02:10:17.068245Z","level":"info","event":"Filling up the DagBag from /opt/airflow/dags/dag_news_main.py","logger":"airflow.models.dagbag.DagBag","filename":"dagbag.py","lineno":593}
{"timestamp":"2025-12-03T02:10:17.354822Z","level":"info","event":"[QueryLoader] Loading JSON from: /opt/airflow/query/company_info.json","logger":"task.stdout"}
{"timestamp":"2025-12-03T02:10:47.799396Z","level":"info","event":"Filling up the DagBag from /opt/airflow/dags/dag_news_main.py","logger":"airflow.models.dagbag.DagBag","filename":"dagbag.py","lineno":593}
{"timestamp":"2025-12-03T02:10:48.065542Z","level":"info","event":"[QueryLoader] Loading JSON from: /opt/airflow/query/company_info.json","logger":"task.stdout"}
{"timestamp":"2025-12-03T02:11:18.469532Z","level":"info","event":"Filling up the DagBag from /opt/airflow/dags/dag_news_main.py","logger":"airflow.models.dagbag.DagBag","filename":"dagbag.py","lineno":593}
{"timestamp":"2025-12-03T02:11:18.744923Z","level":"info","event":"[QueryLoader] Loading JSON from: /opt/airflow/query/company_info.json","logger":"task.stdout"}
{"timestamp":"2025-12-03T02:11:22.812812Z","level":"info","event":"Filling up the DagBag from /opt/airflow/dags/dag_news_main.py","logger":"airflow.models.dagbag.DagBag","filename":"dagbag.py","lineno":593}
{"timestamp":"2025-12-03T02:11:23.095999Z","level":"info","event":"[QueryLoader] Loading JSON from: /opt/airflow/query/company_info.json","logger":"task.stdout"}
{"timestamp":"2025-12-03T02:11:53.479125Z","level":"info","event":"Filling up the DagBag from /opt/airflow/dags/dag_news_main.py","logger":"airflow.models.dagbag.DagBag","filename":"dagbag.py","lineno":593}
{"timestamp":"2025-12-03T02:11:53.729950Z","level":"info","event":"[QueryLoader] Loading JSON from: /opt/airflow/query/company_info.json","logger":"task.stdout"}
{"timestamp":"2025-12-03T02:12:24.251460Z","level":"info","event":"Filling up the DagBag from /opt/airflow/dags/dag_news_main.py","logger":"airflow.models.dagbag.DagBag","filename":"dagbag.py","lineno":593}
{"timestamp":"2025-12-03T02:12:24.532995Z","level":"info","event":"[QueryLoader] Loading JSON from: /opt/airflow/query/company_info.json","logger":"task.stdout"}
{"timestamp":"2025-12-03T02:12:54.927858Z","level":"info","event":"Filling up the DagBag from /opt/airflow/dags/dag_news_main.py","logger":"airflow.models.dagbag.DagBag","filename":"dagbag.py","lineno":593}
{"timestamp":"2025-12-03T02:12:55.195332Z","level":"info","event":"[QueryLoader] Loading JSON from: /opt/airflow/query/company_info.json","logger":"task.stdout"}
{"timestamp":"2025-12-03T02:13:25.636532Z","level":"info","event":"Filling up the DagBag from /opt/airflow/dags/dag_news_main.py","logger":"airflow.models.dagbag.DagBag","filename":"dagbag.py","lineno":593}
{"timestamp":"2025-12-03T02:13:25.897452Z","level":"info","event":"[QueryLoader] Loading JSON from: /opt/airflow/query/company_info.json","logger":"task.stdout"}
{"timestamp":"2025-12-03T02:13:26.941456Z","level":"info","event":"Filling up the DagBag from /opt/airflow/dags/dag_news_main.py","logger":"airflow.models.dagbag.DagBag","filename":"dagbag.py","lineno":593}
{"timestamp":"2025-12-03T02:13:26.948292Z","level":"error","event":"Failed to import: /opt/airflow/dags/dag_news_main.py","logger":"airflow.models.dagbag.DagBag","filename":"dagbag.py","lineno":415,"error_detail":[{"exc_type":"SyntaxError","exc_value":"invalid syntax. Perhaps you forgot a comma? (dag_news_main.py, line 148)","exc_notes":[],"syntax_error":{"offset":15,"filename":"/opt/airflow/dags/dag_news_main.py","line":"    op_kwargs={'naver_key': naver_key}\n","lineno":148,"msg":"invalid syntax. Perhaps you forgot a comma?"},"is_cause":false,"frames":[{"filename":"/home/airflow/.local/lib/python3.12/site-packages/airflow/models/dagbag.py","lineno":405,"name":"parse"},{"filename":"<frozen importlib._bootstrap_external>","lineno":995,"name":"exec_module"},{"filename":"<frozen importlib._bootstrap_external>","lineno":1133,"name":"get_code"},{"filename":"<frozen importlib._bootstrap_external>","lineno":1063,"name":"source_to_code"},{"filename":"<frozen importlib._bootstrap>","lineno":488,"name":"_call_with_frames_removed"}],"is_group":false,"exceptions":[]}]}
{"timestamp":"2025-12-03T02:13:57.310827Z","level":"info","event":"Filling up the DagBag from /opt/airflow/dags/dag_news_main.py","logger":"airflow.models.dagbag.DagBag","filename":"dagbag.py","lineno":593}
{"timestamp":"2025-12-03T02:13:57.318279Z","level":"error","event":"Failed to import: /opt/airflow/dags/dag_news_main.py","logger":"airflow.models.dagbag.DagBag","filename":"dagbag.py","lineno":415,"error_detail":[{"exc_type":"SyntaxError","exc_value":"invalid syntax. Perhaps you forgot a comma? (dag_news_main.py, line 148)","exc_notes":[],"syntax_error":{"offset":15,"filename":"/opt/airflow/dags/dag_news_main.py","line":"    op_kwargs={'naver_key': naver_key}\n","lineno":148,"msg":"invalid syntax. Perhaps you forgot a comma?"},"is_cause":false,"frames":[{"filename":"/home/airflow/.local/lib/python3.12/site-packages/airflow/models/dagbag.py","lineno":405,"name":"parse"},{"filename":"<frozen importlib._bootstrap_external>","lineno":995,"name":"exec_module"},{"filename":"<frozen importlib._bootstrap_external>","lineno":1133,"name":"get_code"},{"filename":"<frozen importlib._bootstrap_external>","lineno":1063,"name":"source_to_code"},{"filename":"<frozen importlib._bootstrap>","lineno":488,"name":"_call_with_frames_removed"}],"is_group":false,"exceptions":[]}]}
{"timestamp":"2025-12-03T02:14:27.780228Z","level":"info","event":"Filling up the DagBag from /opt/airflow/dags/dag_news_main.py","logger":"airflow.models.dagbag.DagBag","filename":"dagbag.py","lineno":593}
{"timestamp":"2025-12-03T02:14:28.070451Z","level":"info","event":"[QueryLoader] Loading JSON from: /opt/airflow/query/company_info.json","logger":"task.stdout"}
{"timestamp":"2025-12-03T02:14:58.526178Z","level":"info","event":"Filling up the DagBag from /opt/airflow/dags/dag_news_main.py","logger":"airflow.models.dagbag.DagBag","filename":"dagbag.py","lineno":593}
{"timestamp":"2025-12-03T02:14:58.825649Z","level":"info","event":"[QueryLoader] Loading JSON from: /opt/airflow/query/company_info.json","logger":"task.stdout"}
{"timestamp":"2025-12-03T02:15:22.149945Z","level":"info","event":"Filling up the DagBag from /opt/airflow/dags/dag_news_main.py","logger":"airflow.models.dagbag.DagBag","filename":"dagbag.py","lineno":593}
{"timestamp":"2025-12-03T02:15:22.450765Z","level":"info","event":"[QueryLoader] Loading JSON from: /opt/airflow/query/company_info.json","logger":"task.stdout"}
{"timestamp":"2025-12-03T02:15:52.841542Z","level":"info","event":"Filling up the DagBag from /opt/airflow/dags/dag_news_main.py","logger":"airflow.models.dagbag.DagBag","filename":"dagbag.py","lineno":593}
{"timestamp":"2025-12-03T02:15:53.224496Z","level":"info","event":"[QueryLoader] Loading JSON from: /opt/airflow/query/company_info.json","logger":"task.stdout"}
{"timestamp":"2025-12-03T02:16:11.071501Z","level":"info","event":"Filling up the DagBag from /opt/airflow/dags/dag_news_main.py","logger":"airflow.models.dagbag.DagBag","filename":"dagbag.py","lineno":593}
{"timestamp":"2025-12-03T02:16:11.412250Z","level":"info","event":"[QueryLoader] Loading JSON from: /opt/airflow/query/company_info.json","logger":"task.stdout"}
{"timestamp":"2025-12-03T02:16:41.825613Z","level":"info","event":"Filling up the DagBag from /opt/airflow/dags/dag_news_main.py","logger":"airflow.models.dagbag.DagBag","filename":"dagbag.py","lineno":593}
{"timestamp":"2025-12-03T02:16:42.162713Z","level":"info","event":"[QueryLoader] Loading JSON from: /opt/airflow/query/company_info.json","logger":"task.stdout"}
{"timestamp":"2025-12-03T02:17:12.719141Z","level":"info","event":"Filling up the DagBag from /opt/airflow/dags/dag_news_main.py","logger":"airflow.models.dagbag.DagBag","filename":"dagbag.py","lineno":593}
{"timestamp":"2025-12-03T02:17:13.050840Z","level":"info","event":"[QueryLoader] Loading JSON from: /opt/airflow/query/company_info.json","logger":"task.stdout"}
{"timestamp":"2025-12-03T02:17:16.677663Z","level":"info","event":"Filling up the DagBag from /opt/airflow/dags/dag_news_main.py","logger":"airflow.models.dagbag.DagBag","filename":"dagbag.py","lineno":593}
{"timestamp":"2025-12-03T02:17:16.951346Z","level":"info","event":"[QueryLoader] Loading JSON from: /opt/airflow/query/company_info.json","logger":"task.stdout"}
{"timestamp":"2025-12-03T02:17:33.123107Z","level":"info","event":"Filling up the DagBag from /opt/airflow/dags/dag_news_main.py","logger":"airflow.models.dagbag.DagBag","filename":"dagbag.py","lineno":593}
{"timestamp":"2025-12-03T02:17:33.386172Z","level":"info","event":"[QueryLoader] Loading JSON from: /opt/airflow/query/company_info.json","logger":"task.stdout"}
{"timestamp":"2025-12-03T02:18:03.937207Z","level":"info","event":"Filling up the DagBag from /opt/airflow/dags/dag_news_main.py","logger":"airflow.models.dagbag.DagBag","filename":"dagbag.py","lineno":593}
{"timestamp":"2025-12-03T02:18:04.212470Z","level":"info","event":"[QueryLoader] Loading JSON from: /opt/airflow/query/company_info.json","logger":"task.stdout"}
{"timestamp":"2025-12-03T02:18:34.571314Z","level":"info","event":"Filling up the DagBag from /opt/airflow/dags/dag_news_main.py","logger":"airflow.models.dagbag.DagBag","filename":"dagbag.py","lineno":593}
{"timestamp":"2025-12-03T02:18:35.066081Z","level":"info","event":"[QueryLoader] Loading JSON from: /opt/airflow/query/company_info.json","logger":"task.stdout"}
{"timestamp":"2025-12-03T02:19:05.584599Z","level":"info","event":"Filling up the DagBag from /opt/airflow/dags/dag_news_main.py","logger":"airflow.models.dagbag.DagBag","filename":"dagbag.py","lineno":593}
{"timestamp":"2025-12-03T02:19:05.917343Z","level":"info","event":"[QueryLoader] Loading JSON from: /opt/airflow/query/company_info.json","logger":"task.stdout"}
{"timestamp":"2025-12-03T02:19:24.783292Z","level":"info","event":"Filling up the DagBag from /opt/airflow/dags/dag_news_main.py","logger":"airflow.models.dagbag.DagBag","filename":"dagbag.py","lineno":593}
{"timestamp":"2025-12-03T02:19:25.216759Z","level":"info","event":"[QueryLoader] Loading JSON from: /opt/airflow/query/company_info.json","logger":"task.stdout"}
{"timestamp":"2025-12-03T02:19:55.604397Z","level":"info","event":"Filling up the DagBag from /opt/airflow/dags/dag_news_main.py","logger":"airflow.models.dagbag.DagBag","filename":"dagbag.py","lineno":593}
{"timestamp":"2025-12-03T02:19:55.917706Z","level":"info","event":"[QueryLoader] Loading JSON from: /opt/airflow/query/company_info.json","logger":"task.stdout"}
{"timestamp":"2025-12-03T02:20:26.329931Z","level":"info","event":"Filling up the DagBag from /opt/airflow/dags/dag_news_main.py","logger":"airflow.models.dagbag.DagBag","filename":"dagbag.py","lineno":593}
{"timestamp":"2025-12-03T02:20:26.645948Z","level":"info","event":"[QueryLoader] Loading JSON from: /opt/airflow/query/company_info.json","logger":"task.stdout"}
{"timestamp":"2025-12-03T02:20:57.277076Z","level":"info","event":"Filling up the DagBag from /opt/airflow/dags/dag_news_main.py","logger":"airflow.models.dagbag.DagBag","filename":"dagbag.py","lineno":593}
{"timestamp":"2025-12-03T02:20:57.522320Z","level":"info","event":"[QueryLoader] Loading JSON from: /opt/airflow/query/company_info.json","logger":"task.stdout"}
{"timestamp":"2025-12-03T02:21:27.968005Z","level":"info","event":"Filling up the DagBag from /opt/airflow/dags/dag_news_main.py","logger":"airflow.models.dagbag.DagBag","filename":"dagbag.py","lineno":593}
{"timestamp":"2025-12-03T02:21:28.233122Z","level":"info","event":"[QueryLoader] Loading JSON from: /opt/airflow/query/company_info.json","logger":"task.stdout"}
{"timestamp":"2025-12-03T02:21:58.555449Z","level":"info","event":"Filling up the DagBag from /opt/airflow/dags/dag_news_main.py","logger":"airflow.models.dagbag.DagBag","filename":"dagbag.py","lineno":593}
{"timestamp":"2025-12-03T02:21:58.808609Z","level":"info","event":"[QueryLoader] Loading JSON from: /opt/airflow/query/company_info.json","logger":"task.stdout"}
{"timestamp":"2025-12-03T02:22:29.176498Z","level":"info","event":"Filling up the DagBag from /opt/airflow/dags/dag_news_main.py","logger":"airflow.models.dagbag.DagBag","filename":"dagbag.py","lineno":593}
{"timestamp":"2025-12-03T02:22:29.438846Z","level":"info","event":"[QueryLoader] Loading JSON from: /opt/airflow/query/company_info.json","logger":"task.stdout"}
{"timestamp":"2025-12-03T02:22:59.844561Z","level":"info","event":"Filling up the DagBag from /opt/airflow/dags/dag_news_main.py","logger":"airflow.models.dagbag.DagBag","filename":"dagbag.py","lineno":593}
{"timestamp":"2025-12-03T02:23:00.106252Z","level":"info","event":"[QueryLoader] Loading JSON from: /opt/airflow/query/company_info.json","logger":"task.stdout"}
{"timestamp":"2025-12-03T02:23:31.051065Z","level":"info","event":"Filling up the DagBag from /opt/airflow/dags/dag_news_main.py","logger":"airflow.models.dagbag.DagBag","filename":"dagbag.py","lineno":593}
{"timestamp":"2025-12-03T02:23:31.318328Z","level":"info","event":"[QueryLoader] Loading JSON from: /opt/airflow/query/company_info.json","logger":"task.stdout"}
{"timestamp":"2025-12-03T02:24:02.097148Z","level":"info","event":"Filling up the DagBag from /opt/airflow/dags/dag_news_main.py","logger":"airflow.models.dagbag.DagBag","filename":"dagbag.py","lineno":593}
{"timestamp":"2025-12-03T02:24:02.360743Z","level":"info","event":"[QueryLoader] Loading JSON from: /opt/airflow/query/company_info.json","logger":"task.stdout"}
{"timestamp":"2025-12-03T02:24:33.137571Z","level":"info","event":"Filling up the DagBag from /opt/airflow/dags/dag_news_main.py","logger":"airflow.models.dagbag.DagBag","filename":"dagbag.py","lineno":593}
{"timestamp":"2025-12-03T02:24:33.388707Z","level":"info","event":"[QueryLoader] Loading JSON from: /opt/airflow/query/company_info.json","logger":"task.stdout"}
{"timestamp":"2025-12-03T02:25:03.999459Z","level":"info","event":"Filling up the DagBag from /opt/airflow/dags/dag_news_main.py","logger":"airflow.models.dagbag.DagBag","filename":"dagbag.py","lineno":593}
{"timestamp":"2025-12-03T02:25:04.255607Z","level":"info","event":"[QueryLoader] Loading JSON from: /opt/airflow/query/company_info.json","logger":"task.stdout"}
{"timestamp":"2025-12-03T02:25:35.000384Z","level":"info","event":"Filling up the DagBag from /opt/airflow/dags/dag_news_main.py","logger":"airflow.models.dagbag.DagBag","filename":"dagbag.py","lineno":593}
{"timestamp":"2025-12-03T02:25:35.251160Z","level":"info","event":"[QueryLoader] Loading JSON from: /opt/airflow/query/company_info.json","logger":"task.stdout"}
{"timestamp":"2025-12-03T02:26:05.965442Z","level":"info","event":"Filling up the DagBag from /opt/airflow/dags/dag_news_main.py","logger":"airflow.models.dagbag.DagBag","filename":"dagbag.py","lineno":593}
{"timestamp":"2025-12-03T02:26:06.228192Z","level":"info","event":"[QueryLoader] Loading JSON from: /opt/airflow/query/company_info.json","logger":"task.stdout"}
{"timestamp":"2025-12-03T02:26:37.037757Z","level":"info","event":"Filling up the DagBag from /opt/airflow/dags/dag_news_main.py","logger":"airflow.models.dagbag.DagBag","filename":"dagbag.py","lineno":593}
{"timestamp":"2025-12-03T02:26:37.293552Z","level":"info","event":"[QueryLoader] Loading JSON from: /opt/airflow/query/company_info.json","logger":"task.stdout"}
{"timestamp":"2025-12-03T02:27:08.035750Z","level":"info","event":"Filling up the DagBag from /opt/airflow/dags/dag_news_main.py","logger":"airflow.models.dagbag.DagBag","filename":"dagbag.py","lineno":593}
{"timestamp":"2025-12-03T02:27:08.313762Z","level":"info","event":"[QueryLoader] Loading JSON from: /opt/airflow/query/company_info.json","logger":"task.stdout"}
{"timestamp":"2025-12-03T02:27:39.137195Z","level":"info","event":"Filling up the DagBag from /opt/airflow/dags/dag_news_main.py","logger":"airflow.models.dagbag.DagBag","filename":"dagbag.py","lineno":593}
{"timestamp":"2025-12-03T02:27:39.454063Z","level":"info","event":"[QueryLoader] Loading JSON from: /opt/airflow/query/company_info.json","logger":"task.stdout"}
{"timestamp":"2025-12-03T02:27:55.679554Z","level":"info","event":"Filling up the DagBag from /opt/airflow/dags/dag_news_main.py","logger":"airflow.models.dagbag.DagBag","filename":"dagbag.py","lineno":593}
{"timestamp":"2025-12-03T02:27:55.962632Z","level":"info","event":"[QueryLoader] Loading JSON from: /opt/airflow/query/company_info.json","logger":"task.stdout"}
{"timestamp":"2025-12-03T02:28:01.044493Z","level":"info","event":"Filling up the DagBag from /opt/airflow/dags/dag_news_main.py","logger":"airflow.models.dagbag.DagBag","filename":"dagbag.py","lineno":593}
{"timestamp":"2025-12-03T02:28:01.330884Z","level":"info","event":"[QueryLoader] Loading JSON from: /opt/airflow/query/company_info.json","logger":"task.stdout"}
{"timestamp":"2025-12-03T02:28:03.848306Z","level":"info","event":"Filling up the DagBag from /opt/airflow/dags/dag_news_main.py","logger":"airflow.models.dagbag.DagBag","filename":"dagbag.py","lineno":593}
{"timestamp":"2025-12-03T02:28:04.105914Z","level":"info","event":"[QueryLoader] Loading JSON from: /opt/airflow/query/company_info.json","logger":"task.stdout"}
{"timestamp":"2025-12-03T02:28:35.128476Z","level":"info","event":"Filling up the DagBag from /opt/airflow/dags/dag_news_main.py","logger":"airflow.models.dagbag.DagBag","filename":"dagbag.py","lineno":593}
{"timestamp":"2025-12-03T02:28:35.366536Z","level":"info","event":"[QueryLoader] Loading JSON from: /opt/airflow/query/company_info.json","logger":"task.stdout"}
{"timestamp":"2025-12-03T02:29:06.160829Z","level":"info","event":"Filling up the DagBag from /opt/airflow/dags/dag_news_main.py","logger":"airflow.models.dagbag.DagBag","filename":"dagbag.py","lineno":593}
{"timestamp":"2025-12-03T02:29:06.396266Z","level":"info","event":"[QueryLoader] Loading JSON from: /opt/airflow/query/company_info.json","logger":"task.stdout"}
{"timestamp":"2025-12-03T02:29:36.886091Z","level":"info","event":"Filling up the DagBag from /opt/airflow/dags/dag_news_main.py","logger":"airflow.models.dagbag.DagBag","filename":"dagbag.py","lineno":593}
{"timestamp":"2025-12-03T02:29:37.125278Z","level":"info","event":"[QueryLoader] Loading JSON from: /opt/airflow/query/company_info.json","logger":"task.stdout"}
{"timestamp":"2025-12-03T02:30:07.875963Z","level":"info","event":"Filling up the DagBag from /opt/airflow/dags/dag_news_main.py","logger":"airflow.models.dagbag.DagBag","filename":"dagbag.py","lineno":593}
{"timestamp":"2025-12-03T02:30:08.113292Z","level":"info","event":"[QueryLoader] Loading JSON from: /opt/airflow/query/company_info.json","logger":"task.stdout"}
{"timestamp":"2025-12-03T02:30:39.028989Z","level":"info","event":"Filling up the DagBag from /opt/airflow/dags/dag_news_main.py","logger":"airflow.models.dagbag.DagBag","filename":"dagbag.py","lineno":593}
{"timestamp":"2025-12-03T02:30:39.259091Z","level":"info","event":"[QueryLoader] Loading JSON from: /opt/airflow/query/company_info.json","logger":"task.stdout"}
{"timestamp":"2025-12-03T02:31:09.980642Z","level":"info","event":"Filling up the DagBag from /opt/airflow/dags/dag_news_main.py","logger":"airflow.models.dagbag.DagBag","filename":"dagbag.py","lineno":593}
{"timestamp":"2025-12-03T02:31:10.231695Z","level":"info","event":"[QueryLoader] Loading JSON from: /opt/airflow/query/company_info.json","logger":"task.stdout"}
{"timestamp":"2025-12-03T02:31:41.123893Z","level":"info","event":"Filling up the DagBag from /opt/airflow/dags/dag_news_main.py","logger":"airflow.models.dagbag.DagBag","filename":"dagbag.py","lineno":593}
{"timestamp":"2025-12-03T02:31:41.366397Z","level":"info","event":"[QueryLoader] Loading JSON from: /opt/airflow/query/company_info.json","logger":"task.stdout"}
{"timestamp":"2025-12-03T02:32:12.359282Z","level":"info","event":"Filling up the DagBag from /opt/airflow/dags/dag_news_main.py","logger":"airflow.models.dagbag.DagBag","filename":"dagbag.py","lineno":593}
{"timestamp":"2025-12-03T02:32:12.603024Z","level":"info","event":"[QueryLoader] Loading JSON from: /opt/airflow/query/company_info.json","logger":"task.stdout"}
{"timestamp":"2025-12-03T02:32:43.369463Z","level":"info","event":"Filling up the DagBag from /opt/airflow/dags/dag_news_main.py","logger":"airflow.models.dagbag.DagBag","filename":"dagbag.py","lineno":593}
{"timestamp":"2025-12-03T02:32:43.606827Z","level":"info","event":"[QueryLoader] Loading JSON from: /opt/airflow/query/company_info.json","logger":"task.stdout"}
{"timestamp":"2025-12-03T02:33:14.332258Z","level":"info","event":"Filling up the DagBag from /opt/airflow/dags/dag_news_main.py","logger":"airflow.models.dagbag.DagBag","filename":"dagbag.py","lineno":593}
{"timestamp":"2025-12-03T02:33:14.572407Z","level":"info","event":"[QueryLoader] Loading JSON from: /opt/airflow/query/company_info.json","logger":"task.stdout"}
{"timestamp":"2025-12-03T02:33:45.477179Z","level":"info","event":"Filling up the DagBag from /opt/airflow/dags/dag_news_main.py","logger":"airflow.models.dagbag.DagBag","filename":"dagbag.py","lineno":593}
{"timestamp":"2025-12-03T02:33:45.713453Z","level":"info","event":"[QueryLoader] Loading JSON from: /opt/airflow/query/company_info.json","logger":"task.stdout"}
{"timestamp":"2025-12-03T02:34:16.520170Z","level":"info","event":"Filling up the DagBag from /opt/airflow/dags/dag_news_main.py","logger":"airflow.models.dagbag.DagBag","filename":"dagbag.py","lineno":593}
{"timestamp":"2025-12-03T02:34:16.765378Z","level":"info","event":"[QueryLoader] Loading JSON from: /opt/airflow/query/company_info.json","logger":"task.stdout"}
{"timestamp":"2025-12-03T02:34:47.609174Z","level":"info","event":"Filling up the DagBag from /opt/airflow/dags/dag_news_main.py","logger":"airflow.models.dagbag.DagBag","filename":"dagbag.py","lineno":593}
{"timestamp":"2025-12-03T02:34:47.905027Z","level":"info","event":"[QueryLoader] Loading JSON from: /opt/airflow/query/company_info.json","logger":"task.stdout"}
{"timestamp":"2025-12-03T02:35:18.590903Z","level":"info","event":"Filling up the DagBag from /opt/airflow/dags/dag_news_main.py","logger":"airflow.models.dagbag.DagBag","filename":"dagbag.py","lineno":593}
{"timestamp":"2025-12-03T02:35:18.879454Z","level":"info","event":"[QueryLoader] Loading JSON from: /opt/airflow/query/company_info.json","logger":"task.stdout"}
{"timestamp":"2025-12-03T02:35:49.637248Z","level":"info","event":"Filling up the DagBag from /opt/airflow/dags/dag_news_main.py","logger":"airflow.models.dagbag.DagBag","filename":"dagbag.py","lineno":593}
{"timestamp":"2025-12-03T02:35:49.939810Z","level":"info","event":"[QueryLoader] Loading JSON from: /opt/airflow/query/company_info.json","logger":"task.stdout"}
{"timestamp":"2025-12-03T02:36:20.721909Z","level":"info","event":"Filling up the DagBag from /opt/airflow/dags/dag_news_main.py","logger":"airflow.models.dagbag.DagBag","filename":"dagbag.py","lineno":593}
{"timestamp":"2025-12-03T02:36:20.959388Z","level":"info","event":"[QueryLoader] Loading JSON from: /opt/airflow/query/company_info.json","logger":"task.stdout"}
{"timestamp":"2025-12-03T02:36:51.723353Z","level":"info","event":"Filling up the DagBag from /opt/airflow/dags/dag_news_main.py","logger":"airflow.models.dagbag.DagBag","filename":"dagbag.py","lineno":593}
{"timestamp":"2025-12-03T02:36:51.958163Z","level":"info","event":"[QueryLoader] Loading JSON from: /opt/airflow/query/company_info.json","logger":"task.stdout"}
{"timestamp":"2025-12-03T02:37:22.660689Z","level":"info","event":"Filling up the DagBag from /opt/airflow/dags/dag_news_main.py","logger":"airflow.models.dagbag.DagBag","filename":"dagbag.py","lineno":593}
{"timestamp":"2025-12-03T02:37:22.900894Z","level":"info","event":"[QueryLoader] Loading JSON from: /opt/airflow/query/company_info.json","logger":"task.stdout"}
{"timestamp":"2025-12-03T02:37:53.645740Z","level":"info","event":"Filling up the DagBag from /opt/airflow/dags/dag_news_main.py","logger":"airflow.models.dagbag.DagBag","filename":"dagbag.py","lineno":593}
{"timestamp":"2025-12-03T02:37:53.878639Z","level":"info","event":"[QueryLoader] Loading JSON from: /opt/airflow/query/company_info.json","logger":"task.stdout"}
{"timestamp":"2025-12-03T02:38:24.577504Z","level":"info","event":"Filling up the DagBag from /opt/airflow/dags/dag_news_main.py","logger":"airflow.models.dagbag.DagBag","filename":"dagbag.py","lineno":593}
{"timestamp":"2025-12-03T02:38:24.813625Z","level":"info","event":"[QueryLoader] Loading JSON from: /opt/airflow/query/company_info.json","logger":"task.stdout"}
{"timestamp":"2025-12-03T02:38:55.609804Z","level":"info","event":"Filling up the DagBag from /opt/airflow/dags/dag_news_main.py","logger":"airflow.models.dagbag.DagBag","filename":"dagbag.py","lineno":593}
{"timestamp":"2025-12-03T02:38:55.874852Z","level":"info","event":"[QueryLoader] Loading JSON from: /opt/airflow/query/company_info.json","logger":"task.stdout"}
{"timestamp":"2025-12-03T02:39:26.639409Z","level":"info","event":"Filling up the DagBag from /opt/airflow/dags/dag_news_main.py","logger":"airflow.models.dagbag.DagBag","filename":"dagbag.py","lineno":593}
{"timestamp":"2025-12-03T02:39:26.884322Z","level":"info","event":"[QueryLoader] Loading JSON from: /opt/airflow/query/company_info.json","logger":"task.stdout"}
{"timestamp":"2025-12-03T02:56:26.537871Z","level":"info","event":"Filling up the DagBag from /opt/airflow/dags/dag_news_main.py","logger":"airflow.models.dagbag.DagBag","filename":"dagbag.py","lineno":593}
{"timestamp":"2025-12-03T02:56:26.858010Z","level":"info","event":"[QueryLoader] Loading JSON from: /opt/airflow/query/company_info.json","logger":"task.stdout"}
{"timestamp":"2025-12-03T02:56:57.590547Z","level":"info","event":"Filling up the DagBag from /opt/airflow/dags/dag_news_main.py","logger":"airflow.models.dagbag.DagBag","filename":"dagbag.py","lineno":593}
{"timestamp":"2025-12-03T02:56:57.877509Z","level":"info","event":"[QueryLoader] Loading JSON from: /opt/airflow/query/company_info.json","logger":"task.stdout"}
{"timestamp":"2025-12-03T02:57:28.617995Z","level":"info","event":"Filling up the DagBag from /opt/airflow/dags/dag_news_main.py","logger":"airflow.models.dagbag.DagBag","filename":"dagbag.py","lineno":593}
{"timestamp":"2025-12-03T02:57:28.916311Z","level":"info","event":"[QueryLoader] Loading JSON from: /opt/airflow/query/company_info.json","logger":"task.stdout"}
{"timestamp":"2025-12-03T03:13:31.569816Z","level":"info","event":"Filling up the DagBag from /opt/airflow/dags/dag_news_main.py","logger":"airflow.models.dagbag.DagBag","filename":"dagbag.py","lineno":593}
{"timestamp":"2025-12-03T03:13:31.881515Z","level":"info","event":"[QueryLoader] Loading JSON from: /opt/airflow/query/company_info.json","logger":"task.stdout"}
{"timestamp":"2025-12-03T03:14:02.616920Z","level":"info","event":"Filling up the DagBag from /opt/airflow/dags/dag_news_main.py","logger":"airflow.models.dagbag.DagBag","filename":"dagbag.py","lineno":593}
{"timestamp":"2025-12-03T03:14:02.904799Z","level":"info","event":"[QueryLoader] Loading JSON from: /opt/airflow/query/company_info.json","logger":"task.stdout"}
{"timestamp":"2025-12-03T03:29:37.918004Z","level":"info","event":"Filling up the DagBag from /opt/airflow/dags/dag_news_main.py","logger":"airflow.models.dagbag.DagBag","filename":"dagbag.py","lineno":593}
{"timestamp":"2025-12-03T03:29:38.227026Z","level":"info","event":"[QueryLoader] Loading JSON from: /opt/airflow/query/company_info.json","logger":"task.stdout"}
{"timestamp":"2025-12-03T03:30:09.023902Z","level":"info","event":"Filling up the DagBag from /opt/airflow/dags/dag_news_main.py","logger":"airflow.models.dagbag.DagBag","filename":"dagbag.py","lineno":593}
{"timestamp":"2025-12-03T03:30:09.335418Z","level":"info","event":"[QueryLoader] Loading JSON from: /opt/airflow/query/company_info.json","logger":"task.stdout"}
{"timestamp":"2025-12-03T03:46:02.578112Z","level":"info","event":"Filling up the DagBag from /opt/airflow/dags/dag_news_main.py","logger":"airflow.models.dagbag.DagBag","filename":"dagbag.py","lineno":593}
{"timestamp":"2025-12-03T03:46:02.883643Z","level":"info","event":"[QueryLoader] Loading JSON from: /opt/airflow/query/company_info.json","logger":"task.stdout"}
{"timestamp":"2025-12-03T03:46:33.658994Z","level":"info","event":"Filling up the DagBag from /opt/airflow/dags/dag_news_main.py","logger":"airflow.models.dagbag.DagBag","filename":"dagbag.py","lineno":593}
{"timestamp":"2025-12-03T03:46:33.943552Z","level":"info","event":"[QueryLoader] Loading JSON from: /opt/airflow/query/company_info.json","logger":"task.stdout"}
{"timestamp":"2025-12-03T04:03:11.341474Z","level":"info","event":"Filling up the DagBag from /opt/airflow/dags/dag_news_main.py","logger":"airflow.models.dagbag.DagBag","filename":"dagbag.py","lineno":593}
{"timestamp":"2025-12-03T04:03:11.644838Z","level":"info","event":"[QueryLoader] Loading JSON from: /opt/airflow/query/company_info.json","logger":"task.stdout"}
{"timestamp":"2025-12-03T04:03:42.324430Z","level":"info","event":"Filling up the DagBag from /opt/airflow/dags/dag_news_main.py","logger":"airflow.models.dagbag.DagBag","filename":"dagbag.py","lineno":593}
{"timestamp":"2025-12-03T04:03:42.620561Z","level":"info","event":"[QueryLoader] Loading JSON from: /opt/airflow/query/company_info.json","logger":"task.stdout"}
{"timestamp":"2025-12-03T04:04:13.552033Z","level":"info","event":"Filling up the DagBag from /opt/airflow/dags/dag_news_main.py","logger":"airflow.models.dagbag.DagBag","filename":"dagbag.py","lineno":593}
{"timestamp":"2025-12-03T04:04:13.887272Z","level":"info","event":"[QueryLoader] Loading JSON from: /opt/airflow/query/company_info.json","logger":"task.stdout"}
{"timestamp":"2025-12-03T04:04:44.604763Z","level":"info","event":"Filling up the DagBag from /opt/airflow/dags/dag_news_main.py","logger":"airflow.models.dagbag.DagBag","filename":"dagbag.py","lineno":593}
{"timestamp":"2025-12-03T04:04:44.911866Z","level":"info","event":"[QueryLoader] Loading JSON from: /opt/airflow/query/company_info.json","logger":"task.stdout"}
{"timestamp":"2025-12-03T04:05:15.594410Z","level":"info","event":"Filling up the DagBag from /opt/airflow/dags/dag_news_main.py","logger":"airflow.models.dagbag.DagBag","filename":"dagbag.py","lineno":593}
{"timestamp":"2025-12-03T04:05:15.913362Z","level":"info","event":"[QueryLoader] Loading JSON from: /opt/airflow/query/company_info.json","logger":"task.stdout"}
{"timestamp":"2025-12-03T04:05:46.576668Z","level":"info","event":"Filling up the DagBag from /opt/airflow/dags/dag_news_main.py","logger":"airflow.models.dagbag.DagBag","filename":"dagbag.py","lineno":593}
{"timestamp":"2025-12-03T04:05:46.874340Z","level":"info","event":"[QueryLoader] Loading JSON from: /opt/airflow/query/company_info.json","logger":"task.stdout"}
{"timestamp":"2025-12-03T04:06:17.730527Z","level":"info","event":"Filling up the DagBag from /opt/airflow/dags/dag_news_main.py","logger":"airflow.models.dagbag.DagBag","filename":"dagbag.py","lineno":593}
{"timestamp":"2025-12-03T04:06:18.022709Z","level":"info","event":"[QueryLoader] Loading JSON from: /opt/airflow/query/company_info.json","logger":"task.stdout"}
{"timestamp":"2025-12-03T04:06:48.707077Z","level":"info","event":"Filling up the DagBag from /opt/airflow/dags/dag_news_main.py","logger":"airflow.models.dagbag.DagBag","filename":"dagbag.py","lineno":593}
{"timestamp":"2025-12-03T04:06:49.012238Z","level":"info","event":"[QueryLoader] Loading JSON from: /opt/airflow/query/company_info.json","logger":"task.stdout"}
{"timestamp":"2025-12-03T04:07:19.721631Z","level":"info","event":"Filling up the DagBag from /opt/airflow/dags/dag_news_main.py","logger":"airflow.models.dagbag.DagBag","filename":"dagbag.py","lineno":593}
{"timestamp":"2025-12-03T04:07:20.019730Z","level":"info","event":"[QueryLoader] Loading JSON from: /opt/airflow/query/company_info.json","logger":"task.stdout"}
{"timestamp":"2025-12-03T04:07:50.661414Z","level":"info","event":"Filling up the DagBag from /opt/airflow/dags/dag_news_main.py","logger":"airflow.models.dagbag.DagBag","filename":"dagbag.py","lineno":593}
{"timestamp":"2025-12-03T04:07:50.953683Z","level":"info","event":"[QueryLoader] Loading JSON from: /opt/airflow/query/company_info.json","logger":"task.stdout"}
{"timestamp":"2025-12-03T04:08:00.445461Z","level":"info","event":"Filling up the DagBag from /opt/airflow/dags/dag_news_main.py","logger":"airflow.models.dagbag.DagBag","filename":"dagbag.py","lineno":593}
{"timestamp":"2025-12-03T04:08:00.701105Z","level":"info","event":"[QueryLoader] Loading JSON from: /opt/airflow/query/company_info.json","logger":"task.stdout"}
{"timestamp":"2025-12-03T04:08:00.703130Z","level":"error","event":"Failed to import: /opt/airflow/dags/dag_news_main.py","logger":"airflow.models.dagbag.DagBag","filename":"dagbag.py","lineno":415,"error_detail":[{"exc_type":"KeyError","exc_value":"\"Query id 'insert_stock' not found in company_info.json\"","exc_notes":[],"syntax_error":null,"is_cause":false,"frames":[{"filename":"/home/airflow/.local/lib/python3.12/site-packages/airflow/models/dagbag.py","lineno":405,"name":"parse"},{"filename":"<frozen importlib._bootstrap_external>","lineno":999,"name":"exec_module"},{"filename":"<frozen importlib._bootstrap>","lineno":488,"name":"_call_with_frames_removed"},{"filename":"/opt/airflow/dags/dag_news_main.py","lineno":165,"name":"<module>"},{"filename":"/opt/airflow/plugins/utils/query_loader.py","lineno":40,"name":"getQueryString"}],"is_group":false,"exceptions":[]}]}
{"timestamp":"2025-12-03T04:08:22.645275Z","level":"info","event":"Filling up the DagBag from /opt/airflow/dags/dag_news_main.py","logger":"airflow.models.dagbag.DagBag","filename":"dagbag.py","lineno":593}
{"timestamp":"2025-12-03T04:08:22.978915Z","level":"info","event":"[QueryLoader] Loading JSON from: /opt/airflow/query/company_info.json","logger":"task.stdout"}
{"timestamp":"2025-12-03T04:08:22.983049Z","level":"error","event":"Failed to import: /opt/airflow/dags/dag_news_main.py","logger":"airflow.models.dagbag.DagBag","filename":"dagbag.py","lineno":415,"error_detail":[{"exc_type":"KeyError","exc_value":"\"Query id 'insert_stock' not found in company_info.json\"","exc_notes":[],"syntax_error":null,"is_cause":false,"frames":[{"filename":"/home/airflow/.local/lib/python3.12/site-packages/airflow/models/dagbag.py","lineno":405,"name":"parse"},{"filename":"<frozen importlib._bootstrap_external>","lineno":999,"name":"exec_module"},{"filename":"<frozen importlib._bootstrap>","lineno":488,"name":"_call_with_frames_removed"},{"filename":"/opt/airflow/dags/dag_news_main.py","lineno":165,"name":"<module>"},{"filename":"/opt/airflow/plugins/utils/query_loader.py","lineno":40,"name":"getQueryString"}],"is_group":false,"exceptions":[]}]}
{"timestamp":"2025-12-03T04:08:53.695937Z","level":"info","event":"Filling up the DagBag from /opt/airflow/dags/dag_news_main.py","logger":"airflow.models.dagbag.DagBag","filename":"dagbag.py","lineno":593}
{"timestamp":"2025-12-03T04:08:54.008517Z","level":"info","event":"[QueryLoader] Loading JSON from: /opt/airflow/query/company_info.json","logger":"task.stdout"}
{"timestamp":"2025-12-03T04:08:54.009937Z","level":"error","event":"Failed to import: /opt/airflow/dags/dag_news_main.py","logger":"airflow.models.dagbag.DagBag","filename":"dagbag.py","lineno":415,"error_detail":[{"exc_type":"KeyError","exc_value":"\"Query id 'insert_stock' not found in company_info.json\"","exc_notes":[],"syntax_error":null,"is_cause":false,"frames":[{"filename":"/home/airflow/.local/lib/python3.12/site-packages/airflow/models/dagbag.py","lineno":405,"name":"parse"},{"filename":"<frozen importlib._bootstrap_external>","lineno":999,"name":"exec_module"},{"filename":"<frozen importlib._bootstrap>","lineno":488,"name":"_call_with_frames_removed"},{"filename":"/opt/airflow/dags/dag_news_main.py","lineno":165,"name":"<module>"},{"filename":"/opt/airflow/plugins/utils/query_loader.py","lineno":40,"name":"getQueryString"}],"is_group":false,"exceptions":[]}]}
{"timestamp":"2025-12-03T04:09:24.691003Z","level":"info","event":"Filling up the DagBag from /opt/airflow/dags/dag_news_main.py","logger":"airflow.models.dagbag.DagBag","filename":"dagbag.py","lineno":593}
{"timestamp":"2025-12-03T04:09:25.001440Z","level":"info","event":"[QueryLoader] Loading JSON from: /opt/airflow/query/company_info.json","logger":"task.stdout"}
{"timestamp":"2025-12-03T04:09:25.003089Z","level":"error","event":"Failed to import: /opt/airflow/dags/dag_news_main.py","logger":"airflow.models.dagbag.DagBag","filename":"dagbag.py","lineno":415,"error_detail":[{"exc_type":"KeyError","exc_value":"\"Query id 'insert_stock' not found in company_info.json\"","exc_notes":[],"syntax_error":null,"is_cause":false,"frames":[{"filename":"/home/airflow/.local/lib/python3.12/site-packages/airflow/models/dagbag.py","lineno":405,"name":"parse"},{"filename":"<frozen importlib._bootstrap_external>","lineno":999,"name":"exec_module"},{"filename":"<frozen importlib._bootstrap>","lineno":488,"name":"_call_with_frames_removed"},{"filename":"/opt/airflow/dags/dag_news_main.py","lineno":165,"name":"<module>"},{"filename":"/opt/airflow/plugins/utils/query_loader.py","lineno":40,"name":"getQueryString"}],"is_group":false,"exceptions":[]}]}
{"timestamp":"2025-12-03T04:09:30.772582Z","level":"info","event":"Filling up the DagBag from /opt/airflow/dags/dag_news_main.py","logger":"airflow.models.dagbag.DagBag","filename":"dagbag.py","lineno":593}
{"timestamp":"2025-12-03T04:09:31.067586Z","level":"info","event":"[QueryLoader] Loading JSON from: /opt/airflow/query/company_info.json","logger":"task.stdout"}
{"timestamp":"2025-12-03T04:10:01.804319Z","level":"info","event":"Filling up the DagBag from /opt/airflow/dags/dag_news_main.py","logger":"airflow.models.dagbag.DagBag","filename":"dagbag.py","lineno":593}
{"timestamp":"2025-12-03T04:10:02.075397Z","level":"info","event":"[QueryLoader] Loading JSON from: /opt/airflow/query/company_info.json","logger":"task.stdout"}
{"timestamp":"2025-12-03T04:10:32.797312Z","level":"info","event":"Filling up the DagBag from /opt/airflow/dags/dag_news_main.py","logger":"airflow.models.dagbag.DagBag","filename":"dagbag.py","lineno":593}
{"timestamp":"2025-12-03T04:10:33.228838Z","level":"info","event":"[QueryLoader] Loading JSON from: /opt/airflow/query/company_info.json","logger":"task.stdout"}
{"timestamp":"2025-12-03T04:11:03.956979Z","level":"info","event":"Filling up the DagBag from /opt/airflow/dags/dag_news_main.py","logger":"airflow.models.dagbag.DagBag","filename":"dagbag.py","lineno":593}
{"timestamp":"2025-12-03T04:11:04.202709Z","level":"info","event":"[QueryLoader] Loading JSON from: /opt/airflow/query/company_info.json","logger":"task.stdout"}
{"timestamp":"2025-12-03T04:11:34.950960Z","level":"info","event":"Filling up the DagBag from /opt/airflow/dags/dag_news_main.py","logger":"airflow.models.dagbag.DagBag","filename":"dagbag.py","lineno":593}
{"timestamp":"2025-12-03T04:11:35.191054Z","level":"info","event":"[QueryLoader] Loading JSON from: /opt/airflow/query/company_info.json","logger":"task.stdout"}
{"timestamp":"2025-12-03T04:12:05.959038Z","level":"info","event":"Filling up the DagBag from /opt/airflow/dags/dag_news_main.py","logger":"airflow.models.dagbag.DagBag","filename":"dagbag.py","lineno":593}
{"timestamp":"2025-12-03T04:12:06.398999Z","level":"info","event":"[QueryLoader] Loading JSON from: /opt/airflow/query/company_info.json","logger":"task.stdout"}
{"timestamp":"2025-12-03T04:12:37.122043Z","level":"info","event":"Filling up the DagBag from /opt/airflow/dags/dag_news_main.py","logger":"airflow.models.dagbag.DagBag","filename":"dagbag.py","lineno":593}
{"timestamp":"2025-12-03T04:12:37.510110Z","level":"info","event":"[QueryLoader] Loading JSON from: /opt/airflow/query/company_info.json","logger":"task.stdout"}
{"timestamp":"2025-12-03T04:13:08.254217Z","level":"info","event":"Filling up the DagBag from /opt/airflow/dags/dag_news_main.py","logger":"airflow.models.dagbag.DagBag","filename":"dagbag.py","lineno":593}
{"timestamp":"2025-12-03T04:13:08.633648Z","level":"info","event":"[QueryLoader] Loading JSON from: /opt/airflow/query/company_info.json","logger":"task.stdout"}
{"timestamp":"2025-12-03T04:13:39.327909Z","level":"info","event":"Filling up the DagBag from /opt/airflow/dags/dag_news_main.py","logger":"airflow.models.dagbag.DagBag","filename":"dagbag.py","lineno":593}
{"timestamp":"2025-12-03T04:13:39.745078Z","level":"info","event":"[QueryLoader] Loading JSON from: /opt/airflow/query/company_info.json","logger":"task.stdout"}
{"timestamp":"2025-12-03T04:14:10.394680Z","level":"info","event":"Filling up the DagBag from /opt/airflow/dags/dag_news_main.py","logger":"airflow.models.dagbag.DagBag","filename":"dagbag.py","lineno":593}
{"timestamp":"2025-12-03T04:14:10.786878Z","level":"info","event":"[QueryLoader] Loading JSON from: /opt/airflow/query/company_info.json","logger":"task.stdout"}
{"timestamp":"2025-12-03T04:14:41.702374Z","level":"info","event":"Filling up the DagBag from /opt/airflow/dags/dag_news_main.py","logger":"airflow.models.dagbag.DagBag","filename":"dagbag.py","lineno":593}
{"timestamp":"2025-12-03T04:14:42.114163Z","level":"info","event":"[QueryLoader] Loading JSON from: /opt/airflow/query/company_info.json","logger":"task.stdout"}
{"timestamp":"2025-12-03T04:14:44.159892Z","level":"info","event":"Filling up the DagBag from /opt/airflow/dags/dag_news_main.py","logger":"airflow.models.dagbag.DagBag","filename":"dagbag.py","lineno":593}
{"timestamp":"2025-12-03T04:14:44.423064Z","level":"info","event":"[QueryLoader] Loading JSON from: /opt/airflow/query/company_info.json","logger":"task.stdout"}
{"timestamp":"2025-12-03T04:15:14.785389Z","level":"info","event":"Filling up the DagBag from /opt/airflow/dags/dag_news_main.py","logger":"airflow.models.dagbag.DagBag","filename":"dagbag.py","lineno":593}
{"timestamp":"2025-12-03T04:15:15.258715Z","level":"info","event":"[QueryLoader] Loading JSON from: /opt/airflow/query/company_info.json","logger":"task.stdout"}
{"timestamp":"2025-12-03T04:15:46.019410Z","level":"info","event":"Filling up the DagBag from /opt/airflow/dags/dag_news_main.py","logger":"airflow.models.dagbag.DagBag","filename":"dagbag.py","lineno":593}
{"timestamp":"2025-12-03T04:15:46.427623Z","level":"info","event":"[QueryLoader] Loading JSON from: /opt/airflow/query/company_info.json","logger":"task.stdout"}
{"timestamp":"2025-12-03T04:16:17.162734Z","level":"info","event":"Filling up the DagBag from /opt/airflow/dags/dag_news_main.py","logger":"airflow.models.dagbag.DagBag","filename":"dagbag.py","lineno":593}
{"timestamp":"2025-12-03T04:16:17.547311Z","level":"info","event":"[QueryLoader] Loading JSON from: /opt/airflow/query/company_info.json","logger":"task.stdout"}
{"timestamp":"2025-12-03T04:16:48.234761Z","level":"info","event":"Filling up the DagBag from /opt/airflow/dags/dag_news_main.py","logger":"airflow.models.dagbag.DagBag","filename":"dagbag.py","lineno":593}
{"timestamp":"2025-12-03T04:16:48.649431Z","level":"info","event":"[QueryLoader] Loading JSON from: /opt/airflow/query/company_info.json","logger":"task.stdout"}
{"timestamp":"2025-12-03T04:17:19.253255Z","level":"info","event":"Filling up the DagBag from /opt/airflow/dags/dag_news_main.py","logger":"airflow.models.dagbag.DagBag","filename":"dagbag.py","lineno":593}
{"timestamp":"2025-12-03T04:17:19.703049Z","level":"info","event":"[QueryLoader] Loading JSON from: /opt/airflow/query/company_info.json","logger":"task.stdout"}
{"timestamp":"2025-12-03T04:17:50.435336Z","level":"info","event":"Filling up the DagBag from /opt/airflow/dags/dag_news_main.py","logger":"airflow.models.dagbag.DagBag","filename":"dagbag.py","lineno":593}
{"timestamp":"2025-12-03T04:17:50.950651Z","level":"info","event":"[QueryLoader] Loading JSON from: /opt/airflow/query/company_info.json","logger":"task.stdout"}
{"timestamp":"2025-12-03T04:17:57.022363Z","level":"info","event":"Filling up the DagBag from /opt/airflow/dags/dag_news_main.py","logger":"airflow.models.dagbag.DagBag","filename":"dagbag.py","lineno":593}
{"timestamp":"2025-12-03T04:17:57.446806Z","level":"info","event":"[QueryLoader] Loading JSON from: /opt/airflow/query/company_info.json","logger":"task.stdout"}
{"timestamp":"2025-12-03T04:18:01.516938Z","level":"info","event":"Filling up the DagBag from /opt/airflow/dags/dag_news_main.py","logger":"airflow.models.dagbag.DagBag","filename":"dagbag.py","lineno":593}
{"timestamp":"2025-12-03T04:18:01.931784Z","level":"info","event":"[QueryLoader] Loading JSON from: /opt/airflow/query/company_info.json","logger":"task.stdout"}
{"timestamp":"2025-12-03T04:18:32.644322Z","level":"info","event":"Filling up the DagBag from /opt/airflow/dags/dag_news_main.py","logger":"airflow.models.dagbag.DagBag","filename":"dagbag.py","lineno":593}
{"timestamp":"2025-12-03T04:18:33.049007Z","level":"info","event":"[QueryLoader] Loading JSON from: /opt/airflow/query/company_info.json","logger":"task.stdout"}
{"timestamp":"2025-12-03T04:19:01.866015Z","level":"info","event":"Filling up the DagBag from /opt/airflow/dags/dag_news_main.py","logger":"airflow.models.dagbag.DagBag","filename":"dagbag.py","lineno":593}
{"timestamp":"2025-12-03T04:19:02.281576Z","level":"info","event":"[QueryLoader] Loading JSON from: /opt/airflow/query/company_info.json","logger":"task.stdout"}
{"timestamp":"2025-12-03T04:19:32.974277Z","level":"info","event":"Filling up the DagBag from /opt/airflow/dags/dag_news_main.py","logger":"airflow.models.dagbag.DagBag","filename":"dagbag.py","lineno":593}
{"timestamp":"2025-12-03T04:19:33.413691Z","level":"info","event":"[QueryLoader] Loading JSON from: /opt/airflow/query/company_info.json","logger":"task.stdout"}
{"timestamp":"2025-12-03T04:19:35.456878Z","level":"info","event":"Filling up the DagBag from /opt/airflow/dags/dag_news_main.py","logger":"airflow.models.dagbag.DagBag","filename":"dagbag.py","lineno":593}
{"timestamp":"2025-12-03T04:19:35.865794Z","level":"info","event":"[QueryLoader] Loading JSON from: /opt/airflow/query/company_info.json","logger":"task.stdout"}
{"timestamp":"2025-12-03T04:19:54.491044Z","level":"info","event":"Filling up the DagBag from /opt/airflow/dags/dag_news_main.py","logger":"airflow.models.dagbag.DagBag","filename":"dagbag.py","lineno":593}
{"timestamp":"2025-12-03T04:19:54.966818Z","level":"info","event":"[QueryLoader] Loading JSON from: /opt/airflow/query/company_info.json","logger":"task.stdout"}
{"timestamp":"2025-12-03T04:20:25.690564Z","level":"info","event":"Filling up the DagBag from /opt/airflow/dags/dag_news_main.py","logger":"airflow.models.dagbag.DagBag","filename":"dagbag.py","lineno":593}
{"timestamp":"2025-12-03T04:20:26.086750Z","level":"info","event":"[QueryLoader] Loading JSON from: /opt/airflow/query/company_info.json","logger":"task.stdout"}
{"timestamp":"2025-12-03T04:20:56.804804Z","level":"info","event":"Filling up the DagBag from /opt/airflow/dags/dag_news_main.py","logger":"airflow.models.dagbag.DagBag","filename":"dagbag.py","lineno":593}
{"timestamp":"2025-12-03T04:20:57.182415Z","level":"info","event":"[QueryLoader] Loading JSON from: /opt/airflow/query/company_info.json","logger":"task.stdout"}
{"timestamp":"2025-12-03T04:21:27.899052Z","level":"info","event":"Filling up the DagBag from /opt/airflow/dags/dag_news_main.py","logger":"airflow.models.dagbag.DagBag","filename":"dagbag.py","lineno":593}
{"timestamp":"2025-12-03T04:21:28.279438Z","level":"info","event":"[QueryLoader] Loading JSON from: /opt/airflow/query/company_info.json","logger":"task.stdout"}
{"timestamp":"2025-12-03T04:21:59.004053Z","level":"info","event":"Filling up the DagBag from /opt/airflow/dags/dag_news_main.py","logger":"airflow.models.dagbag.DagBag","filename":"dagbag.py","lineno":593}
{"timestamp":"2025-12-03T04:21:59.399183Z","level":"info","event":"[QueryLoader] Loading JSON from: /opt/airflow/query/company_info.json","logger":"task.stdout"}
{"timestamp":"2025-12-03T04:22:13.560831Z","level":"info","event":"Filling up the DagBag from /opt/airflow/dags/dag_news_main.py","logger":"airflow.models.dagbag.DagBag","filename":"dagbag.py","lineno":593}
{"timestamp":"2025-12-03T04:22:13.983180Z","level":"info","event":"[QueryLoader] Loading JSON from: /opt/airflow/query/company_info.json","logger":"task.stdout"}
{"timestamp":"2025-12-03T04:22:27.621216Z","level":"info","event":"Filling up the DagBag from /opt/airflow/dags/dag_news_main.py","logger":"airflow.models.dagbag.DagBag","filename":"dagbag.py","lineno":593}
{"timestamp":"2025-12-03T04:22:28.291088Z","level":"info","event":"[QueryLoader] Loading JSON from: /opt/airflow/query/company_info.json","logger":"task.stdout"}
{"timestamp":"2025-12-03T04:22:58.475033Z","level":"info","event":"Filling up the DagBag from /opt/airflow/dags/dag_news_main.py","logger":"airflow.models.dagbag.DagBag","filename":"dagbag.py","lineno":593}
{"timestamp":"2025-12-03T04:22:58.953271Z","level":"info","event":"[QueryLoader] Loading JSON from: /opt/airflow/query/company_info.json","logger":"task.stdout"}
{"timestamp":"2025-12-03T04:23:29.725406Z","level":"info","event":"Filling up the DagBag from /opt/airflow/dags/dag_news_main.py","logger":"airflow.models.dagbag.DagBag","filename":"dagbag.py","lineno":593}
{"timestamp":"2025-12-03T04:23:30.231924Z","level":"info","event":"[QueryLoader] Loading JSON from: /opt/airflow/query/company_info.json","logger":"task.stdout"}
{"timestamp":"2025-12-03T04:23:52.147043Z","level":"info","event":"Filling up the DagBag from /opt/airflow/dags/dag_news_main.py","logger":"airflow.models.dagbag.DagBag","filename":"dagbag.py","lineno":593}
{"timestamp":"2025-12-03T04:23:52.631636Z","level":"info","event":"[QueryLoader] Loading JSON from: /opt/airflow/query/company_info.json","logger":"task.stdout"}
{"timestamp":"2025-12-03T04:24:22.905936Z","level":"info","event":"Filling up the DagBag from /opt/airflow/dags/dag_news_main.py","logger":"airflow.models.dagbag.DagBag","filename":"dagbag.py","lineno":593}
{"timestamp":"2025-12-03T04:24:23.315374Z","level":"info","event":"[QueryLoader] Loading JSON from: /opt/airflow/query/company_info.json","logger":"task.stdout"}
{"timestamp":"2025-12-03T04:24:53.479794Z","level":"info","event":"Filling up the DagBag from /opt/airflow/dags/dag_news_main.py","logger":"airflow.models.dagbag.DagBag","filename":"dagbag.py","lineno":593}
{"timestamp":"2025-12-03T04:24:53.872918Z","level":"info","event":"[QueryLoader] Loading JSON from: /opt/airflow/query/company_info.json","logger":"task.stdout"}
{"timestamp":"2025-12-03T04:25:24.602510Z","level":"info","event":"Filling up the DagBag from /opt/airflow/dags/dag_news_main.py","logger":"airflow.models.dagbag.DagBag","filename":"dagbag.py","lineno":593}
{"timestamp":"2025-12-03T04:25:25.023802Z","level":"info","event":"[QueryLoader] Loading JSON from: /opt/airflow/query/company_info.json","logger":"task.stdout"}
{"timestamp":"2025-12-03T04:25:55.781864Z","level":"info","event":"Filling up the DagBag from /opt/airflow/dags/dag_news_main.py","logger":"airflow.models.dagbag.DagBag","filename":"dagbag.py","lineno":593}
{"timestamp":"2025-12-03T04:25:56.181807Z","level":"info","event":"[QueryLoader] Loading JSON from: /opt/airflow/query/company_info.json","logger":"task.stdout"}
{"timestamp":"2025-12-03T04:26:26.966263Z","level":"info","event":"Filling up the DagBag from /opt/airflow/dags/dag_news_main.py","logger":"airflow.models.dagbag.DagBag","filename":"dagbag.py","lineno":593}
{"timestamp":"2025-12-03T04:26:27.371862Z","level":"info","event":"[QueryLoader] Loading JSON from: /opt/airflow/query/company_info.json","logger":"task.stdout"}
{"timestamp":"2025-12-03T04:26:58.166982Z","level":"info","event":"Filling up the DagBag from /opt/airflow/dags/dag_news_main.py","logger":"airflow.models.dagbag.DagBag","filename":"dagbag.py","lineno":593}
{"timestamp":"2025-12-03T04:26:58.626322Z","level":"info","event":"[QueryLoader] Loading JSON from: /opt/airflow/query/company_info.json","logger":"task.stdout"}
{"timestamp":"2025-12-03T04:27:05.726091Z","level":"info","event":"Filling up the DagBag from /opt/airflow/dags/dag_news_main.py","logger":"airflow.models.dagbag.DagBag","filename":"dagbag.py","lineno":593}
{"timestamp":"2025-12-03T04:27:06.146563Z","level":"info","event":"[QueryLoader] Loading JSON from: /opt/airflow/query/company_info.json","logger":"task.stdout"}
{"timestamp":"2025-12-03T04:27:36.848023Z","level":"info","event":"Filling up the DagBag from /opt/airflow/dags/dag_news_main.py","logger":"airflow.models.dagbag.DagBag","filename":"dagbag.py","lineno":593}
{"timestamp":"2025-12-03T04:27:37.353320Z","level":"info","event":"[QueryLoader] Loading JSON from: /opt/airflow/query/company_info.json","logger":"task.stdout"}
{"timestamp":"2025-12-03T04:28:07.983531Z","level":"info","event":"Filling up the DagBag from /opt/airflow/dags/dag_news_main.py","logger":"airflow.models.dagbag.DagBag","filename":"dagbag.py","lineno":593}
{"timestamp":"2025-12-03T04:28:08.488017Z","level":"info","event":"[QueryLoader] Loading JSON from: /opt/airflow/query/company_info.json","logger":"task.stdout"}
{"timestamp":"2025-12-03T04:28:39.185906Z","level":"info","event":"Filling up the DagBag from /opt/airflow/dags/dag_news_main.py","logger":"airflow.models.dagbag.DagBag","filename":"dagbag.py","lineno":593}
{"timestamp":"2025-12-03T04:28:39.671576Z","level":"info","event":"[QueryLoader] Loading JSON from: /opt/airflow/query/company_info.json","logger":"task.stdout"}
{"timestamp":"2025-12-03T04:29:10.396587Z","level":"info","event":"Filling up the DagBag from /opt/airflow/dags/dag_news_main.py","logger":"airflow.models.dagbag.DagBag","filename":"dagbag.py","lineno":593}
{"timestamp":"2025-12-03T04:29:10.898981Z","level":"info","event":"[QueryLoader] Loading JSON from: /opt/airflow/query/company_info.json","logger":"task.stdout"}
{"timestamp":"2025-12-03T04:29:41.573809Z","level":"info","event":"Filling up the DagBag from /opt/airflow/dags/dag_news_main.py","logger":"airflow.models.dagbag.DagBag","filename":"dagbag.py","lineno":593}
{"timestamp":"2025-12-03T04:29:42.037919Z","level":"info","event":"[QueryLoader] Loading JSON from: /opt/airflow/query/company_info.json","logger":"task.stdout"}
{"timestamp":"2025-12-03T04:29:50.492738Z","level":"info","event":"Filling up the DagBag from /opt/airflow/dags/dag_news_main.py","logger":"airflow.models.dagbag.DagBag","filename":"dagbag.py","lineno":593}
{"timestamp":"2025-12-03T04:29:50.925928Z","level":"info","event":"[QueryLoader] Loading JSON from: /opt/airflow/query/company_info.json","logger":"task.stdout"}
{"timestamp":"2025-12-03T04:30:21.686405Z","level":"info","event":"Filling up the DagBag from /opt/airflow/dags/dag_news_main.py","logger":"airflow.models.dagbag.DagBag","filename":"dagbag.py","lineno":593}
{"timestamp":"2025-12-03T04:30:22.097111Z","level":"info","event":"[QueryLoader] Loading JSON from: /opt/airflow/query/company_info.json","logger":"task.stdout"}
{"timestamp":"2025-12-03T04:30:40.298767Z","level":"info","event":"Filling up the DagBag from /opt/airflow/dags/dag_news_main.py","logger":"airflow.models.dagbag.DagBag","filename":"dagbag.py","lineno":593}
{"timestamp":"2025-12-03T04:30:40.714544Z","level":"info","event":"[QueryLoader] Loading JSON from: /opt/airflow/query/company_info.json","logger":"task.stdout"}
{"timestamp":"2025-12-03T04:31:11.382728Z","level":"info","event":"Filling up the DagBag from /opt/airflow/dags/dag_news_main.py","logger":"airflow.models.dagbag.DagBag","filename":"dagbag.py","lineno":593}
{"timestamp":"2025-12-03T04:31:11.777865Z","level":"info","event":"[QueryLoader] Loading JSON from: /opt/airflow/query/company_info.json","logger":"task.stdout"}
{"timestamp":"2025-12-03T04:31:42.481133Z","level":"info","event":"Filling up the DagBag from /opt/airflow/dags/dag_news_main.py","logger":"airflow.models.dagbag.DagBag","filename":"dagbag.py","lineno":593}
{"timestamp":"2025-12-03T04:31:43.008173Z","level":"info","event":"[QueryLoader] Loading JSON from: /opt/airflow/query/company_info.json","logger":"task.stdout"}
{"timestamp":"2025-12-03T04:32:07.651636Z","level":"info","event":"Filling up the DagBag from /opt/airflow/dags/dag_news_main.py","logger":"airflow.models.dagbag.DagBag","filename":"dagbag.py","lineno":593}
{"timestamp":"2025-12-03T04:32:08.045286Z","level":"info","event":"[QueryLoader] Loading JSON from: /opt/airflow/query/company_info.json","logger":"task.stdout"}
{"timestamp":"2025-12-03T04:32:38.721333Z","level":"info","event":"Filling up the DagBag from /opt/airflow/dags/dag_news_main.py","logger":"airflow.models.dagbag.DagBag","filename":"dagbag.py","lineno":593}
{"timestamp":"2025-12-03T04:32:39.121001Z","level":"info","event":"[QueryLoader] Loading JSON from: /opt/airflow/query/company_info.json","logger":"task.stdout"}
{"timestamp":"2025-12-03T04:33:09.990798Z","level":"info","event":"Filling up the DagBag from /opt/airflow/dags/dag_news_main.py","logger":"airflow.models.dagbag.DagBag","filename":"dagbag.py","lineno":593}
{"timestamp":"2025-12-03T04:33:10.395220Z","level":"info","event":"[QueryLoader] Loading JSON from: /opt/airflow/query/company_info.json","logger":"task.stdout"}
{"timestamp":"2025-12-03T04:33:41.115089Z","level":"info","event":"Filling up the DagBag from /opt/airflow/dags/dag_news_main.py","logger":"airflow.models.dagbag.DagBag","filename":"dagbag.py","lineno":593}
{"timestamp":"2025-12-03T04:33:41.505017Z","level":"info","event":"[QueryLoader] Loading JSON from: /opt/airflow/query/company_info.json","logger":"task.stdout"}
{"timestamp":"2025-12-03T04:34:12.114384Z","level":"info","event":"Filling up the DagBag from /opt/airflow/dags/dag_news_main.py","logger":"airflow.models.dagbag.DagBag","filename":"dagbag.py","lineno":593}
{"timestamp":"2025-12-03T04:34:12.527887Z","level":"info","event":"[QueryLoader] Loading JSON from: /opt/airflow/query/company_info.json","logger":"task.stdout"}
{"timestamp":"2025-12-03T04:34:43.445327Z","level":"info","event":"Filling up the DagBag from /opt/airflow/dags/dag_news_main.py","logger":"airflow.models.dagbag.DagBag","filename":"dagbag.py","lineno":593}
{"timestamp":"2025-12-03T04:34:43.897794Z","level":"info","event":"[QueryLoader] Loading JSON from: /opt/airflow/query/company_info.json","logger":"task.stdout"}
