{"timestamp":"2025-12-03T07:46:42.506854Z","level":"info","event":"DAG bundles loaded: dags-folder","logger":"airflow.dag_processing.bundles.manager.DagBundlesManager","filename":"manager.py","lineno":179}
{"timestamp":"2025-12-03T07:46:42.508294Z","level":"info","event":"Filling up the DagBag from /opt/airflow/dags/dag_stock_backfill.py","logger":"airflow.models.dagbag.DagBag","filename":"dagbag.py","lineno":593}
{"timestamp":"2025-12-03T07:46:43.999473Z","level":"info","event":"[QueryLoader] Loading JSON from: /opt/airflow/query/ticker_info.json","logger":"task.stdout"}
{"timestamp":"2025-12-03T07:46:44.035475Z","level":"info","event":"INSERT INTO stock_prices (Date,Ticker,Open,High,Low,Close,Volume) VALUES","logger":"task.stdout"}
{"timestamp":"2025-12-03T07:46:44.035108Z","level":"warning","event":"YF.download() has changed argument auto_adjust default to True","category":"FutureWarning","filename":"/opt/airflow/dags/dag_stock_backfill.py","lineno":36,"logger":"py.warnings"}
{"timestamp":"2025-12-03T07:46:48.035178Z","level":"error","event":"\r[                       0%                       ]\r[****                   8%                       ]  2 of 26 completed\r[******                12%                       ]  3 of 26 completed\r[*******               15%                       ]  4 of 26 completed\r[*********             19%                       ]  5 of 26 completed\r[***********           23%                       ]  6 of 26 completed\r[*************         27%                       ]  7 of 26 completed\r[***************       31%                       ]  8 of 26 completed\r[*****************     35%                       ]  9 of 26 completed\r[******************    38%                       ]  10 of 26 completed\r[********************  42%                       ]  11 of 26 completed\r[**********************46%                       ]  12 of 26 completed\r[**********************50%                       ]  13 of 26 completed\r[**********************54%*                      ]  14 of 26 completed\r[**********************58%***                    ]  15 of 26 completed\r[**********************62%*****                  ]  16 of 26 completed\r[**********************65%******                 ]  17 of 26 completed\r[**********************69%********               ]  18 of 26 completed\r[**********************73%**********             ]  19 of 26 completed\r[**********************77%************           ]  20 of 26 completed\r[**********************81%**************         ]  21 of 26 completed\r[**********************85%****************       ]  22 of 26 completed\r[**********************88%*****************      ]  23 of 26 completed\r[**********************92%*******************    ]  24 of 26 completed\r[**********************96%*********************  ]  25 of 26 completed\r[*********************100%***********************]  26 of 26 completed","logger":"task.stderr"}
{"timestamp":"2025-12-03T07:46:48.035243Z","level":"error","event":"\n1 Failed download:","logger":"yfinance","filename":"multi.py","lineno":185}
{"timestamp":"2025-12-03T07:46:48.035350Z","level":"error","event":"['PING']: YFTzMissingError('possibly delisted; no timezone found')","logger":"yfinance","filename":"multi.py","lineno":198}
{"timestamp":"2025-12-03T07:46:48.064442Z","level":"info","event":"Price       Date     Ticker  ...           Open       Volume","logger":"task.stdout"}
{"timestamp":"2025-12-03T07:46:48.064672Z","level":"info","event":"0     2020-01-02  000270.KS  ...   35350.791039    1355029.0","logger":"task.stdout"}
{"timestamp":"2025-12-03T07:46:48.064899Z","level":"info","event":"1     2020-01-02  000660.KS  ...   90285.491024    2342070.0","logger":"task.stdout"}
{"timestamp":"2025-12-03T07:46:48.065042Z","level":"info","event":"2     2020-01-02  005380.KS  ...   96983.110236     556532.0","logger":"task.stdout"}
{"timestamp":"2025-12-03T07:46:48.065148Z","level":"info","event":"3     2020-01-02  005930.KS  ...   47960.916164   12993228.0","logger":"task.stdout"}
{"timestamp":"2025-12-03T07:46:48.065245Z","level":"info","event":"4     2020-01-02  006400.KS  ...  234403.087823     186494.0","logger":"task.stdout"}
{"timestamp":"2025-12-03T07:46:48.065407Z","level":"info","event":"...          ...        ...  ...            ...          ...","logger":"task.stdout"}
{"timestamp":"2025-12-03T07:46:48.065603Z","level":"info","event":"6065  2020-12-29       NVDA  ...      12.889473  170372000.0","logger":"task.stdout"}
{"timestamp":"2025-12-03T07:46:48.065762Z","level":"info","event":"6066  2020-12-29      TCEHY  ...      61.951390    4625500.0","logger":"task.stdout"}
{"timestamp":"2025-12-03T07:46:48.065903Z","level":"info","event":"6067  2020-12-29       TSLA  ...     220.333328   68732400.0","logger":"task.stdout"}
{"timestamp":"2025-12-03T07:46:48.066034Z","level":"info","event":"6068  2020-12-29          V  ...     206.967283    6093400.0","logger":"task.stdout"}
{"timestamp":"2025-12-03T07:46:48.066160Z","level":"info","event":"6069  2020-12-29       XPEV  ...      38.750000   24437000.0","logger":"task.stdout"}
{"timestamp":"2025-12-03T07:46:48.066286Z","level":"info","event":"","logger":"task.stdout"}
{"timestamp":"2025-12-03T07:46:48.066411Z","level":"info","event":"[6070 rows x 8 columns]","logger":"task.stdout"}
{"timestamp":"2025-12-03T07:46:48.068980Z","level":"info","event":"Done. Returned value was: Price       Date     Ticker  ...           Open       Volume\n0     2020-01-02  000270.KS  ...   35350.791039    1355029.0\n1     2020-01-02  000660.KS  ...   90285.491024    2342070.0\n2     2020-01-02  005380.KS  ...   96983.110236     556532.0\n3     2020-01-02  005930.KS  ...   47960.916164   12993228.0\n4     2020-01-02  006400.KS  ...  234403.087823     186494.0\n...          ...        ...  ...            ...          ...\n6065  2020-12-29       NVDA  ...      12.889473  170372000.0\n6066  2020-12-29      TCEHY  ...      61.951390    4625500.0\n6067  2020-12-29       TSLA  ...     220.333328   68732400.0\n6068  2020-12-29          V  ...     206.967283    6093400.0\n6069  2020-12-29       XPEV  ...      38.750000   24437000.0\n\n[6070 rows x 8 columns]","logger":"airflow.task.operators.airflow.providers.standard.operators.python.PythonOperator","filename":"python.py","lineno":215}
{"timestamp":"2025-12-03T07:46:48.069168Z","level":"info","event":"Pushing xcom","ti":"RuntimeTaskInstance(id=UUID('019ae32d-7db2-7808-8551-ff233aeea27c'), task_id='stock_fetch_task', dag_id='dag_stock_backfill', run_id='scheduled__2020-12-31T00:00:00+00:00', try_number=1, dag_version_id=UUID('019ae32d-372a-7691-af66-f411f88dba12'), map_index=-1, hostname='7a819b9fe5f2', context_carrier={}, task=<Task(PythonOperator): stock_fetch_task>, bundle_instance=LocalDagBundle(name=dags-folder), max_tries=0, start_date=datetime.datetime(2025, 12, 3, 7, 46, 42, 454002, tzinfo=datetime.timezone.utc), end_date=None, state=<TaskInstanceState.RUNNING: 'running'>, is_mapped=False, rendered_map_index=None)","logger":"task","filename":"task_runner.py","lineno":1360}
