{"timestamp":"2025-12-03T07:46:42.872100Z","level":"info","event":"DAG bundles loaded: dags-folder","logger":"airflow.dag_processing.bundles.manager.DagBundlesManager","filename":"manager.py","lineno":179}
{"timestamp":"2025-12-03T07:46:42.872921Z","level":"info","event":"Filling up the DagBag from /opt/airflow/dags/dag_stock_backfill.py","logger":"airflow.models.dagbag.DagBag","filename":"dagbag.py","lineno":593}
{"timestamp":"2025-12-03T07:46:44.086098Z","level":"info","event":"[QueryLoader] Loading JSON from: /opt/airflow/query/ticker_info.json","logger":"task.stdout"}
{"timestamp":"2025-12-03T07:46:44.119387Z","level":"info","event":"INSERT INTO stock_prices (Date,Ticker,Open,High,Low,Close,Volume) VALUES","logger":"task.stdout"}
{"timestamp":"2025-12-03T07:46:44.119613Z","level":"warning","event":"YF.download() has changed argument auto_adjust default to True","category":"FutureWarning","filename":"/opt/airflow/dags/dag_stock_backfill.py","lineno":36,"logger":"py.warnings"}
{"timestamp":"2025-12-03T07:46:48.060935Z","level":"error","event":"\r[                       0%                       ]\r[****                   8%                       ]  2 of 26 completed\r[******                12%                       ]  3 of 26 completed\r[*******               15%                       ]  4 of 26 completed\r[*********             19%                       ]  5 of 26 completed\r[***********           23%                       ]  6 of 26 completed\r[*************         27%                       ]  7 of 26 completed\r[***************       31%                       ]  8 of 26 completed\r[*****************     35%                       ]  9 of 26 completed\r[******************    38%                       ]  10 of 26 completed\r[********************  42%                       ]  11 of 26 completed\r[**********************46%                       ]  12 of 26 completed\r[**********************50%                       ]  13 of 26 completed\r[**********************54%*                      ]  14 of 26 completed\r[**********************58%***                    ]  15 of 26 completed\r[**********************62%*****                  ]  16 of 26 completed\r[**********************65%******                 ]  17 of 26 completed\r[**********************69%********               ]  18 of 26 completed\r[**********************73%**********             ]  19 of 26 completed\r[**********************77%************           ]  20 of 26 completed\r[**********************81%**************         ]  21 of 26 completed\r[**********************85%****************       ]  22 of 26 completed\r[**********************88%*****************      ]  23 of 26 completed\r[**********************92%*******************    ]  24 of 26 completed\r[**********************96%*********************  ]  25 of 26 completed\r[*********************100%***********************]  26 of 26 completed","logger":"task.stderr"}
{"timestamp":"2025-12-03T07:46:48.060862Z","level":"error","event":"\n1 Failed download:","logger":"yfinance","filename":"multi.py","lineno":185}
{"timestamp":"2025-12-03T07:46:48.061167Z","level":"error","event":"['PING']: YFTzMissingError('possibly delisted; no timezone found')","logger":"yfinance","filename":"multi.py","lineno":198}
{"timestamp":"2025-12-03T07:46:48.089498Z","level":"info","event":"Price       Date     Ticker  ...           Open       Volume","logger":"task.stdout"}
{"timestamp":"2025-12-03T07:46:48.089760Z","level":"info","event":"0     2024-01-02  000270.KS  ...   88440.541512    1341485.0","logger":"task.stdout"}
{"timestamp":"2025-12-03T07:46:48.090003Z","level":"info","event":"1     2024-01-02  000660.KS  ...  137621.315627    2147458.0","logger":"task.stdout"}
{"timestamp":"2025-12-03T07:46:48.090184Z","level":"info","event":"2     2024-01-02  005380.KS  ...  178612.407887     373050.0","logger":"task.stdout"}
{"timestamp":"2025-12-03T07:46:48.090394Z","level":"info","event":"3     2024-01-02  005930.KS  ...   75294.293754   17142847.0","logger":"task.stdout"}
{"timestamp":"2025-12-03T07:46:48.090640Z","level":"info","event":"4     2024-01-02  006400.KS  ...  467144.650562     195216.0","logger":"task.stdout"}
{"timestamp":"2025-12-03T07:46:48.090814Z","level":"info","event":"...          ...        ...  ...            ...          ...","logger":"task.stdout"}
{"timestamp":"2025-12-03T07:46:48.090934Z","level":"info","event":"6175  2024-12-27       NVDA  ...     138.519821  170582600.0","logger":"task.stdout"}
{"timestamp":"2025-12-03T07:46:48.091068Z","level":"info","event":"6176  2024-12-27      TCEHY  ...      53.329136    1366300.0","logger":"task.stdout"}
{"timestamp":"2025-12-03T07:46:48.091177Z","level":"info","event":"6177  2024-12-27       TSLA  ...     449.519989   82666800.0","logger":"task.stdout"}
{"timestamp":"2025-12-03T07:46:48.091265Z","level":"info","event":"6178  2024-12-27          V  ...     317.018312    3489200.0","logger":"task.stdout"}
{"timestamp":"2025-12-03T07:46:48.091358Z","level":"info","event":"6179  2024-12-27       XPEV  ...      12.820000    7170300.0","logger":"task.stdout"}
{"timestamp":"2025-12-03T07:46:48.091491Z","level":"info","event":"","logger":"task.stdout"}
{"timestamp":"2025-12-03T07:46:48.091619Z","level":"info","event":"[6180 rows x 8 columns]","logger":"task.stdout"}
{"timestamp":"2025-12-03T07:46:48.094023Z","level":"info","event":"Done. Returned value was: Price       Date     Ticker  ...           Open       Volume\n0     2024-01-02  000270.KS  ...   88440.541512    1341485.0\n1     2024-01-02  000660.KS  ...  137621.315627    2147458.0\n2     2024-01-02  005380.KS  ...  178612.407887     373050.0\n3     2024-01-02  005930.KS  ...   75294.293754   17142847.0\n4     2024-01-02  006400.KS  ...  467144.650562     195216.0\n...          ...        ...  ...            ...          ...\n6175  2024-12-27       NVDA  ...     138.519821  170582600.0\n6176  2024-12-27      TCEHY  ...      53.329136    1366300.0\n6177  2024-12-27       TSLA  ...     449.519989   82666800.0\n6178  2024-12-27          V  ...     317.018312    3489200.0\n6179  2024-12-27       XPEV  ...      12.820000    7170300.0\n\n[6180 rows x 8 columns]","logger":"airflow.task.operators.airflow.providers.standard.operators.python.PythonOperator","filename":"python.py","lineno":215}
{"timestamp":"2025-12-03T07:46:48.094196Z","level":"info","event":"Pushing xcom","ti":"RuntimeTaskInstance(id=UUID('019ae32d-7f00-7865-b769-3cff798bdd0c'), task_id='stock_fetch_task', dag_id='dag_stock_backfill', run_id='scheduled__2024-12-30T00:00:00+00:00', try_number=1, dag_version_id=UUID('019ae32d-372a-7691-af66-f411f88dba12'), map_index=-1, hostname='7a819b9fe5f2', context_carrier={}, task=<Task(PythonOperator): stock_fetch_task>, bundle_instance=LocalDagBundle(name=dags-folder), max_tries=0, start_date=datetime.datetime(2025, 12, 3, 7, 46, 42, 776943, tzinfo=datetime.timezone.utc), end_date=None, state=<TaskInstanceState.RUNNING: 'running'>, is_mapped=False, rendered_map_index=None)","logger":"task","filename":"task_runner.py","lineno":1360}
