{"timestamp":"2025-12-02T08:16:38.671382Z","level":"info","event":"DAG bundles loaded: dags-folder","logger":"airflow.dag_processing.bundles.manager.DagBundlesManager","filename":"manager.py","lineno":179}
{"timestamp":"2025-12-02T08:16:38.678080Z","level":"info","event":"Filling up the DagBag from /opt/airflow/dags/dag_yfinance_main.py","logger":"airflow.models.dagbag.DagBag","filename":"dagbag.py","lineno":593}
{"timestamp":"2025-12-02T08:16:40.927149Z","level":"info","event":"Triggering Dag Run.","trigger_dag_id":"dag_index","logger":"task","filename":"task_runner.py","lineno":1060}
{"timestamp":"2025-12-02T08:16:40.947544Z","level":"info","event":"Dag Run triggered successfully.","trigger_dag_id":"dag_index","logger":"task","filename":"task_runner.py","lineno":1094}
{"timestamp":"2025-12-02T08:16:40.954853Z","level":"info","event":"Waiting for dag run to complete execution in allowed state.","dag_id":"dag_index","run_id":"manual__2025-12-02T08:16:40.927036+00:00","allowed_state":["success"],"logger":"task","filename":"task_runner.py","lineno":1117}
{"timestamp":"2025-12-02T08:17:40.972576Z","level":"info","event":"Waiting for dag run to complete execution in allowed state.","dag_id":"dag_index","run_id":"manual__2025-12-02T08:16:40.927036+00:00","allowed_state":["success"],"logger":"task","filename":"task_runner.py","lineno":1117}
{"timestamp":"2025-12-02T08:18:40.978752Z","level":"info","event":"Waiting for dag run to complete execution in allowed state.","dag_id":"dag_index","run_id":"manual__2025-12-02T08:16:40.927036+00:00","allowed_state":["success"],"logger":"task","filename":"task_runner.py","lineno":1117}
{"timestamp":"2025-12-02T08:19:01.067035Z","level":"error","event":"Server indicated the task shouldn't be running anymore. Terminating process","detail":{"detail":{"reason":"not_running","message":"TI is no longer in the running state and task should terminate","current_state":"failed"}},"logger":"task"}
{"timestamp":"2025-12-02T08:19:06.078318Z","level":"error","event":"Task killed!","logger":"task"}
{"timestamp":"2025-12-02T08:24:24.211856Z","level":"info","event":"DAG bundles loaded: dags-folder","logger":"airflow.dag_processing.bundles.manager.DagBundlesManager","filename":"manager.py","lineno":179}
{"timestamp":"2025-12-02T08:24:24.212508Z","level":"info","event":"Filling up the DagBag from /opt/airflow/dags/dag_yfinance_main.py","logger":"airflow.models.dagbag.DagBag","filename":"dagbag.py","lineno":593}
{"timestamp":"2025-12-02T08:24:24.869845Z","level":"info","event":"Triggering Dag Run.","trigger_dag_id":"dag_index","logger":"task","filename":"task_runner.py","lineno":1060}
{"timestamp":"2025-12-02T08:24:24.887189Z","level":"info","event":"Dag Run triggered successfully.","trigger_dag_id":"dag_index","logger":"task","filename":"task_runner.py","lineno":1094}
{"timestamp":"2025-12-02T08:24:24.893923Z","level":"info","event":"Waiting for dag run to complete execution in allowed state.","dag_id":"dag_index","run_id":"manual__2025-12-02T08:24:24.869777+00:00","allowed_state":["success"],"logger":"task","filename":"task_runner.py","lineno":1117}
{"timestamp":"2025-12-02T08:25:20.170016Z","level":"error","event":"Server indicated the task shouldn't be running anymore. Terminating process","detail":{"detail":{"reason":"not_running","message":"TI is no longer in the running state and task should terminate","current_state":"failed"}},"logger":"task"}
{"timestamp":"2025-12-02T08:25:24.903606Z","level":"info","event":"DagRun finished with allowed state.","dag_id":"dag_index","state":"success","logger":"task","filename":"task_runner.py","lineno":1142}
{"timestamp":"2025-12-02T08:25:24.914331Z","level":"error","event":"Top level error","logger":"task","filename":"task_runner.py","lineno":1465,"error_detail":[{"exc_type":"AirflowRuntimeError","exc_value":"API_SERVER_ERROR: {'status_code': 409, 'message': 'Server returned error', 'detail': {'detail': {'reason': 'invalid_state', 'message': 'TI was not in the running state so it cannot be updated', 'previous_state': 'failed'}}}","exc_notes":[],"syntax_error":null,"is_cause":false,"frames":[{"filename":"/home/airflow/.local/lib/python3.12/site-packages/airflow/sdk/execution_time/task_runner.py","lineno":1458,"name":"main"},{"filename":"/home/airflow/.local/lib/python3.12/site-packages/airflow/sdk/execution_time/task_runner.py","lineno":1007,"name":"run"},{"filename":"/home/airflow/.local/lib/python3.12/site-packages/airflow/sdk/execution_time/comms.py","lineno":207,"name":"send"},{"filename":"/home/airflow/.local/lib/python3.12/site-packages/airflow/sdk/execution_time/comms.py","lineno":271,"name":"_get_response"},{"filename":"/home/airflow/.local/lib/python3.12/site-packages/airflow/sdk/execution_time/comms.py","lineno":258,"name":"_from_frame"}],"is_group":false,"exceptions":[]}]}
{"timestamp":"2025-12-02T08:25:24.936780Z","level":"warning","event":"Process exited abnormally","exit_code":1,"logger":"task"}
{"timestamp":"2025-12-02T08:25:24.937682Z","level":"error","event":"Task killed!","logger":"task"}
{"timestamp":"2025-12-02T08:25:58.710521Z","level":"info","event":"DAG bundles loaded: dags-folder","logger":"airflow.dag_processing.bundles.manager.DagBundlesManager","filename":"manager.py","lineno":179}
{"timestamp":"2025-12-02T08:25:58.711895Z","level":"info","event":"Filling up the DagBag from /opt/airflow/dags/dag_yfinance_main.py","logger":"airflow.models.dagbag.DagBag","filename":"dagbag.py","lineno":593}
{"timestamp":"2025-12-02T08:25:59.407258Z","level":"info","event":"Triggering Dag Run.","trigger_dag_id":"dag_index","logger":"task","filename":"task_runner.py","lineno":1060}
{"timestamp":"2025-12-02T08:25:59.425800Z","level":"info","event":"Dag Run triggered successfully.","trigger_dag_id":"dag_index","logger":"task","filename":"task_runner.py","lineno":1094}
{"timestamp":"2025-12-02T08:25:59.429303Z","level":"info","event":"Waiting for dag run to complete execution in allowed state.","dag_id":"dag_index","run_id":"manual__2025-12-02T08:25:59.407189+00:00","allowed_state":["success"],"logger":"task","filename":"task_runner.py","lineno":1117}
{"timestamp":"2025-12-02T08:26:59.442640Z","level":"info","event":"DagRun finished with allowed state.","dag_id":"dag_index","state":"success","logger":"task","filename":"task_runner.py","lineno":1142}
{"timestamp":"2025-12-02T08:26:59.453436Z","level":"error","event":"Top level error","logger":"task","filename":"task_runner.py","lineno":1465,"error_detail":[{"exc_type":"AirflowRuntimeError","exc_value":"API_SERVER_ERROR: {'status_code': 409, 'message': 'Server returned error', 'detail': {'detail': {'reason': 'invalid_state', 'message': 'TI was not in the running state so it cannot be updated', 'previous_state': 'failed'}}}","exc_notes":[],"syntax_error":null,"is_cause":false,"frames":[{"filename":"/home/airflow/.local/lib/python3.12/site-packages/airflow/sdk/execution_time/task_runner.py","lineno":1458,"name":"main"},{"filename":"/home/airflow/.local/lib/python3.12/site-packages/airflow/sdk/execution_time/task_runner.py","lineno":1007,"name":"run"},{"filename":"/home/airflow/.local/lib/python3.12/site-packages/airflow/sdk/execution_time/comms.py","lineno":207,"name":"send"},{"filename":"/home/airflow/.local/lib/python3.12/site-packages/airflow/sdk/execution_time/comms.py","lineno":271,"name":"_get_response"},{"filename":"/home/airflow/.local/lib/python3.12/site-packages/airflow/sdk/execution_time/comms.py","lineno":258,"name":"_from_frame"}],"is_group":false,"exceptions":[]}]}
{"timestamp":"2025-12-02T08:26:59.466808Z","level":"warning","event":"Process exited abnormally","exit_code":1,"logger":"task"}
{"timestamp":"2025-12-02T08:28:03.939077Z","level":"info","event":"DAG bundles loaded: dags-folder","logger":"airflow.dag_processing.bundles.manager.DagBundlesManager","filename":"manager.py","lineno":179}
{"timestamp":"2025-12-02T08:28:03.940075Z","level":"info","event":"Filling up the DagBag from /opt/airflow/dags/dag_yfinance_main.py","logger":"airflow.models.dagbag.DagBag","filename":"dagbag.py","lineno":593}
{"timestamp":"2025-12-02T08:28:04.686678Z","level":"info","event":"Triggering Dag Run.","trigger_dag_id":"dag_index","logger":"task","filename":"task_runner.py","lineno":1060}
{"timestamp":"2025-12-02T08:28:04.716906Z","level":"info","event":"Dag Run triggered successfully.","trigger_dag_id":"dag_index","logger":"task","filename":"task_runner.py","lineno":1094}
{"timestamp":"2025-12-02T08:28:04.722435Z","level":"info","event":"Waiting for dag run to complete execution in allowed state.","dag_id":"dag_index","run_id":"manual__2025-12-02T08:28:04.686582+00:00","allowed_state":["success"],"logger":"task","filename":"task_runner.py","lineno":1117}
{"timestamp":"2025-12-02T08:29:04.733820Z","level":"info","event":"DagRun finished with allowed state.","dag_id":"dag_index","state":"success","logger":"task","filename":"task_runner.py","lineno":1142}
{"timestamp":"2025-12-04T07:48:16.723710Z","level":"info","event":"DAG bundles loaded: dags-folder","logger":"airflow.dag_processing.bundles.manager.DagBundlesManager","filename":"manager.py","lineno":179}
{"timestamp":"2025-12-04T07:48:16.732025Z","level":"info","event":"Filling up the DagBag from /opt/airflow/dags/dag_yfinance_main.py","logger":"airflow.models.dagbag.DagBag","filename":"dagbag.py","lineno":593}
{"timestamp":"2025-12-04T07:48:19.841986Z","level":"info","event":"Triggering Dag Run.","trigger_dag_id":"dag_index","logger":"task","filename":"task_runner.py","lineno":1060}
{"timestamp":"2025-12-04T07:48:19.921943Z","level":"info","event":"Dag Run triggered successfully.","trigger_dag_id":"dag_index","logger":"task","filename":"task_runner.py","lineno":1094}
{"timestamp":"2025-12-04T07:48:19.940713Z","level":"info","event":"Waiting for dag run to complete execution in allowed state.","dag_id":"dag_index","run_id":"manual__2025-12-04T07:48:19.841876+00:00","allowed_state":["success"],"logger":"task","filename":"task_runner.py","lineno":1117}
{"timestamp":"2025-12-04T07:49:19.954435Z","level":"error","event":"DagRun finished with failed state.","dag_id":"dag_index","state":"failed","logger":"task","filename":"task_runner.py","lineno":1131}
