{"timestamp":"2025-12-03T07:46:42.992000Z","level":"info","event":"DAG bundles loaded: dags-folder","logger":"airflow.dag_processing.bundles.manager.DagBundlesManager","filename":"manager.py","lineno":179}
{"timestamp":"2025-12-03T07:46:42.995620Z","level":"info","event":"Filling up the DagBag from /opt/airflow/dags/dag_stock_backfill.py","logger":"airflow.models.dagbag.DagBag","filename":"dagbag.py","lineno":593}
{"timestamp":"2025-12-03T07:46:43.979378Z","level":"info","event":"[QueryLoader] Loading JSON from: /opt/airflow/query/ticker_info.json","logger":"task.stdout"}
{"timestamp":"2025-12-03T07:46:44.018524Z","level":"info","event":"INSERT INTO stock_prices (Date,Ticker,Open,High,Low,Close,Volume) VALUES","logger":"task.stdout"}
{"timestamp":"2025-12-03T07:46:44.016140Z","level":"warning","event":"YF.download() has changed argument auto_adjust default to True","category":"FutureWarning","filename":"/opt/airflow/dags/dag_stock_backfill.py","lineno":36,"logger":"py.warnings"}
{"timestamp":"2025-12-03T07:46:47.963546Z","level":"error","event":"\r[                       0%                       ]\r[****                   8%                       ]  2 of 26 completed\r[******                12%                       ]  3 of 26 completed\r[*******               15%                       ]  4 of 26 completed\r[*********             19%                       ]  5 of 26 completed\r[***********           23%                       ]  6 of 26 completed\r[*************         27%                       ]  7 of 26 completed\r[***************       31%                       ]  8 of 26 completed\r[*****************     35%                       ]  9 of 26 completed\r[******************    38%                       ]  10 of 26 completed\r[********************  42%                       ]  11 of 26 completed\r[**********************46%                       ]  12 of 26 completed\r[**********************50%                       ]  13 of 26 completed\r[**********************54%*                      ]  14 of 26 completed\r[**********************58%***                    ]  15 of 26 completed\r[**********************62%*****                  ]  16 of 26 completed\r[**********************65%******                 ]  17 of 26 completed\r[**********************69%********               ]  18 of 26 completed\r[**********************73%**********             ]  19 of 26 completed\r[**********************77%************           ]  20 of 26 completed\r[**********************81%**************         ]  21 of 26 completed\r[**********************85%****************       ]  22 of 26 completed\r[**********************88%*****************      ]  23 of 26 completed\r[**********************92%*******************    ]  24 of 26 completed\r[**********************96%*********************  ]  25 of 26 completed\r[*********************100%***********************]  26 of 26 completed","logger":"task.stderr"}
{"timestamp":"2025-12-03T07:46:47.963610Z","level":"error","event":"\n1 Failed download:","logger":"yfinance","filename":"multi.py","lineno":185}
{"timestamp":"2025-12-03T07:46:47.963713Z","level":"error","event":"['PING']: YFTzMissingError('possibly delisted; no timezone found')","logger":"yfinance","filename":"multi.py","lineno":198}
{"timestamp":"2025-12-03T07:46:47.998514Z","level":"info","event":"Price       Date     Ticker  ...           Open       Volume","logger":"task.stdout"}
{"timestamp":"2025-12-03T07:46:47.998780Z","level":"info","event":"0     2023-01-02  000270.KS  ...   54136.334870    1548935.0","logger":"task.stdout"}
{"timestamp":"2025-12-03T07:46:47.999017Z","level":"info","event":"1     2023-01-02  000660.KS  ...   73188.901245    1376985.0","logger":"task.stdout"}
{"timestamp":"2025-12-03T07:46:47.999168Z","level":"info","event":"2     2023-01-02  005380.KS  ...  134127.179737    1132256.0","logger":"task.stdout"}
{"timestamp":"2025-12-03T07:46:47.999356Z","level":"info","event":"3     2023-01-02  005930.KS  ...   52343.414062   10031448.0","logger":"task.stdout"}
{"timestamp":"2025-12-03T07:46:47.999545Z","level":"info","event":"4     2023-01-02  006400.KS  ...  593338.416528     142102.0","logger":"task.stdout"}
{"timestamp":"2025-12-03T07:46:47.999731Z","level":"info","event":"...          ...        ...  ...            ...          ...","logger":"task.stdout"}
{"timestamp":"2025-12-03T07:46:47.999836Z","level":"info","event":"6195  2023-12-29       NVDA  ...      49.788035  389293000.0","logger":"task.stdout"}
{"timestamp":"2025-12-03T07:46:47.999933Z","level":"info","event":"6196  2023-12-29      TCEHY  ...      36.761280    2173500.0","logger":"task.stdout"}
{"timestamp":"2025-12-03T07:46:48.000026Z","level":"info","event":"6197  2023-12-29       TSLA  ...     255.100006  100891600.0","logger":"task.stdout"}
{"timestamp":"2025-12-03T07:46:48.000123Z","level":"info","event":"6198  2023-12-29          V  ...     256.769680    4074900.0","logger":"task.stdout"}
{"timestamp":"2025-12-03T07:46:48.000215Z","level":"info","event":"6199  2023-12-29       XPEV  ...      14.530000   14597800.0","logger":"task.stdout"}
{"timestamp":"2025-12-03T07:46:48.000307Z","level":"info","event":"","logger":"task.stdout"}
{"timestamp":"2025-12-03T07:46:48.000399Z","level":"info","event":"[6200 rows x 8 columns]","logger":"task.stdout"}
{"timestamp":"2025-12-03T07:46:48.002238Z","level":"info","event":"Done. Returned value was: Price       Date     Ticker  ...           Open       Volume\n0     2023-01-02  000270.KS  ...   54136.334870    1548935.0\n1     2023-01-02  000660.KS  ...   73188.901245    1376985.0\n2     2023-01-02  005380.KS  ...  134127.179737    1132256.0\n3     2023-01-02  005930.KS  ...   52343.414062   10031448.0\n4     2023-01-02  006400.KS  ...  593338.416528     142102.0\n...          ...        ...  ...            ...          ...\n6195  2023-12-29       NVDA  ...      49.788035  389293000.0\n6196  2023-12-29      TCEHY  ...      36.761280    2173500.0\n6197  2023-12-29       TSLA  ...     255.100006  100891600.0\n6198  2023-12-29          V  ...     256.769680    4074900.0\n6199  2023-12-29       XPEV  ...      14.530000   14597800.0\n\n[6200 rows x 8 columns]","logger":"airflow.task.operators.airflow.providers.standard.operators.python.PythonOperator","filename":"python.py","lineno":215}
{"timestamp":"2025-12-03T07:46:48.002386Z","level":"info","event":"Pushing xcom","ti":"RuntimeTaskInstance(id=UUID('019ae32d-7e9f-7fd2-994c-647fb9512617'), task_id='stock_fetch_task', dag_id='dag_stock_backfill', run_id='scheduled__2023-12-31T00:00:00+00:00', try_number=1, dag_version_id=UUID('019ae32d-372a-7691-af66-f411f88dba12'), map_index=-1, hostname='7a819b9fe5f2', context_carrier={}, task=<Task(PythonOperator): stock_fetch_task>, bundle_instance=LocalDagBundle(name=dags-folder), max_tries=0, start_date=datetime.datetime(2025, 12, 3, 7, 46, 42, 936632, tzinfo=datetime.timezone.utc), end_date=None, state=<TaskInstanceState.RUNNING: 'running'>, is_mapped=False, rendered_map_index=None)","logger":"task","filename":"task_runner.py","lineno":1360}
