{"timestamp":"2025-12-02T08:16:38.731146Z","level":"info","event":"DAG bundles loaded: dags-folder","logger":"airflow.dag_processing.bundles.manager.DagBundlesManager","filename":"manager.py","lineno":179}
{"timestamp":"2025-12-02T08:16:38.734794Z","level":"info","event":"Filling up the DagBag from /opt/airflow/dags/dag_yfinance_main.py","logger":"airflow.models.dagbag.DagBag","filename":"dagbag.py","lineno":593}
{"timestamp":"2025-12-02T08:16:41.067358Z","level":"info","event":"Triggering Dag Run.","trigger_dag_id":"dag_exchange_rate","logger":"task","filename":"task_runner.py","lineno":1060}
{"timestamp":"2025-12-02T08:16:41.074296Z","level":"info","event":"Dag Run triggered successfully.","trigger_dag_id":"dag_exchange_rate","logger":"task","filename":"task_runner.py","lineno":1094}
{"timestamp":"2025-12-02T08:16:41.077703Z","level":"info","event":"Waiting for dag run to complete execution in allowed state.","dag_id":"dag_exchange_rate","run_id":"manual__2025-12-02T08:16:41.067299+00:00","allowed_state":["success"],"logger":"task","filename":"task_runner.py","lineno":1117}
{"timestamp":"2025-12-02T08:17:41.096438Z","level":"info","event":"Waiting for dag run to complete execution in allowed state.","dag_id":"dag_exchange_rate","run_id":"manual__2025-12-02T08:16:41.067299+00:00","allowed_state":["success"],"logger":"task","filename":"task_runner.py","lineno":1117}
{"timestamp":"2025-12-02T08:18:41.103509Z","level":"info","event":"Waiting for dag run to complete execution in allowed state.","dag_id":"dag_exchange_rate","run_id":"manual__2025-12-02T08:16:41.067299+00:00","allowed_state":["success"],"logger":"task","filename":"task_runner.py","lineno":1117}
{"timestamp":"2025-12-02T08:18:56.143761Z","level":"error","event":"Server indicated the task shouldn't be running anymore. Terminating process","detail":{"detail":{"reason":"not_running","message":"TI is no longer in the running state and task should terminate","current_state":"failed"}},"logger":"task"}
{"timestamp":"2025-12-02T08:19:01.173604Z","level":"error","event":"Task killed!","logger":"task"}
{"timestamp":"2025-12-02T08:24:24.214575Z","level":"info","event":"DAG bundles loaded: dags-folder","logger":"airflow.dag_processing.bundles.manager.DagBundlesManager","filename":"manager.py","lineno":179}
{"timestamp":"2025-12-02T08:24:24.215008Z","level":"info","event":"Filling up the DagBag from /opt/airflow/dags/dag_yfinance_main.py","logger":"airflow.models.dagbag.DagBag","filename":"dagbag.py","lineno":593}
{"timestamp":"2025-12-02T08:24:24.863901Z","level":"info","event":"Triggering Dag Run.","trigger_dag_id":"dag_exchange_rate","logger":"task","filename":"task_runner.py","lineno":1060}
{"timestamp":"2025-12-02T08:24:24.881897Z","level":"info","event":"Dag Run triggered successfully.","trigger_dag_id":"dag_exchange_rate","logger":"task","filename":"task_runner.py","lineno":1094}
{"timestamp":"2025-12-02T08:24:24.891577Z","level":"info","event":"Waiting for dag run to complete execution in allowed state.","dag_id":"dag_exchange_rate","run_id":"manual__2025-12-02T08:24:24.863817+00:00","allowed_state":["success"],"logger":"task","filename":"task_runner.py","lineno":1117}
{"timestamp":"2025-12-02T08:25:20.167991Z","level":"error","event":"Server indicated the task shouldn't be running anymore. Terminating process","detail":{"detail":{"reason":"not_running","message":"TI is no longer in the running state and task should terminate","current_state":"failed"}},"logger":"task"}
{"timestamp":"2025-12-02T08:25:24.901677Z","level":"info","event":"DagRun finished with allowed state.","dag_id":"dag_exchange_rate","state":"success","logger":"task","filename":"task_runner.py","lineno":1142}
{"timestamp":"2025-12-02T08:25:24.915289Z","level":"error","event":"Top level error","logger":"task","filename":"task_runner.py","lineno":1465,"error_detail":[{"exc_type":"AirflowRuntimeError","exc_value":"API_SERVER_ERROR: {'status_code': 409, 'message': 'Server returned error', 'detail': {'detail': {'reason': 'invalid_state', 'message': 'TI was not in the running state so it cannot be updated', 'previous_state': 'failed'}}}","exc_notes":[],"syntax_error":null,"is_cause":false,"frames":[{"filename":"/home/airflow/.local/lib/python3.12/site-packages/airflow/sdk/execution_time/task_runner.py","lineno":1458,"name":"main"},{"filename":"/home/airflow/.local/lib/python3.12/site-packages/airflow/sdk/execution_time/task_runner.py","lineno":1007,"name":"run"},{"filename":"/home/airflow/.local/lib/python3.12/site-packages/airflow/sdk/execution_time/comms.py","lineno":207,"name":"send"},{"filename":"/home/airflow/.local/lib/python3.12/site-packages/airflow/sdk/execution_time/comms.py","lineno":271,"name":"_get_response"},{"filename":"/home/airflow/.local/lib/python3.12/site-packages/airflow/sdk/execution_time/comms.py","lineno":258,"name":"_from_frame"}],"is_group":false,"exceptions":[]}]}
{"timestamp":"2025-12-02T08:25:24.927764Z","level":"warning","event":"Process exited abnormally","exit_code":1,"logger":"task"}
{"timestamp":"2025-12-02T08:25:24.928467Z","level":"error","event":"Task killed!","logger":"task"}
{"timestamp":"2025-12-02T08:25:58.718104Z","level":"info","event":"DAG bundles loaded: dags-folder","logger":"airflow.dag_processing.bundles.manager.DagBundlesManager","filename":"manager.py","lineno":179}
{"timestamp":"2025-12-02T08:25:58.719012Z","level":"info","event":"Filling up the DagBag from /opt/airflow/dags/dag_yfinance_main.py","logger":"airflow.models.dagbag.DagBag","filename":"dagbag.py","lineno":593}
{"timestamp":"2025-12-02T08:25:59.395494Z","level":"info","event":"Triggering Dag Run.","trigger_dag_id":"dag_exchange_rate","logger":"task","filename":"task_runner.py","lineno":1060}
{"timestamp":"2025-12-02T08:25:59.422233Z","level":"info","event":"Dag Run triggered successfully.","trigger_dag_id":"dag_exchange_rate","logger":"task","filename":"task_runner.py","lineno":1094}
{"timestamp":"2025-12-02T08:25:59.426559Z","level":"info","event":"Waiting for dag run to complete execution in allowed state.","dag_id":"dag_exchange_rate","run_id":"manual__2025-12-02T08:25:59.395373+00:00","allowed_state":["success"],"logger":"task","filename":"task_runner.py","lineno":1117}
{"timestamp":"2025-12-02T08:26:54.692645Z","level":"error","event":"Server indicated the task shouldn't be running anymore. Terminating process","detail":{"detail":{"reason":"not_running","message":"TI is no longer in the running state and task should terminate","current_state":"failed"}},"logger":"task"}
{"timestamp":"2025-12-02T08:26:59.435535Z","level":"info","event":"DagRun finished with allowed state.","dag_id":"dag_exchange_rate","state":"success","logger":"task","filename":"task_runner.py","lineno":1142}
{"timestamp":"2025-12-02T08:26:59.447501Z","level":"error","event":"Top level error","logger":"task","filename":"task_runner.py","lineno":1465,"error_detail":[{"exc_type":"AirflowRuntimeError","exc_value":"API_SERVER_ERROR: {'status_code': 409, 'message': 'Server returned error', 'detail': {'detail': {'reason': 'invalid_state', 'message': 'TI was not in the running state so it cannot be updated', 'previous_state': 'failed'}}}","exc_notes":[],"syntax_error":null,"is_cause":false,"frames":[{"filename":"/home/airflow/.local/lib/python3.12/site-packages/airflow/sdk/execution_time/task_runner.py","lineno":1458,"name":"main"},{"filename":"/home/airflow/.local/lib/python3.12/site-packages/airflow/sdk/execution_time/task_runner.py","lineno":1007,"name":"run"},{"filename":"/home/airflow/.local/lib/python3.12/site-packages/airflow/sdk/execution_time/comms.py","lineno":207,"name":"send"},{"filename":"/home/airflow/.local/lib/python3.12/site-packages/airflow/sdk/execution_time/comms.py","lineno":271,"name":"_get_response"},{"filename":"/home/airflow/.local/lib/python3.12/site-packages/airflow/sdk/execution_time/comms.py","lineno":258,"name":"_from_frame"}],"is_group":false,"exceptions":[]}]}
{"timestamp":"2025-12-02T08:26:59.461817Z","level":"warning","event":"Process exited abnormally","exit_code":1,"logger":"task"}
{"timestamp":"2025-12-02T08:26:59.462481Z","level":"error","event":"Task killed!","logger":"task"}
{"timestamp":"2025-12-02T08:28:03.939000Z","level":"info","event":"DAG bundles loaded: dags-folder","logger":"airflow.dag_processing.bundles.manager.DagBundlesManager","filename":"manager.py","lineno":179}
{"timestamp":"2025-12-02T08:28:03.939772Z","level":"info","event":"Filling up the DagBag from /opt/airflow/dags/dag_yfinance_main.py","logger":"airflow.models.dagbag.DagBag","filename":"dagbag.py","lineno":593}
{"timestamp":"2025-12-02T08:28:04.685916Z","level":"info","event":"Triggering Dag Run.","trigger_dag_id":"dag_exchange_rate","logger":"task","filename":"task_runner.py","lineno":1060}
{"timestamp":"2025-12-02T08:28:04.707013Z","level":"info","event":"Dag Run triggered successfully.","trigger_dag_id":"dag_exchange_rate","logger":"task","filename":"task_runner.py","lineno":1094}
{"timestamp":"2025-12-02T08:28:04.721417Z","level":"info","event":"Waiting for dag run to complete execution in allowed state.","dag_id":"dag_exchange_rate","run_id":"manual__2025-12-02T08:28:04.685830+00:00","allowed_state":["success"],"logger":"task","filename":"task_runner.py","lineno":1117}
{"timestamp":"2025-12-02T08:29:04.735098Z","level":"info","event":"DagRun finished with allowed state.","dag_id":"dag_exchange_rate","state":"success","logger":"task","filename":"task_runner.py","lineno":1142}
{"timestamp":"2025-12-04T07:48:16.701533Z","level":"info","event":"DAG bundles loaded: dags-folder","logger":"airflow.dag_processing.bundles.manager.DagBundlesManager","filename":"manager.py","lineno":179}
{"timestamp":"2025-12-04T07:48:16.708094Z","level":"info","event":"Filling up the DagBag from /opt/airflow/dags/dag_yfinance_main.py","logger":"airflow.models.dagbag.DagBag","filename":"dagbag.py","lineno":593}
{"timestamp":"2025-12-04T07:48:19.808739Z","level":"info","event":"Triggering Dag Run.","trigger_dag_id":"dag_exchange_rate","logger":"task","filename":"task_runner.py","lineno":1060}
{"timestamp":"2025-12-04T07:48:19.887290Z","level":"info","event":"Dag Run triggered successfully.","trigger_dag_id":"dag_exchange_rate","logger":"task","filename":"task_runner.py","lineno":1094}
{"timestamp":"2025-12-04T07:48:19.921363Z","level":"info","event":"Waiting for dag run to complete execution in allowed state.","dag_id":"dag_exchange_rate","run_id":"manual__2025-12-04T07:48:19.808574+00:00","allowed_state":["success"],"logger":"task","filename":"task_runner.py","lineno":1117}
{"timestamp":"2025-12-04T07:49:19.933800Z","level":"info","event":"DagRun finished with allowed state.","dag_id":"dag_exchange_rate","state":"success","logger":"task","filename":"task_runner.py","lineno":1142}
