{"timestamp":"2025-12-02T04:29:34.694403Z","level":"info","event":"DAG bundles loaded: dags-folder","logger":"airflow.dag_processing.bundles.manager.DagBundlesManager","filename":"manager.py","lineno":179}
{"timestamp":"2025-12-02T04:29:34.694783Z","level":"info","event":"Filling up the DagBag from /opt/airflow/dags/stock_dag.py","logger":"airflow.models.dagbag.DagBag","filename":"dagbag.py","lineno":593}
{"timestamp":"2025-12-02T04:29:35.160128Z","level":"info","event":"[QueryLoader] Loading JSON from: /opt/airflow/query/ticker_info.json","logger":"task.stdout"}
{"timestamp":"2025-12-02T04:29:35.185560Z","level":"info","event":"INSERT INTO stock_prices (Date,Ticker,Open,High,Low,Close,Volume) VALUES","logger":"task.stdout"}
{"timestamp":"2025-12-02T04:29:35.185792Z","level":"warning","event":"YF.download() has changed argument auto_adjust default to True","category":"FutureWarning","filename":"/opt/airflow/dags/stock_dag.py","lineno":36,"logger":"py.warnings"}
{"timestamp":"2025-12-02T04:29:38.148465Z","level":"error","event":"\r[                       0%                       ]\r[****                   8%                       ]  2 of 26 completed\r[******                12%                       ]  3 of 26 completed\r[*******               15%                       ]  4 of 26 completed\r[*********             19%                       ]  5 of 26 completed\r[***********           23%                       ]  6 of 26 completed\r[*************         27%                       ]  7 of 26 completed\r[***************       31%                       ]  8 of 26 completed\r[*****************     35%                       ]  9 of 26 completed\r[******************    38%                       ]  10 of 26 completed\r[********************  42%                       ]  11 of 26 completed\r[**********************46%                       ]  12 of 26 completed\r[**********************50%                       ]  13 of 26 completed\r[**********************54%*                      ]  14 of 26 completed\r[**********************58%***                    ]  15 of 26 completed\r[**********************62%*****                  ]  16 of 26 completed\r[**********************65%******                 ]  17 of 26 completed\r[**********************69%********               ]  18 of 26 completed\r[**********************73%**********             ]  19 of 26 completed\r[**********************77%************           ]  20 of 26 completed\r[**********************81%**************         ]  21 of 26 completed\r[**********************85%****************       ]  22 of 26 completed\r[**********************88%*****************      ]  23 of 26 completed\r[**********************92%*******************    ]  24 of 26 completed\r[**********************96%*********************  ]  25 of 26 completed\r[*********************100%***********************]  26 of 26 completed","logger":"task.stderr"}
{"timestamp":"2025-12-02T04:29:38.148489Z","level":"error","event":"\n1 Failed download:","logger":"yfinance","filename":"multi.py","lineno":185}
{"timestamp":"2025-12-02T04:29:38.148600Z","level":"error","event":"['PING']: YFTzMissingError('possibly delisted; no timezone found')","logger":"yfinance","filename":"multi.py","lineno":198}
{"timestamp":"2025-12-02T04:29:38.166229Z","level":"info","event":"Price       Date     Ticker  ...           Open       Volume","logger":"task.stdout"}
{"timestamp":"2025-12-02T04:29:38.166632Z","level":"info","event":"0     2025-11-24  000270.KS  ...  114900.000000    1566600.0","logger":"task.stdout"}
{"timestamp":"2025-12-02T04:29:38.166928Z","level":"info","event":"1     2025-11-24  000660.KS  ...  530619.971214    6399162.0","logger":"task.stdout"}
{"timestamp":"2025-12-02T04:29:38.167177Z","level":"info","event":"2     2025-11-24  005380.KS  ...  259495.213228     610389.0","logger":"task.stdout"}
{"timestamp":"2025-12-02T04:29:38.167379Z","level":"info","event":"3     2025-11-24  005930.KS  ...   97800.000000   29831172.0","logger":"task.stdout"}
{"timestamp":"2025-12-02T04:29:38.167563Z","level":"info","event":"4     2025-11-24  006400.KS  ...  291500.000000     808887.0","logger":"task.stdout"}
{"timestamp":"2025-12-02T04:29:38.167784Z","level":"info","event":"..           ...        ...  ...            ...          ...","logger":"task.stdout"}
{"timestamp":"2025-12-02T04:29:38.167936Z","level":"info","event":"105   2025-11-28       NVDA  ...     179.009995  121332800.0","logger":"task.stdout"}
{"timestamp":"2025-12-02T04:29:38.168086Z","level":"info","event":"106   2025-11-28      TCEHY  ...      78.849998    1125700.0","logger":"task.stdout"}
{"timestamp":"2025-12-02T04:29:38.168221Z","level":"info","event":"107   2025-11-28       TSLA  ...     426.589996   36252900.0","logger":"task.stdout"}
{"timestamp":"2025-12-02T04:29:38.168346Z","level":"info","event":"108   2025-11-28          V  ...     333.429993    4586200.0","logger":"task.stdout"}
{"timestamp":"2025-12-02T04:29:38.168483Z","level":"info","event":"109   2025-11-28       XPEV  ...      21.500000    6054000.0","logger":"task.stdout"}
{"timestamp":"2025-12-02T04:29:38.168607Z","level":"info","event":"","logger":"task.stdout"}
{"timestamp":"2025-12-02T04:29:38.168730Z","level":"info","event":"[110 rows x 8 columns]","logger":"task.stdout"}
{"timestamp":"2025-12-02T04:29:38.169767Z","level":"info","event":"Done. Returned value was: Price       Date     Ticker  ...           Open       Volume\n0     2025-11-24  000270.KS  ...  114900.000000    1566600.0\n1     2025-11-24  000660.KS  ...  530619.971214    6399162.0\n2     2025-11-24  005380.KS  ...  259495.213228     610389.0\n3     2025-11-24  005930.KS  ...   97800.000000   29831172.0\n4     2025-11-24  006400.KS  ...  291500.000000     808887.0\n..           ...        ...  ...            ...          ...\n105   2025-11-28       NVDA  ...     179.009995  121332800.0\n106   2025-11-28      TCEHY  ...      78.849998    1125700.0\n107   2025-11-28       TSLA  ...     426.589996   36252900.0\n108   2025-11-28          V  ...     333.429993    4586200.0\n109   2025-11-28       XPEV  ...      21.500000    6054000.0\n\n[110 rows x 8 columns]","logger":"airflow.task.operators.airflow.providers.standard.operators.python.PythonOperator","filename":"python.py","lineno":215}
{"timestamp":"2025-12-02T04:29:38.169938Z","level":"info","event":"Pushing xcom","ti":"RuntimeTaskInstance(id=UUID('019add52-a58c-7faa-a840-d6a8c7cbca86'), task_id='stock_fetch_task', dag_id='dag_stock_pipeline', run_id='scheduled__2025-12-01T09:00:00+00:00', try_number=1, dag_version_id=UUID('019add52-0b6e-7e47-ab3f-6c33d4069acb'), map_index=-1, hostname='79ef6dbc7607', context_carrier={}, task=<Task(PythonOperator): stock_fetch_task>, bundle_instance=LocalDagBundle(name=dags-folder), max_tries=0, start_date=datetime.datetime(2025, 12, 2, 4, 29, 34, 658388, tzinfo=datetime.timezone.utc), end_date=None, state=<TaskInstanceState.RUNNING: 'running'>, is_mapped=False, rendered_map_index=None)","logger":"task","filename":"task_runner.py","lineno":1360}
