{"timestamp":"2025-12-02T08:24:27.659848Z","level":"info","event":"DAG bundles loaded: dags-folder","logger":"airflow.dag_processing.bundles.manager.DagBundlesManager","filename":"manager.py","lineno":179}
{"timestamp":"2025-12-02T08:24:27.660280Z","level":"info","event":"Filling up the DagBag from /opt/airflow/dags/dag_stock.py","logger":"airflow.models.dagbag.DagBag","filename":"dagbag.py","lineno":593}
{"timestamp":"2025-12-02T08:24:28.180351Z","level":"info","event":"[QueryLoader] Loading JSON from: /opt/airflow/query/ticker_info.json","logger":"task.stdout"}
{"timestamp":"2025-12-02T08:24:28.206166Z","level":"info","event":"INSERT INTO stock_prices (Date,Ticker,Open,High,Low,Close,Volume) VALUES","logger":"task.stdout"}
{"timestamp":"2025-12-02T08:24:28.206299Z","level":"warning","event":"YF.download() has changed argument auto_adjust default to True","category":"FutureWarning","filename":"/opt/airflow/dags/dag_stock.py","lineno":36,"logger":"py.warnings"}
{"timestamp":"2025-12-02T08:24:31.753596Z","level":"error","event":"\r[                       0%                       ]\r[                       0%                       ]\r[******                12%                       ]  3 of 26 completed\r[*******               15%                       ]  4 of 26 completed\r[*********             19%                       ]  5 of 26 completed\r[***********           23%                       ]  6 of 26 completed\r[*************         27%                       ]  7 of 26 completed\r[***************       31%                       ]  8 of 26 completed\r[*****************     35%                       ]  9 of 26 completed\r[******************    38%                       ]  10 of 26 completed\r[********************  42%                       ]  11 of 26 completed\r[**********************46%                       ]  12 of 26 completed\r[**********************50%                       ]  13 of 26 completed\r[**********************54%*                      ]  14 of 26 completed\r[**********************58%***                    ]  15 of 26 completed\r[**********************62%*****                  ]  16 of 26 completed\r[**********************65%******                 ]  17 of 26 completed\r[**********************69%********               ]  18 of 26 completed\r[**********************73%**********             ]  19 of 26 completed\r[**********************77%************           ]  20 of 26 completed\r[**********************81%**************         ]  21 of 26 completed\r[**********************85%****************       ]  22 of 26 completed\r[**********************88%*****************      ]  23 of 26 completed\r[**********************92%*******************    ]  24 of 26 completed\r[**********************96%*********************  ]  25 of 26 completed\r[*********************100%***********************]  26 of 26 completed","logger":"task.stderr"}
{"timestamp":"2025-12-02T08:24:31.753964Z","level":"error","event":"\n1 Failed download:","logger":"yfinance","filename":"multi.py","lineno":185}
{"timestamp":"2025-12-02T08:24:31.754406Z","level":"error","event":"['PING']: YFTzMissingError('possibly delisted; no timezone found')","logger":"yfinance","filename":"multi.py","lineno":198}
{"timestamp":"2025-12-02T08:24:31.776383Z","level":"info","event":"Price       Date     Ticker  ...           Open       Volume","logger":"task.stdout"}
{"timestamp":"2025-12-02T08:24:31.776652Z","level":"info","event":"0     2025-11-25  000270.KS  ...  112200.000000     632037.0","logger":"task.stdout"}
{"timestamp":"2025-12-02T08:24:31.777102Z","level":"info","event":"1     2025-11-25  000660.KS  ...  545609.239162    3716730.0","logger":"task.stdout"}
{"timestamp":"2025-12-02T08:24:31.777237Z","level":"info","event":"2     2025-11-25  005380.KS  ...  258504.773483     390393.0","logger":"task.stdout"}
{"timestamp":"2025-12-02T08:24:31.777357Z","level":"info","event":"3     2025-11-25  005930.KS  ...  101400.000000   16110054.0","logger":"task.stdout"}
{"timestamp":"2025-12-02T08:24:31.777440Z","level":"info","event":"4     2025-11-25  006400.KS  ...  288000.000000     265462.0","logger":"task.stdout"}
{"timestamp":"2025-12-02T08:24:31.777590Z","level":"info","event":"..           ...        ...  ...            ...          ...","logger":"task.stdout"}
{"timestamp":"2025-12-02T08:24:31.777681Z","level":"info","event":"80    2025-11-28       NVDA  ...     179.009995  121332800.0","logger":"task.stdout"}
{"timestamp":"2025-12-02T08:24:31.777774Z","level":"info","event":"81    2025-11-28      TCEHY  ...      78.849998    1125700.0","logger":"task.stdout"}
{"timestamp":"2025-12-02T08:24:31.777860Z","level":"info","event":"82    2025-11-28       TSLA  ...     426.589996   36252900.0","logger":"task.stdout"}
{"timestamp":"2025-12-02T08:24:31.777943Z","level":"info","event":"83    2025-11-28          V  ...     333.429993    4586200.0","logger":"task.stdout"}
{"timestamp":"2025-12-02T08:24:31.778086Z","level":"info","event":"84    2025-11-28       XPEV  ...      21.500000    6054000.0","logger":"task.stdout"}
{"timestamp":"2025-12-02T08:24:31.778274Z","level":"info","event":"","logger":"task.stdout"}
{"timestamp":"2025-12-02T08:24:31.778391Z","level":"info","event":"[85 rows x 8 columns]","logger":"task.stdout"}
{"timestamp":"2025-12-02T08:24:31.782100Z","level":"info","event":"Done. Returned value was: Price       Date     Ticker  ...           Open       Volume\n0     2025-11-25  000270.KS  ...  112200.000000     632037.0\n1     2025-11-25  000660.KS  ...  545609.239162    3716730.0\n2     2025-11-25  005380.KS  ...  258504.773483     390393.0\n3     2025-11-25  005930.KS  ...  101400.000000   16110054.0\n4     2025-11-25  006400.KS  ...  288000.000000     265462.0\n..           ...        ...  ...            ...          ...\n80    2025-11-28       NVDA  ...     179.009995  121332800.0\n81    2025-11-28      TCEHY  ...      78.849998    1125700.0\n82    2025-11-28       TSLA  ...     426.589996   36252900.0\n83    2025-11-28          V  ...     333.429993    4586200.0\n84    2025-11-28       XPEV  ...      21.500000    6054000.0\n\n[85 rows x 8 columns]","logger":"airflow.task.operators.airflow.providers.standard.operators.python.PythonOperator","filename":"python.py","lineno":215}
{"timestamp":"2025-12-02T08:24:31.782362Z","level":"info","event":"Pushing xcom","ti":"RuntimeTaskInstance(id=UUID('019ade29-ae46-76c0-9c68-e23b0f38bca6'), task_id='stock_fetch_task', dag_id='dag_stock', run_id='manual__2025-12-02T08:24:24.867829+00:00', try_number=1, dag_version_id=UUID('019ade1e-a212-7dec-8472-8e73f3be06cc'), map_index=-1, hostname='ba535620439c', context_carrier={}, task=<Task(PythonOperator): stock_fetch_task>, bundle_instance=LocalDagBundle(name=dags-folder), max_tries=0, start_date=datetime.datetime(2025, 12, 2, 8, 24, 27, 619253, tzinfo=datetime.timezone.utc), end_date=None, state=<TaskInstanceState.RUNNING: 'running'>, is_mapped=False, rendered_map_index=None)","logger":"task","filename":"task_runner.py","lineno":1360}
