{"timestamp":"2025-12-02T01:27:02.249163Z","level":"info","event":"DAG bundles loaded: dags-folder","logger":"airflow.dag_processing.bundles.manager.DagBundlesManager","filename":"manager.py","lineno":179}
{"timestamp":"2025-12-02T01:27:02.249718Z","level":"info","event":"Filling up the DagBag from /opt/airflow/dags/stock_dag.py","logger":"airflow.models.dagbag.DagBag","filename":"dagbag.py","lineno":593}
{"timestamp":"2025-12-02T01:27:02.700455Z","level":"info","event":"[QueryLoader] Loading JSON from: /opt/airflow/query/ticker_info.json","logger":"task.stdout"}
{"timestamp":"2025-12-02T01:27:02.721153Z","level":"info","event":"INSERT INTO stock_prices (Date,Ticker,Open,High,Low,Close,Volume) VALUES (?,?,?,?,?,?,?);","logger":"task.stdout"}
{"timestamp":"2025-12-02T01:27:02.721344Z","level":"info","event":"2025-11-25","logger":"task.stdout"}
{"timestamp":"2025-12-02T01:27:02.721470Z","level":"info","event":"2025-12-01","logger":"task.stdout"}
{"timestamp":"2025-12-02T01:27:02.721311Z","level":"warning","event":"YF.download() has changed argument auto_adjust default to True","category":"FutureWarning","filename":"/opt/airflow/dags/stock_dag.py","lineno":60,"logger":"py.warnings"}
{"timestamp":"2025-12-02T01:27:02.722149Z","level":"info","event":"Failed to create TzCache, reason: Error creating TzCache folder: '/home/airflow/.cache/py-yfinance' reason: [Errno 17] File exists: '/home/airflow/.cache/py-yfinance'. TzCache will not be used. Tip: You can direct cache to use a different location with 'set_tz_cache_location(mylocation)'","logger":"yfinance","filename":"cache.py","lineno":132}
{"timestamp":"2025-12-02T01:27:07.157096Z","level":"error","event":"\r[                       0%                       ]\r[****                   8%                       ]  2 of 26 completed\r[******                12%                       ]  3 of 26 completed\r[*******               15%                       ]  4 of 26 completed\r[*********             19%                       ]  5 of 26 completed\r[***********           23%                       ]  6 of 26 completed\r[*************         27%                       ]  7 of 26 completed\r[***************       31%                       ]  8 of 26 completed\r[*****************     35%                       ]  9 of 26 completed\r[******************    38%                       ]  10 of 26 completed\r[********************  42%                       ]  11 of 26 completed\r[**********************46%                       ]  12 of 26 completed\r[**********************50%                       ]  13 of 26 completed\r[**********************54%*                      ]  14 of 26 completed\r[**********************58%***                    ]  15 of 26 completed\r[**********************62%*****                  ]  16 of 26 completed\r[**********************65%******                 ]  17 of 26 completed\r[**********************69%********               ]  18 of 26 completed\r[**********************73%**********             ]  19 of 26 completed\r[**********************77%************           ]  20 of 26 completed\r[**********************81%**************         ]  21 of 26 completed\r[**********************85%****************       ]  22 of 26 completed\r[**********************88%*****************      ]  23 of 26 completed\r[**********************92%*******************    ]  24 of 26 completed\r[**********************96%*********************  ]  25 of 26 completed\r[*********************100%***********************]  26 of 26 completed","logger":"task.stderr"}
{"timestamp":"2025-12-02T01:27:07.157123Z","level":"error","event":"\n1 Failed download:","logger":"yfinance","filename":"multi.py","lineno":185}
{"timestamp":"2025-12-02T01:27:07.157203Z","level":"error","event":"['PING']: YFTzMissingError('possibly delisted; no timezone found')","logger":"yfinance","filename":"multi.py","lineno":198}
{"timestamp":"2025-12-02T01:27:07.179461Z","level":"info","event":"Price       Date     Ticker  ...           Open       Volume","logger":"task.stdout"}
{"timestamp":"2025-12-02T01:27:07.179679Z","level":"info","event":"0     2025-11-25  000270.KS  ...  112200.000000     632037.0","logger":"task.stdout"}
{"timestamp":"2025-12-02T01:27:07.179904Z","level":"info","event":"1     2025-11-25  000660.KS  ...  545609.239162    3716730.0","logger":"task.stdout"}
{"timestamp":"2025-12-02T01:27:07.180030Z","level":"info","event":"2     2025-11-25  005380.KS  ...  258504.773483     390393.0","logger":"task.stdout"}
{"timestamp":"2025-12-02T01:27:07.180142Z","level":"info","event":"3     2025-11-25  005930.KS  ...  101400.000000   16110054.0","logger":"task.stdout"}
{"timestamp":"2025-12-02T01:27:07.180252Z","level":"info","event":"4     2025-11-25  006400.KS  ...  288000.000000     265462.0","logger":"task.stdout"}
{"timestamp":"2025-12-02T01:27:07.180384Z","level":"info","event":"..           ...        ...  ...            ...          ...","logger":"task.stdout"}
{"timestamp":"2025-12-02T01:27:07.180504Z","level":"info","event":"80    2025-11-28       NVDA  ...     179.009995  121332800.0","logger":"task.stdout"}
{"timestamp":"2025-12-02T01:27:07.180617Z","level":"info","event":"81    2025-11-28      TCEHY  ...      78.849998    1125700.0","logger":"task.stdout"}
{"timestamp":"2025-12-02T01:27:07.180725Z","level":"info","event":"82    2025-11-28       TSLA  ...     426.589996   36252900.0","logger":"task.stdout"}
{"timestamp":"2025-12-02T01:27:07.180834Z","level":"info","event":"83    2025-11-28          V  ...     333.429993    4586200.0","logger":"task.stdout"}
{"timestamp":"2025-12-02T01:27:07.180939Z","level":"info","event":"84    2025-11-28       XPEV  ...      21.500000    6054000.0","logger":"task.stdout"}
{"timestamp":"2025-12-02T01:27:07.181045Z","level":"info","event":"","logger":"task.stdout"}
{"timestamp":"2025-12-02T01:27:07.181152Z","level":"info","event":"[85 rows x 8 columns]","logger":"task.stdout"}
{"timestamp":"2025-12-02T01:27:07.182941Z","level":"info","event":"Done. Returned value was: Price       Date     Ticker  ...           Open       Volume\n0     2025-11-25  000270.KS  ...  112200.000000     632037.0\n1     2025-11-25  000660.KS  ...  545609.239162    3716730.0\n2     2025-11-25  005380.KS  ...  258504.773483     390393.0\n3     2025-11-25  005930.KS  ...  101400.000000   16110054.0\n4     2025-11-25  006400.KS  ...  288000.000000     265462.0\n..           ...        ...  ...            ...          ...\n80    2025-11-28       NVDA  ...     179.009995  121332800.0\n81    2025-11-28      TCEHY  ...      78.849998    1125700.0\n82    2025-11-28       TSLA  ...     426.589996   36252900.0\n83    2025-11-28          V  ...     333.429993    4586200.0\n84    2025-11-28       XPEV  ...      21.500000    6054000.0\n\n[85 rows x 8 columns]","logger":"airflow.task.operators.airflow.providers.standard.operators.python.PythonOperator","filename":"python.py","lineno":215}
{"timestamp":"2025-12-02T01:27:07.183072Z","level":"info","event":"Pushing xcom","ti":"RuntimeTaskInstance(id=UUID('019adcab-7d3b-7523-989a-5ee636dcf959'), task_id='stock_fetch_task', dag_id='dag_yfinance_pipeline', run_id='manual__2025-12-02T01:26:56+00:00', try_number=1, dag_version_id=UUID('019adcab-55c8-7a39-aefb-fd0463f0450f'), map_index=-1, hostname='79ef6dbc7607', context_carrier={}, task=<Task(PythonOperator): stock_fetch_task>, bundle_instance=LocalDagBundle(name=dags-folder), max_tries=0, start_date=datetime.datetime(2025, 12, 2, 1, 27, 2, 229757, tzinfo=datetime.timezone.utc), end_date=None, state=<TaskInstanceState.RUNNING: 'running'>, is_mapped=False, rendered_map_index=None)","logger":"task","filename":"task_runner.py","lineno":1360}
