{"timestamp":"2025-12-04T07:48:25.136288Z","level":"info","event":"DAG bundles loaded: dags-folder","logger":"airflow.dag_processing.bundles.manager.DagBundlesManager","filename":"manager.py","lineno":179}
{"timestamp":"2025-12-04T07:48:25.136793Z","level":"info","event":"Filling up the DagBag from /opt/airflow/dags/dag_stock.py","logger":"airflow.models.dagbag.DagBag","filename":"dagbag.py","lineno":593}
{"timestamp":"2025-12-04T07:48:26.722374Z","level":"info","event":"[QueryLoader] Loading JSON from: /opt/airflow/query/ticker_info.json","logger":"task.stdout"}
{"timestamp":"2025-12-04T07:48:27.135000Z","level":"info","event":"INSERT INTO stock_prices (Date,Ticker,Open,High,Low,Close,Volume) VALUES","logger":"task.stdout"}
{"timestamp":"2025-12-04T07:48:27.138343Z","level":"warning","event":"YF.download() has changed argument auto_adjust default to True","category":"FutureWarning","filename":"/opt/airflow/dags/dag_stock.py","lineno":36,"logger":"py.warnings"}
{"timestamp":"2025-12-04T07:48:31.284686Z","level":"error","event":"\r[                       0%                       ]\r[****                   8%                       ]  2 of 26 completed\r[******                12%                       ]  3 of 26 completed\r[*******               15%                       ]  4 of 26 completed\r[*********             19%                       ]  5 of 26 completed\r[***********           23%                       ]  6 of 26 completed\r[*************         27%                       ]  7 of 26 completed\r[***************       31%                       ]  8 of 26 completed\r[*****************     35%                       ]  9 of 26 completed\r[******************    38%                       ]  10 of 26 completed\r[********************  42%                       ]  11 of 26 completed\r[**********************46%                       ]  12 of 26 completed\r[**********************50%                       ]  13 of 26 completed\r[**********************54%*                      ]  14 of 26 completed\r[**********************58%***                    ]  15 of 26 completed\r[**********************62%*****                  ]  16 of 26 completed\r[**********************65%******                 ]  17 of 26 completed\r[**********************69%********               ]  18 of 26 completed\r[**********************73%**********             ]  19 of 26 completed\r[**********************77%************           ]  20 of 26 completed\r[**********************81%**************         ]  21 of 26 completed\r[**********************85%****************       ]  22 of 26 completed\r[**********************88%*****************      ]  23 of 26 completed\r[**********************92%*******************    ]  24 of 26 completed\r[**********************96%*********************  ]  25 of 26 completed\r[*********************100%***********************]  26 of 26 completed","logger":"task.stderr"}
{"timestamp":"2025-12-04T07:48:31.284826Z","level":"error","event":"\n1 Failed download:","logger":"yfinance","filename":"multi.py","lineno":185}
{"timestamp":"2025-12-04T07:48:31.285198Z","level":"error","event":"['PING']: YFTzMissingError('possibly delisted; no timezone found')","logger":"yfinance","filename":"multi.py","lineno":198}
{"timestamp":"2025-12-04T07:48:31.318391Z","level":"info","event":"Price       Date     Ticker  ...           Open       Volume","logger":"task.stdout"}
{"timestamp":"2025-12-04T07:48:31.318730Z","level":"info","event":"0     2025-11-27  000270.KS  ...  113000.000000     477958.0","logger":"task.stdout"}
{"timestamp":"2025-12-04T07:48:31.319246Z","level":"info","event":"1     2025-11-27  000660.KS  ...  535000.000000    3654092.0","logger":"task.stdout"}
{"timestamp":"2025-12-04T07:48:31.319427Z","level":"info","event":"2     2025-11-27  005380.KS  ...  261500.000000     289061.0","logger":"task.stdout"}
{"timestamp":"2025-12-04T07:48:31.319672Z","level":"info","event":"3     2025-11-27  005930.KS  ...  104100.000000   16453004.0","logger":"task.stdout"}
{"timestamp":"2025-12-04T07:48:31.319864Z","level":"info","event":"4     2025-11-27  006400.KS  ...  307000.000000     256219.0","logger":"task.stdout"}
{"timestamp":"2025-12-04T07:48:31.320359Z","level":"info","event":"..           ...        ...  ...            ...          ...","logger":"task.stdout"}
{"timestamp":"2025-12-04T07:48:31.320523Z","level":"info","event":"80    2025-12-02       NVDA  ...     181.759995  182632200.0","logger":"task.stdout"}
{"timestamp":"2025-12-04T07:48:31.320698Z","level":"info","event":"81    2025-12-02      TCEHY  ...      79.000000    2041000.0","logger":"task.stdout"}
{"timestamp":"2025-12-04T07:48:31.320879Z","level":"info","event":"82    2025-12-02       TSLA  ...     430.809998   69336600.0","logger":"task.stdout"}
{"timestamp":"2025-12-04T07:48:31.321043Z","level":"info","event":"83    2025-12-02          V  ...     331.450012    8201900.0","logger":"task.stdout"}
{"timestamp":"2025-12-04T07:48:31.321187Z","level":"info","event":"84    2025-12-02       XPEV  ...      20.400000   16741100.0","logger":"task.stdout"}
{"timestamp":"2025-12-04T07:48:31.321338Z","level":"info","event":"","logger":"task.stdout"}
{"timestamp":"2025-12-04T07:48:31.321490Z","level":"info","event":"[85 rows x 8 columns]","logger":"task.stdout"}
{"timestamp":"2025-12-04T07:48:31.322623Z","level":"info","event":"Done. Returned value was: Price       Date     Ticker  ...           Open       Volume\n0     2025-11-27  000270.KS  ...  113000.000000     477958.0\n1     2025-11-27  000660.KS  ...  535000.000000    3654092.0\n2     2025-11-27  005380.KS  ...  261500.000000     289061.0\n3     2025-11-27  005930.KS  ...  104100.000000   16453004.0\n4     2025-11-27  006400.KS  ...  307000.000000     256219.0\n..           ...        ...  ...            ...          ...\n80    2025-12-02       NVDA  ...     181.759995  182632200.0\n81    2025-12-02      TCEHY  ...      79.000000    2041000.0\n82    2025-12-02       TSLA  ...     430.809998   69336600.0\n83    2025-12-02          V  ...     331.450012    8201900.0\n84    2025-12-02       XPEV  ...      20.400000   16741100.0\n\n[85 rows x 8 columns]","logger":"airflow.task.operators.airflow.providers.standard.operators.python.PythonOperator","filename":"python.py","lineno":215}
{"timestamp":"2025-12-04T07:48:31.323684Z","level":"info","event":"Pushing xcom","ti":"RuntimeTaskInstance(id=UUID('019ae855-5d73-7512-9f8f-7186460b08df'), task_id='stock_fetch_task', dag_id='dag_stock', run_id='manual__2025-12-04T07:48:19.894938+00:00', try_number=1, dag_version_id=UUID('019ae853-f936-7208-a318-b520931602aa'), map_index=-1, hostname='d63e7f5451d9', context_carrier={}, task=<Task(PythonOperator): stock_fetch_task>, bundle_instance=LocalDagBundle(name=dags-folder), max_tries=0, start_date=datetime.datetime(2025, 12, 4, 7, 48, 25, 75946, tzinfo=datetime.timezone.utc), end_date=None, state=<TaskInstanceState.RUNNING: 'running'>, is_mapped=False, rendered_map_index=None)","logger":"task","filename":"task_runner.py","lineno":1360}
