{"timestamp":"2025-12-03T09:00:03.795459Z","level":"info","event":"DAG bundles loaded: dags-folder","logger":"airflow.dag_processing.bundles.manager.DagBundlesManager","filename":"manager.py","lineno":179}
{"timestamp":"2025-12-03T09:00:03.795837Z","level":"info","event":"Filling up the DagBag from /opt/airflow/dags/dag_index.py","logger":"airflow.models.dagbag.DagBag","filename":"dagbag.py","lineno":593}
{"timestamp":"2025-12-03T09:00:04.705665Z","level":"info","event":"[QueryLoader] Loading JSON from: /opt/airflow/query/index_info.json","logger":"task.stdout"}
{"timestamp":"2025-12-03T09:00:06.254698Z","level":"info","event":"          Date          Open          High  ...  Dividends  Stock Splits  Ticker","logger":"task.stdout"}
{"timestamp":"2025-12-03T09:00:06.257487Z","level":"info","event":"0   2025-11-26   3891.879883   3960.870117  ...        0.0           0.0   ^KS11","logger":"task.stdout"}
{"timestamp":"2025-12-03T09:00:06.257703Z","level":"info","event":"1   2025-11-27   3989.449951   4023.419922  ...        0.0           0.0   ^KS11","logger":"task.stdout"}
{"timestamp":"2025-12-03T09:00:06.257906Z","level":"info","event":"2   2025-11-28   3995.300049   3995.300049  ...        0.0           0.0   ^KS11","logger":"task.stdout"}
{"timestamp":"2025-12-03T09:00:06.258150Z","level":"info","event":"3   2025-12-01   3967.919922   3977.310059  ...        0.0           0.0   ^KS11","logger":"task.stdout"}
{"timestamp":"2025-12-03T09:00:06.258333Z","level":"info","event":"4   2025-11-26    863.280029    877.580017  ...        0.0           0.0   ^KQ11","logger":"task.stdout"}
{"timestamp":"2025-12-03T09:00:06.258579Z","level":"info","event":"5   2025-11-27    879.440002    884.000000  ...        0.0           0.0   ^KQ11","logger":"task.stdout"}
{"timestamp":"2025-12-03T09:00:06.258778Z","level":"info","event":"6   2025-11-28    888.750000    912.669983  ...        0.0           0.0   ^KQ11","logger":"task.stdout"}
{"timestamp":"2025-12-03T09:00:06.258924Z","level":"info","event":"7   2025-12-01    920.690002    933.260010  ...        0.0           0.0   ^KQ11","logger":"task.stdout"}
{"timestamp":"2025-12-03T09:00:06.259051Z","level":"info","event":"8   2025-11-26   6793.549805   6831.439941  ...        0.0           0.0   ^GSPC","logger":"task.stdout"}
{"timestamp":"2025-12-03T09:00:06.259174Z","level":"info","event":"9   2025-11-28   6822.520020   6850.859863  ...        0.0           0.0   ^GSPC","logger":"task.stdout"}
{"timestamp":"2025-12-03T09:00:06.259296Z","level":"info","event":"10  2025-12-01   6812.299805   6843.649902  ...        0.0           0.0   ^GSPC","logger":"task.stdout"}
{"timestamp":"2025-12-03T09:00:06.259469Z","level":"info","event":"11  2025-11-26  47196.148438  47571.398438  ...        0.0           0.0    ^DJI","logger":"task.stdout"}
{"timestamp":"2025-12-03T09:00:06.259616Z","level":"info","event":"12  2025-11-28  47482.250000  47750.769531  ...        0.0           0.0    ^DJI","logger":"task.stdout"}
{"timestamp":"2025-12-03T09:00:06.259743Z","level":"info","event":"13  2025-12-01  47580.851562  47676.031250  ...        0.0           0.0    ^DJI","logger":"task.stdout"}
{"timestamp":"2025-12-03T09:00:06.259881Z","level":"info","event":"14  2025-11-26  23163.189453  23280.580078  ...        0.0           0.0   ^IXIC","logger":"task.stdout"}
{"timestamp":"2025-12-03T09:00:06.260004Z","level":"info","event":"15  2025-11-28  23291.589844  23365.789062  ...        0.0           0.0   ^IXIC","logger":"task.stdout"}
{"timestamp":"2025-12-03T09:00:06.260124Z","level":"info","event":"16  2025-12-01  23172.339844  23363.849609  ...        0.0           0.0   ^IXIC","logger":"task.stdout"}
{"timestamp":"2025-12-03T09:00:06.260244Z","level":"info","event":"17  2025-11-26  26046.740234  26136.269531  ...        0.0           0.0    ^HSI","logger":"task.stdout"}
{"timestamp":"2025-12-03T09:00:06.260388Z","level":"info","event":"18  2025-11-27  25945.539062  26123.689453  ...        0.0           0.0    ^HSI","logger":"task.stdout"}
{"timestamp":"2025-12-03T09:00:06.260511Z","level":"info","event":"19  2025-11-28  26011.060547  26011.060547  ...        0.0           0.0    ^HSI","logger":"task.stdout"}
{"timestamp":"2025-12-03T09:00:06.260731Z","level":"info","event":"20  2025-12-01  25945.869141  26179.720703  ...        0.0           0.0    ^HSI","logger":"task.stdout"}
{"timestamp":"2025-12-03T09:00:06.260875Z","level":"info","event":"","logger":"task.stdout"}
{"timestamp":"2025-12-03T09:00:06.261019Z","level":"info","event":"[21 rows x 9 columns]","logger":"task.stdout"}
{"timestamp":"2025-12-03T09:00:06.260733Z","level":"info","event":"Done. Returned value was:           Date Ticker          Open  ...      Volume  Dividends  Stock Splits\n0   2025-11-26  ^KS11   3891.879883  ...      295300        0.0           0.0\n1   2025-11-27  ^KS11   3989.449951  ...      257900        0.0           0.0\n2   2025-11-28  ^KS11   3995.300049  ...      241900        0.0           0.0\n3   2025-12-01  ^KS11   3967.919922  ...      296900        0.0           0.0\n4   2025-11-26  ^KQ11    863.280029  ...         600        0.0           0.0\n5   2025-11-27  ^KQ11    879.440002  ...      721100        0.0           0.0\n6   2025-11-28  ^KQ11    888.750000  ...         800        0.0           0.0\n7   2025-12-01  ^KQ11    920.690002  ...         800        0.0           0.0\n8   2025-11-26  ^GSPC   6793.549805  ...  4485000000        0.0           0.0\n9   2025-11-28  ^GSPC   6822.520020  ...  2558540000        0.0           0.0\n10  2025-12-01  ^GSPC   6812.299805  ...  4549370000        0.0           0.0\n11  2025-11-26   ^DJI  47196.148438  ...   454980000        0.0           0.0\n12  2025-11-28   ^DJI  47482.250000  ...   272500000        0.0           0.0\n13  2025-12-01   ^DJI  47580.851562  ...   482190000        0.0           0.0\n14  2025-11-26  ^IXIC  23163.189453  ...  7291400000        0.0           0.0\n15  2025-11-28  ^IXIC  23291.589844  ...  4541070000        0.0           0.0\n16  2025-12-01  ^IXIC  23172.339844  ...  7859560000        0.0           0.0\n17  2025-11-26   ^HSI  26046.740234  ...  2564700000        0.0           0.0\n18  2025-11-27   ^HSI  25945.539062  ...  2682700000        0.0           0.0\n19  2025-11-28   ^HSI  26011.060547  ...  1961600000        0.0           0.0\n20  2025-12-01   ^HSI  25945.869141  ...  2318600000        0.0           0.0\n\n[21 rows x 9 columns]","logger":"airflow.task.operators.airflow.providers.standard.operators.python.PythonOperator","filename":"python.py","lineno":215}
{"timestamp":"2025-12-03T09:00:06.260910Z","level":"info","event":"Pushing xcom","ti":"RuntimeTaskInstance(id=UUID('019ae370-a699-7a17-b6d2-44005acf170f'), task_id='stock_fetch_task', dag_id='dag_index', run_id='manual__2025-12-03T09:00:02.034663+00:00', try_number=1, dag_version_id=UUID('019ade1e-9f4c-7abe-a4ef-d7648db28a8e'), map_index=-1, hostname='7a819b9fe5f2', context_carrier={}, task=<Task(PythonOperator): stock_fetch_task>, bundle_instance=LocalDagBundle(name=dags-folder), max_tries=0, start_date=datetime.datetime(2025, 12, 3, 9, 0, 3, 728617, tzinfo=datetime.timezone.utc), end_date=None, state=<TaskInstanceState.RUNNING: 'running'>, is_mapped=False, rendered_map_index=None)","logger":"task","filename":"task_runner.py","lineno":1360}
