{"timestamp":"2025-12-02T05:04:13.603346Z","level":"info","event":"Filling up the DagBag from /opt/airflow/dags/dag_yfinance_main.py","logger":"airflow.models.dagbag.DagBag","filename":"dagbag.py","lineno":593}
{"timestamp":"2025-12-02T05:04:44.118356Z","level":"info","event":"Filling up the DagBag from /opt/airflow/dags/dag_yfinance_main.py","logger":"airflow.models.dagbag.DagBag","filename":"dagbag.py","lineno":593}
{"timestamp":"2025-12-02T05:05:15.106430Z","level":"info","event":"Filling up the DagBag from /opt/airflow/dags/dag_yfinance_main.py","logger":"airflow.models.dagbag.DagBag","filename":"dagbag.py","lineno":593}
{"timestamp":"2025-12-02T05:05:46.206875Z","level":"info","event":"Filling up the DagBag from /opt/airflow/dags/dag_yfinance_main.py","logger":"airflow.models.dagbag.DagBag","filename":"dagbag.py","lineno":593}
{"timestamp":"2025-12-02T05:06:17.426678Z","level":"info","event":"Filling up the DagBag from /opt/airflow/dags/dag_yfinance_main.py","logger":"airflow.models.dagbag.DagBag","filename":"dagbag.py","lineno":593}
{"timestamp":"2025-12-02T05:06:48.533608Z","level":"info","event":"Filling up the DagBag from /opt/airflow/dags/dag_yfinance_main.py","logger":"airflow.models.dagbag.DagBag","filename":"dagbag.py","lineno":593}
{"timestamp":"2025-12-02T05:07:19.580999Z","level":"info","event":"Filling up the DagBag from /opt/airflow/dags/dag_yfinance_main.py","logger":"airflow.models.dagbag.DagBag","filename":"dagbag.py","lineno":593}
{"timestamp":"2025-12-02T05:07:50.639025Z","level":"info","event":"Filling up the DagBag from /opt/airflow/dags/dag_yfinance_main.py","logger":"airflow.models.dagbag.DagBag","filename":"dagbag.py","lineno":593}
{"timestamp":"2025-12-02T05:08:21.665950Z","level":"info","event":"Filling up the DagBag from /opt/airflow/dags/dag_yfinance_main.py","logger":"airflow.models.dagbag.DagBag","filename":"dagbag.py","lineno":593}
{"timestamp":"2025-12-02T05:08:52.671136Z","level":"info","event":"Filling up the DagBag from /opt/airflow/dags/dag_yfinance_main.py","logger":"airflow.models.dagbag.DagBag","filename":"dagbag.py","lineno":593}
{"timestamp":"2025-12-02T05:09:23.678663Z","level":"info","event":"Filling up the DagBag from /opt/airflow/dags/dag_yfinance_main.py","logger":"airflow.models.dagbag.DagBag","filename":"dagbag.py","lineno":593}
{"timestamp":"2025-12-02T05:09:54.621557Z","level":"info","event":"Filling up the DagBag from /opt/airflow/dags/dag_yfinance_main.py","logger":"airflow.models.dagbag.DagBag","filename":"dagbag.py","lineno":593}
{"timestamp":"2025-12-02T05:10:25.581878Z","level":"info","event":"Filling up the DagBag from /opt/airflow/dags/dag_yfinance_main.py","logger":"airflow.models.dagbag.DagBag","filename":"dagbag.py","lineno":593}
{"timestamp":"2025-12-02T05:10:56.575076Z","level":"info","event":"Filling up the DagBag from /opt/airflow/dags/dag_yfinance_main.py","logger":"airflow.models.dagbag.DagBag","filename":"dagbag.py","lineno":593}
{"timestamp":"2025-12-02T05:11:27.981484Z","level":"info","event":"Filling up the DagBag from /opt/airflow/dags/dag_yfinance_main.py","logger":"airflow.models.dagbag.DagBag","filename":"dagbag.py","lineno":593}
{"timestamp":"2025-12-02T05:11:59.098853Z","level":"info","event":"Filling up the DagBag from /opt/airflow/dags/dag_yfinance_main.py","logger":"airflow.models.dagbag.DagBag","filename":"dagbag.py","lineno":593}
{"timestamp":"2025-12-02T05:12:30.284635Z","level":"info","event":"Filling up the DagBag from /opt/airflow/dags/dag_yfinance_main.py","logger":"airflow.models.dagbag.DagBag","filename":"dagbag.py","lineno":593}
{"timestamp":"2025-12-02T05:13:01.360511Z","level":"info","event":"Filling up the DagBag from /opt/airflow/dags/dag_yfinance_main.py","logger":"airflow.models.dagbag.DagBag","filename":"dagbag.py","lineno":593}
{"timestamp":"2025-12-02T05:13:32.375993Z","level":"info","event":"Filling up the DagBag from /opt/airflow/dags/dag_yfinance_main.py","logger":"airflow.models.dagbag.DagBag","filename":"dagbag.py","lineno":593}
{"timestamp":"2025-12-02T05:14:03.572778Z","level":"info","event":"Filling up the DagBag from /opt/airflow/dags/dag_yfinance_main.py","logger":"airflow.models.dagbag.DagBag","filename":"dagbag.py","lineno":593}
{"timestamp":"2025-12-02T05:14:34.737089Z","level":"info","event":"Filling up the DagBag from /opt/airflow/dags/dag_yfinance_main.py","logger":"airflow.models.dagbag.DagBag","filename":"dagbag.py","lineno":593}
{"timestamp":"2025-12-02T05:15:05.859645Z","level":"info","event":"Filling up the DagBag from /opt/airflow/dags/dag_yfinance_main.py","logger":"airflow.models.dagbag.DagBag","filename":"dagbag.py","lineno":593}
{"timestamp":"2025-12-02T05:15:23.845086Z","level":"info","event":"Filling up the DagBag from /opt/airflow/dags/dag_yfinance_main.py","logger":"airflow.models.dagbag.DagBag","filename":"dagbag.py","lineno":593}
{"timestamp":"2025-12-02T05:15:42.744535Z","level":"info","event":"Filling up the DagBag from /opt/airflow/dags/dag_yfinance_main.py","logger":"airflow.models.dagbag.DagBag","filename":"dagbag.py","lineno":593}
{"timestamp":"2025-12-02T05:15:48.345568Z","level":"info","event":"Filling up the DagBag from /opt/airflow/dags/dag_yfinance_main.py","logger":"airflow.models.dagbag.DagBag","filename":"dagbag.py","lineno":593}
{"timestamp":"2025-12-02T05:16:17.936577Z","level":"info","event":"Filling up the DagBag from /opt/airflow/dags/dag_yfinance_main.py","logger":"airflow.models.dagbag.DagBag","filename":"dagbag.py","lineno":593}
{"timestamp":"2025-12-02T05:16:48.585635Z","level":"info","event":"Filling up the DagBag from /opt/airflow/dags/dag_yfinance_main.py","logger":"airflow.models.dagbag.DagBag","filename":"dagbag.py","lineno":593}
{"timestamp":"2025-12-02T05:17:19.142468Z","level":"info","event":"Filling up the DagBag from /opt/airflow/dags/dag_yfinance_main.py","logger":"airflow.models.dagbag.DagBag","filename":"dagbag.py","lineno":593}
{"timestamp":"2025-12-02T05:17:50.508494Z","level":"info","event":"Filling up the DagBag from /opt/airflow/dags/dag_yfinance_main.py","logger":"airflow.models.dagbag.DagBag","filename":"dagbag.py","lineno":593}
{"timestamp":"2025-12-02T05:18:22.049587Z","level":"info","event":"Filling up the DagBag from /opt/airflow/dags/dag_yfinance_main.py","logger":"airflow.models.dagbag.DagBag","filename":"dagbag.py","lineno":593}
{"timestamp":"2025-12-02T05:18:53.582922Z","level":"info","event":"Filling up the DagBag from /opt/airflow/dags/dag_yfinance_main.py","logger":"airflow.models.dagbag.DagBag","filename":"dagbag.py","lineno":593}
{"timestamp":"2025-12-02T05:19:24.217278Z","level":"info","event":"Filling up the DagBag from /opt/airflow/dags/dag_yfinance_main.py","logger":"airflow.models.dagbag.DagBag","filename":"dagbag.py","lineno":593}
{"timestamp":"2025-12-02T05:19:54.828390Z","level":"info","event":"Filling up the DagBag from /opt/airflow/dags/dag_yfinance_main.py","logger":"airflow.models.dagbag.DagBag","filename":"dagbag.py","lineno":593}
{"timestamp":"2025-12-02T05:20:25.597821Z","level":"info","event":"Filling up the DagBag from /opt/airflow/dags/dag_yfinance_main.py","logger":"airflow.models.dagbag.DagBag","filename":"dagbag.py","lineno":593}
{"timestamp":"2025-12-02T05:20:56.994748Z","level":"info","event":"Filling up the DagBag from /opt/airflow/dags/dag_yfinance_main.py","logger":"airflow.models.dagbag.DagBag","filename":"dagbag.py","lineno":593}
{"timestamp":"2025-12-02T05:21:28.515979Z","level":"info","event":"Filling up the DagBag from /opt/airflow/dags/dag_yfinance_main.py","logger":"airflow.models.dagbag.DagBag","filename":"dagbag.py","lineno":593}
{"timestamp":"2025-12-02T05:21:59.092023Z","level":"info","event":"Filling up the DagBag from /opt/airflow/dags/dag_yfinance_main.py","logger":"airflow.models.dagbag.DagBag","filename":"dagbag.py","lineno":593}
{"timestamp":"2025-12-02T05:22:29.749243Z","level":"info","event":"Filling up the DagBag from /opt/airflow/dags/dag_yfinance_main.py","logger":"airflow.models.dagbag.DagBag","filename":"dagbag.py","lineno":593}
{"timestamp":"2025-12-02T05:23:01.374702Z","level":"info","event":"Filling up the DagBag from /opt/airflow/dags/dag_yfinance_main.py","logger":"airflow.models.dagbag.DagBag","filename":"dagbag.py","lineno":593}
{"timestamp":"2025-12-02T05:23:31.923978Z","level":"info","event":"Filling up the DagBag from /opt/airflow/dags/dag_yfinance_main.py","logger":"airflow.models.dagbag.DagBag","filename":"dagbag.py","lineno":593}
{"timestamp":"2025-12-02T05:24:02.495580Z","level":"info","event":"Filling up the DagBag from /opt/airflow/dags/dag_yfinance_main.py","logger":"airflow.models.dagbag.DagBag","filename":"dagbag.py","lineno":593}
{"timestamp":"2025-12-02T05:24:33.937939Z","level":"info","event":"Filling up the DagBag from /opt/airflow/dags/dag_yfinance_main.py","logger":"airflow.models.dagbag.DagBag","filename":"dagbag.py","lineno":593}
{"timestamp":"2025-12-02T05:25:05.361910Z","level":"info","event":"Filling up the DagBag from /opt/airflow/dags/dag_yfinance_main.py","logger":"airflow.models.dagbag.DagBag","filename":"dagbag.py","lineno":593}
{"timestamp":"2025-12-02T05:25:36.750710Z","level":"info","event":"Filling up the DagBag from /opt/airflow/dags/dag_yfinance_main.py","logger":"airflow.models.dagbag.DagBag","filename":"dagbag.py","lineno":593}
{"timestamp":"2025-12-02T05:26:08.128100Z","level":"info","event":"Filling up the DagBag from /opt/airflow/dags/dag_yfinance_main.py","logger":"airflow.models.dagbag.DagBag","filename":"dagbag.py","lineno":593}
{"timestamp":"2025-12-02T05:26:39.564017Z","level":"info","event":"Filling up the DagBag from /opt/airflow/dags/dag_yfinance_main.py","logger":"airflow.models.dagbag.DagBag","filename":"dagbag.py","lineno":593}
{"timestamp":"2025-12-02T05:27:10.899114Z","level":"info","event":"Filling up the DagBag from /opt/airflow/dags/dag_yfinance_main.py","logger":"airflow.models.dagbag.DagBag","filename":"dagbag.py","lineno":593}
{"timestamp":"2025-12-02T05:27:42.336730Z","level":"info","event":"Filling up the DagBag from /opt/airflow/dags/dag_yfinance_main.py","logger":"airflow.models.dagbag.DagBag","filename":"dagbag.py","lineno":593}
{"timestamp":"2025-12-02T05:28:11.238417Z","level":"info","event":"Filling up the DagBag from /opt/airflow/dags/dag_yfinance_main.py","logger":"airflow.models.dagbag.DagBag","filename":"dagbag.py","lineno":593}
{"timestamp":"2025-12-02T05:28:42.615338Z","level":"info","event":"Filling up the DagBag from /opt/airflow/dags/dag_yfinance_main.py","logger":"airflow.models.dagbag.DagBag","filename":"dagbag.py","lineno":593}
{"timestamp":"2025-12-02T05:29:13.561734Z","level":"info","event":"Filling up the DagBag from /opt/airflow/dags/dag_yfinance_main.py","logger":"airflow.models.dagbag.DagBag","filename":"dagbag.py","lineno":593}
{"timestamp":"2025-12-02T05:29:44.599731Z","level":"info","event":"Filling up the DagBag from /opt/airflow/dags/dag_yfinance_main.py","logger":"airflow.models.dagbag.DagBag","filename":"dagbag.py","lineno":593}
{"timestamp":"2025-12-02T05:30:15.520944Z","level":"info","event":"Filling up the DagBag from /opt/airflow/dags/dag_yfinance_main.py","logger":"airflow.models.dagbag.DagBag","filename":"dagbag.py","lineno":593}
{"timestamp":"2025-12-02T05:30:46.581535Z","level":"info","event":"Filling up the DagBag from /opt/airflow/dags/dag_yfinance_main.py","logger":"airflow.models.dagbag.DagBag","filename":"dagbag.py","lineno":593}
{"timestamp":"2025-12-02T05:31:17.581085Z","level":"info","event":"Filling up the DagBag from /opt/airflow/dags/dag_yfinance_main.py","logger":"airflow.models.dagbag.DagBag","filename":"dagbag.py","lineno":593}
{"timestamp":"2025-12-02T05:31:48.587492Z","level":"info","event":"Filling up the DagBag from /opt/airflow/dags/dag_yfinance_main.py","logger":"airflow.models.dagbag.DagBag","filename":"dagbag.py","lineno":593}
{"timestamp":"2025-12-02T05:32:19.512708Z","level":"info","event":"Filling up the DagBag from /opt/airflow/dags/dag_yfinance_main.py","logger":"airflow.models.dagbag.DagBag","filename":"dagbag.py","lineno":593}
{"timestamp":"2025-12-02T05:32:50.487387Z","level":"info","event":"Filling up the DagBag from /opt/airflow/dags/dag_yfinance_main.py","logger":"airflow.models.dagbag.DagBag","filename":"dagbag.py","lineno":593}
{"timestamp":"2025-12-02T05:33:21.698499Z","level":"info","event":"Filling up the DagBag from /opt/airflow/dags/dag_yfinance_main.py","logger":"airflow.models.dagbag.DagBag","filename":"dagbag.py","lineno":593}
{"timestamp":"2025-12-02T05:33:52.657005Z","level":"info","event":"Filling up the DagBag from /opt/airflow/dags/dag_yfinance_main.py","logger":"airflow.models.dagbag.DagBag","filename":"dagbag.py","lineno":593}
{"timestamp":"2025-12-02T05:47:31.385092Z","level":"info","event":"Filling up the DagBag from /opt/airflow/dags/dag_yfinance_main.py","logger":"airflow.models.dagbag.DagBag","filename":"dagbag.py","lineno":593}
{"timestamp":"2025-12-02T05:48:03.078699Z","level":"info","event":"Filling up the DagBag from /opt/airflow/dags/dag_yfinance_main.py","logger":"airflow.models.dagbag.DagBag","filename":"dagbag.py","lineno":593}
{"timestamp":"2025-12-02T05:48:34.605062Z","level":"info","event":"Filling up the DagBag from /opt/airflow/dags/dag_yfinance_main.py","logger":"airflow.models.dagbag.DagBag","filename":"dagbag.py","lineno":593}
{"timestamp":"2025-12-02T05:49:06.166344Z","level":"info","event":"Filling up the DagBag from /opt/airflow/dags/dag_yfinance_main.py","logger":"airflow.models.dagbag.DagBag","filename":"dagbag.py","lineno":593}
{"timestamp":"2025-12-02T05:49:37.718541Z","level":"info","event":"Filling up the DagBag from /opt/airflow/dags/dag_yfinance_main.py","logger":"airflow.models.dagbag.DagBag","filename":"dagbag.py","lineno":593}
{"timestamp":"2025-12-02T05:50:09.332178Z","level":"info","event":"Filling up the DagBag from /opt/airflow/dags/dag_yfinance_main.py","logger":"airflow.models.dagbag.DagBag","filename":"dagbag.py","lineno":593}
{"timestamp":"2025-12-02T05:50:39.977686Z","level":"info","event":"Filling up the DagBag from /opt/airflow/dags/dag_yfinance_main.py","logger":"airflow.models.dagbag.DagBag","filename":"dagbag.py","lineno":593}
{"timestamp":"2025-12-02T05:51:11.595697Z","level":"info","event":"Filling up the DagBag from /opt/airflow/dags/dag_yfinance_main.py","logger":"airflow.models.dagbag.DagBag","filename":"dagbag.py","lineno":593}
{"timestamp":"2025-12-02T05:51:43.132180Z","level":"info","event":"Filling up the DagBag from /opt/airflow/dags/dag_yfinance_main.py","logger":"airflow.models.dagbag.DagBag","filename":"dagbag.py","lineno":593}
{"timestamp":"2025-12-02T05:52:14.604365Z","level":"info","event":"Filling up the DagBag from /opt/airflow/dags/dag_yfinance_main.py","logger":"airflow.models.dagbag.DagBag","filename":"dagbag.py","lineno":593}
{"timestamp":"2025-12-02T05:52:46.163899Z","level":"info","event":"Filling up the DagBag from /opt/airflow/dags/dag_yfinance_main.py","logger":"airflow.models.dagbag.DagBag","filename":"dagbag.py","lineno":593}
{"timestamp":"2025-12-02T05:53:17.738945Z","level":"info","event":"Filling up the DagBag from /opt/airflow/dags/dag_yfinance_main.py","logger":"airflow.models.dagbag.DagBag","filename":"dagbag.py","lineno":593}
{"timestamp":"2025-12-02T05:53:49.283941Z","level":"info","event":"Filling up the DagBag from /opt/airflow/dags/dag_yfinance_main.py","logger":"airflow.models.dagbag.DagBag","filename":"dagbag.py","lineno":593}
{"timestamp":"2025-12-02T05:54:20.825756Z","level":"info","event":"Filling up the DagBag from /opt/airflow/dags/dag_yfinance_main.py","logger":"airflow.models.dagbag.DagBag","filename":"dagbag.py","lineno":593}
{"timestamp":"2025-12-02T05:54:52.331422Z","level":"info","event":"Filling up the DagBag from /opt/airflow/dags/dag_yfinance_main.py","logger":"airflow.models.dagbag.DagBag","filename":"dagbag.py","lineno":593}
{"timestamp":"2025-12-02T05:55:23.929833Z","level":"info","event":"Filling up the DagBag from /opt/airflow/dags/dag_yfinance_main.py","logger":"airflow.models.dagbag.DagBag","filename":"dagbag.py","lineno":593}
{"timestamp":"2025-12-02T05:55:55.488739Z","level":"info","event":"Filling up the DagBag from /opt/airflow/dags/dag_yfinance_main.py","logger":"airflow.models.dagbag.DagBag","filename":"dagbag.py","lineno":593}
{"timestamp":"2025-12-02T05:56:26.183263Z","level":"info","event":"Filling up the DagBag from /opt/airflow/dags/dag_yfinance_main.py","logger":"airflow.models.dagbag.DagBag","filename":"dagbag.py","lineno":593}
{"timestamp":"2025-12-02T05:56:57.133235Z","level":"info","event":"Filling up the DagBag from /opt/airflow/dags/dag_yfinance_main.py","logger":"airflow.models.dagbag.DagBag","filename":"dagbag.py","lineno":593}
{"timestamp":"2025-12-02T05:57:28.151462Z","level":"info","event":"Filling up the DagBag from /opt/airflow/dags/dag_yfinance_main.py","logger":"airflow.models.dagbag.DagBag","filename":"dagbag.py","lineno":593}
{"timestamp":"2025-12-02T05:57:59.151110Z","level":"info","event":"Filling up the DagBag from /opt/airflow/dags/dag_yfinance_main.py","logger":"airflow.models.dagbag.DagBag","filename":"dagbag.py","lineno":593}
{"timestamp":"2025-12-02T05:58:30.299127Z","level":"info","event":"Filling up the DagBag from /opt/airflow/dags/dag_yfinance_main.py","logger":"airflow.models.dagbag.DagBag","filename":"dagbag.py","lineno":593}
{"timestamp":"2025-12-02T05:59:01.344649Z","level":"info","event":"Filling up the DagBag from /opt/airflow/dags/dag_yfinance_main.py","logger":"airflow.models.dagbag.DagBag","filename":"dagbag.py","lineno":593}
{"timestamp":"2025-12-02T05:59:31.903401Z","level":"info","event":"Filling up the DagBag from /opt/airflow/dags/dag_yfinance_main.py","logger":"airflow.models.dagbag.DagBag","filename":"dagbag.py","lineno":593}
{"timestamp":"2025-12-02T06:00:02.889286Z","level":"info","event":"Filling up the DagBag from /opt/airflow/dags/dag_yfinance_main.py","logger":"airflow.models.dagbag.DagBag","filename":"dagbag.py","lineno":593}
{"timestamp":"2025-12-02T06:00:33.827901Z","level":"info","event":"Filling up the DagBag from /opt/airflow/dags/dag_yfinance_main.py","logger":"airflow.models.dagbag.DagBag","filename":"dagbag.py","lineno":593}
{"timestamp":"2025-12-02T06:01:04.472875Z","level":"info","event":"Filling up the DagBag from /opt/airflow/dags/dag_yfinance_main.py","logger":"airflow.models.dagbag.DagBag","filename":"dagbag.py","lineno":593}
{"timestamp":"2025-12-02T06:01:35.475690Z","level":"info","event":"Filling up the DagBag from /opt/airflow/dags/dag_yfinance_main.py","logger":"airflow.models.dagbag.DagBag","filename":"dagbag.py","lineno":593}
{"timestamp":"2025-12-02T06:02:06.582531Z","level":"info","event":"Filling up the DagBag from /opt/airflow/dags/dag_yfinance_main.py","logger":"airflow.models.dagbag.DagBag","filename":"dagbag.py","lineno":593}
{"timestamp":"2025-12-02T06:02:37.744985Z","level":"info","event":"Filling up the DagBag from /opt/airflow/dags/dag_yfinance_main.py","logger":"airflow.models.dagbag.DagBag","filename":"dagbag.py","lineno":593}
{"timestamp":"2025-12-02T06:03:08.866515Z","level":"info","event":"Filling up the DagBag from /opt/airflow/dags/dag_yfinance_main.py","logger":"airflow.models.dagbag.DagBag","filename":"dagbag.py","lineno":593}
{"timestamp":"2025-12-02T06:03:39.914439Z","level":"info","event":"Filling up the DagBag from /opt/airflow/dags/dag_yfinance_main.py","logger":"airflow.models.dagbag.DagBag","filename":"dagbag.py","lineno":593}
{"timestamp":"2025-12-02T06:04:10.952547Z","level":"info","event":"Filling up the DagBag from /opt/airflow/dags/dag_yfinance_main.py","logger":"airflow.models.dagbag.DagBag","filename":"dagbag.py","lineno":593}
{"timestamp":"2025-12-02T06:04:41.866139Z","level":"info","event":"Filling up the DagBag from /opt/airflow/dags/dag_yfinance_main.py","logger":"airflow.models.dagbag.DagBag","filename":"dagbag.py","lineno":593}
{"timestamp":"2025-12-02T06:05:12.825629Z","level":"info","event":"Filling up the DagBag from /opt/airflow/dags/dag_yfinance_main.py","logger":"airflow.models.dagbag.DagBag","filename":"dagbag.py","lineno":593}
{"timestamp":"2025-12-02T06:05:44.010139Z","level":"info","event":"Filling up the DagBag from /opt/airflow/dags/dag_yfinance_main.py","logger":"airflow.models.dagbag.DagBag","filename":"dagbag.py","lineno":593}
{"timestamp":"2025-12-02T06:06:15.214605Z","level":"info","event":"Filling up the DagBag from /opt/airflow/dags/dag_yfinance_main.py","logger":"airflow.models.dagbag.DagBag","filename":"dagbag.py","lineno":593}
{"timestamp":"2025-12-02T06:06:46.231544Z","level":"info","event":"Filling up the DagBag from /opt/airflow/dags/dag_yfinance_main.py","logger":"airflow.models.dagbag.DagBag","filename":"dagbag.py","lineno":593}
{"timestamp":"2025-12-02T06:07:16.899832Z","level":"info","event":"Filling up the DagBag from /opt/airflow/dags/dag_yfinance_main.py","logger":"airflow.models.dagbag.DagBag","filename":"dagbag.py","lineno":593}
{"timestamp":"2025-12-02T06:07:48.434915Z","level":"info","event":"Filling up the DagBag from /opt/airflow/dags/dag_yfinance_main.py","logger":"airflow.models.dagbag.DagBag","filename":"dagbag.py","lineno":593}
{"timestamp":"2025-12-02T06:08:19.242035Z","level":"info","event":"Filling up the DagBag from /opt/airflow/dags/dag_yfinance_main.py","logger":"airflow.models.dagbag.DagBag","filename":"dagbag.py","lineno":593}
{"timestamp":"2025-12-02T06:08:50.831481Z","level":"info","event":"Filling up the DagBag from /opt/airflow/dags/dag_yfinance_main.py","logger":"airflow.models.dagbag.DagBag","filename":"dagbag.py","lineno":593}
{"timestamp":"2025-12-02T06:09:21.472342Z","level":"info","event":"Filling up the DagBag from /opt/airflow/dags/dag_yfinance_main.py","logger":"airflow.models.dagbag.DagBag","filename":"dagbag.py","lineno":593}
{"timestamp":"2025-12-02T06:09:52.053786Z","level":"info","event":"Filling up the DagBag from /opt/airflow/dags/dag_yfinance_main.py","logger":"airflow.models.dagbag.DagBag","filename":"dagbag.py","lineno":593}
{"timestamp":"2025-12-02T06:10:02.377949Z","level":"info","event":"Filling up the DagBag from /opt/airflow/dags/dag_yfinance_main.py","logger":"airflow.models.dagbag.DagBag","filename":"dagbag.py","lineno":593}
{"timestamp":"2025-12-02T06:10:33.353985Z","level":"info","event":"Filling up the DagBag from /opt/airflow/dags/dag_yfinance_main.py","logger":"airflow.models.dagbag.DagBag","filename":"dagbag.py","lineno":593}
{"timestamp":"2025-12-02T06:11:04.356593Z","level":"info","event":"Filling up the DagBag from /opt/airflow/dags/dag_yfinance_main.py","logger":"airflow.models.dagbag.DagBag","filename":"dagbag.py","lineno":593}
{"timestamp":"2025-12-02T06:11:35.501952Z","level":"info","event":"Filling up the DagBag from /opt/airflow/dags/dag_yfinance_main.py","logger":"airflow.models.dagbag.DagBag","filename":"dagbag.py","lineno":593}
{"timestamp":"2025-12-02T06:12:06.496648Z","level":"info","event":"Filling up the DagBag from /opt/airflow/dags/dag_yfinance_main.py","logger":"airflow.models.dagbag.DagBag","filename":"dagbag.py","lineno":593}
{"timestamp":"2025-12-02T06:12:37.615084Z","level":"info","event":"Filling up the DagBag from /opt/airflow/dags/dag_yfinance_main.py","logger":"airflow.models.dagbag.DagBag","filename":"dagbag.py","lineno":593}
{"timestamp":"2025-12-02T06:13:08.686377Z","level":"info","event":"Filling up the DagBag from /opt/airflow/dags/dag_yfinance_main.py","logger":"airflow.models.dagbag.DagBag","filename":"dagbag.py","lineno":593}
{"timestamp":"2025-12-02T06:13:39.682593Z","level":"info","event":"Filling up the DagBag from /opt/airflow/dags/dag_yfinance_main.py","logger":"airflow.models.dagbag.DagBag","filename":"dagbag.py","lineno":593}
{"timestamp":"2025-12-02T06:14:10.760437Z","level":"info","event":"Filling up the DagBag from /opt/airflow/dags/dag_yfinance_main.py","logger":"airflow.models.dagbag.DagBag","filename":"dagbag.py","lineno":593}
{"timestamp":"2025-12-02T06:14:20.384664Z","level":"info","event":"Filling up the DagBag from /opt/airflow/dags/dag_yfinance_main.py","logger":"airflow.models.dagbag.DagBag","filename":"dagbag.py","lineno":593}
{"timestamp":"2025-12-02T06:14:51.538464Z","level":"info","event":"Filling up the DagBag from /opt/airflow/dags/dag_yfinance_main.py","logger":"airflow.models.dagbag.DagBag","filename":"dagbag.py","lineno":593}
{"timestamp":"2025-12-02T06:15:22.574820Z","level":"info","event":"Filling up the DagBag from /opt/airflow/dags/dag_yfinance_main.py","logger":"airflow.models.dagbag.DagBag","filename":"dagbag.py","lineno":593}
{"timestamp":"2025-12-02T06:15:53.775940Z","level":"info","event":"Filling up the DagBag from /opt/airflow/dags/dag_yfinance_main.py","logger":"airflow.models.dagbag.DagBag","filename":"dagbag.py","lineno":593}
{"timestamp":"2025-12-02T06:16:24.824895Z","level":"info","event":"Filling up the DagBag from /opt/airflow/dags/dag_yfinance_main.py","logger":"airflow.models.dagbag.DagBag","filename":"dagbag.py","lineno":593}
{"timestamp":"2025-12-02T06:16:56.016511Z","level":"info","event":"Filling up the DagBag from /opt/airflow/dags/dag_yfinance_main.py","logger":"airflow.models.dagbag.DagBag","filename":"dagbag.py","lineno":593}
{"timestamp":"2025-12-02T06:17:27.070541Z","level":"info","event":"Filling up the DagBag from /opt/airflow/dags/dag_yfinance_main.py","logger":"airflow.models.dagbag.DagBag","filename":"dagbag.py","lineno":593}
{"timestamp":"2025-12-02T06:17:58.393180Z","level":"info","event":"Filling up the DagBag from /opt/airflow/dags/dag_yfinance_main.py","logger":"airflow.models.dagbag.DagBag","filename":"dagbag.py","lineno":593}
{"timestamp":"2025-12-02T06:18:13.372117Z","level":"info","event":"Filling up the DagBag from /opt/airflow/dags/dag_yfinance_main.py","logger":"airflow.models.dagbag.DagBag","filename":"dagbag.py","lineno":593}
{"timestamp":"2025-12-02T06:18:43.967242Z","level":"info","event":"Filling up the DagBag from /opt/airflow/dags/dag_yfinance_main.py","logger":"airflow.models.dagbag.DagBag","filename":"dagbag.py","lineno":593}
{"timestamp":"2025-12-02T06:23:07.875250Z","level":"info","event":"Filling up the DagBag from /opt/airflow/dags/dag_yfinance_main.py","logger":"airflow.models.dagbag.DagBag","filename":"dagbag.py","lineno":593}
{"timestamp":"2025-12-02T06:23:40.015981Z","level":"info","event":"Filling up the DagBag from /opt/airflow/dags/dag_yfinance_main.py","logger":"airflow.models.dagbag.DagBag","filename":"dagbag.py","lineno":593}
{"timestamp":"2025-12-02T06:24:10.766101Z","level":"info","event":"Filling up the DagBag from /opt/airflow/dags/dag_yfinance_main.py","logger":"airflow.models.dagbag.DagBag","filename":"dagbag.py","lineno":593}
{"timestamp":"2025-12-02T06:24:11.468854Z","level":"info","event":"Filling up the DagBag from /opt/airflow/dags/dag_yfinance_main.py","logger":"airflow.models.dagbag.DagBag","filename":"dagbag.py","lineno":593}
{"timestamp":"2025-12-02T06:24:12.017090Z","level":"warning","event":"Callback requested but no callback found","dag_id":"dag_yfinance_pipeline","task_id":"trigger_dag_exchange","run_id":"backfill__2025-11-23T09:00:00+00:00","ti_id":"019addaf-7c8b-76d9-9d90-97ff8e665218","logger":"task","filename":"processor.py","lineno":363}
{"timestamp":"2025-12-02T06:24:12.017180Z","level":"warning","event":"Callback requested but no callback found","dag_id":"dag_yfinance_pipeline","task_id":"trigger_dag_stock","run_id":"backfill__2025-11-23T09:00:00+00:00","ti_id":"019addaf-7c8a-7a08-8767-f8c3e371acea","logger":"task","filename":"processor.py","lineno":363}
{"timestamp":"2025-12-02T06:24:12.017213Z","level":"warning","event":"Callback requested but no callback found","dag_id":"dag_yfinance_pipeline","task_id":"trigger_dag_index","run_id":"backfill__2025-11-23T09:00:00+00:00","ti_id":"019addaf-7c8c-71de-94c2-7b2bd7159d11","logger":"task","filename":"processor.py","lineno":363}
{"timestamp":"2025-12-02T06:24:12.161204Z","level":"info","event":"Filling up the DagBag from /opt/airflow/dags/dag_yfinance_main.py","logger":"airflow.models.dagbag.DagBag","filename":"dagbag.py","lineno":593}
{"timestamp":"2025-12-02T06:24:42.906892Z","level":"info","event":"Filling up the DagBag from /opt/airflow/dags/dag_yfinance_main.py","logger":"airflow.models.dagbag.DagBag","filename":"dagbag.py","lineno":593}
{"timestamp":"2025-12-02T06:25:13.573177Z","level":"info","event":"Filling up the DagBag from /opt/airflow/dags/dag_yfinance_main.py","logger":"airflow.models.dagbag.DagBag","filename":"dagbag.py","lineno":593}
{"timestamp":"2025-12-02T06:25:44.326007Z","level":"info","event":"Filling up the DagBag from /opt/airflow/dags/dag_yfinance_main.py","logger":"airflow.models.dagbag.DagBag","filename":"dagbag.py","lineno":593}
{"timestamp":"2025-12-02T06:26:15.299019Z","level":"info","event":"Filling up the DagBag from /opt/airflow/dags/dag_yfinance_main.py","logger":"airflow.models.dagbag.DagBag","filename":"dagbag.py","lineno":593}
{"timestamp":"2025-12-02T06:26:46.241651Z","level":"info","event":"Filling up the DagBag from /opt/airflow/dags/dag_yfinance_main.py","logger":"airflow.models.dagbag.DagBag","filename":"dagbag.py","lineno":593}
{"timestamp":"2025-12-02T06:27:17.185783Z","level":"info","event":"Filling up the DagBag from /opt/airflow/dags/dag_yfinance_main.py","logger":"airflow.models.dagbag.DagBag","filename":"dagbag.py","lineno":593}
{"timestamp":"2025-12-02T06:27:48.179746Z","level":"info","event":"Filling up the DagBag from /opt/airflow/dags/dag_yfinance_main.py","logger":"airflow.models.dagbag.DagBag","filename":"dagbag.py","lineno":593}
{"timestamp":"2025-12-02T06:28:19.033587Z","level":"info","event":"Filling up the DagBag from /opt/airflow/dags/dag_yfinance_main.py","logger":"airflow.models.dagbag.DagBag","filename":"dagbag.py","lineno":593}
{"timestamp":"2025-12-02T06:28:50.010028Z","level":"info","event":"Filling up the DagBag from /opt/airflow/dags/dag_yfinance_main.py","logger":"airflow.models.dagbag.DagBag","filename":"dagbag.py","lineno":593}
{"timestamp":"2025-12-02T06:29:21.004460Z","level":"info","event":"Filling up the DagBag from /opt/airflow/dags/dag_yfinance_main.py","logger":"airflow.models.dagbag.DagBag","filename":"dagbag.py","lineno":593}
{"timestamp":"2025-12-02T06:29:51.986195Z","level":"info","event":"Filling up the DagBag from /opt/airflow/dags/dag_yfinance_main.py","logger":"airflow.models.dagbag.DagBag","filename":"dagbag.py","lineno":593}
{"timestamp":"2025-12-02T06:30:23.040259Z","level":"info","event":"Filling up the DagBag from /opt/airflow/dags/dag_yfinance_main.py","logger":"airflow.models.dagbag.DagBag","filename":"dagbag.py","lineno":593}
{"timestamp":"2025-12-02T06:30:54.164641Z","level":"info","event":"Filling up the DagBag from /opt/airflow/dags/dag_yfinance_main.py","logger":"airflow.models.dagbag.DagBag","filename":"dagbag.py","lineno":593}
{"timestamp":"2025-12-02T06:31:24.782114Z","level":"info","event":"Filling up the DagBag from /opt/airflow/dags/dag_yfinance_main.py","logger":"airflow.models.dagbag.DagBag","filename":"dagbag.py","lineno":593}
{"timestamp":"2025-12-02T06:31:55.720125Z","level":"info","event":"Filling up the DagBag from /opt/airflow/dags/dag_yfinance_main.py","logger":"airflow.models.dagbag.DagBag","filename":"dagbag.py","lineno":593}
{"timestamp":"2025-12-02T06:32:26.630213Z","level":"info","event":"Filling up the DagBag from /opt/airflow/dags/dag_yfinance_main.py","logger":"airflow.models.dagbag.DagBag","filename":"dagbag.py","lineno":593}
{"timestamp":"2025-12-02T06:32:57.256267Z","level":"info","event":"Filling up the DagBag from /opt/airflow/dags/dag_yfinance_main.py","logger":"airflow.models.dagbag.DagBag","filename":"dagbag.py","lineno":593}
{"timestamp":"2025-12-02T06:33:27.832681Z","level":"info","event":"Filling up the DagBag from /opt/airflow/dags/dag_yfinance_main.py","logger":"airflow.models.dagbag.DagBag","filename":"dagbag.py","lineno":593}
{"timestamp":"2025-12-02T06:33:58.418918Z","level":"info","event":"Filling up the DagBag from /opt/airflow/dags/dag_yfinance_main.py","logger":"airflow.models.dagbag.DagBag","filename":"dagbag.py","lineno":593}
{"timestamp":"2025-12-02T06:34:29.012926Z","level":"info","event":"Filling up the DagBag from /opt/airflow/dags/dag_yfinance_main.py","logger":"airflow.models.dagbag.DagBag","filename":"dagbag.py","lineno":593}
{"timestamp":"2025-12-02T06:34:59.596905Z","level":"info","event":"Filling up the DagBag from /opt/airflow/dags/dag_yfinance_main.py","logger":"airflow.models.dagbag.DagBag","filename":"dagbag.py","lineno":593}
{"timestamp":"2025-12-02T06:35:30.285974Z","level":"info","event":"Filling up the DagBag from /opt/airflow/dags/dag_yfinance_main.py","logger":"airflow.models.dagbag.DagBag","filename":"dagbag.py","lineno":593}
{"timestamp":"2025-12-02T06:36:00.949065Z","level":"info","event":"Filling up the DagBag from /opt/airflow/dags/dag_yfinance_main.py","logger":"airflow.models.dagbag.DagBag","filename":"dagbag.py","lineno":593}
{"timestamp":"2025-12-02T06:36:31.571845Z","level":"info","event":"Filling up the DagBag from /opt/airflow/dags/dag_yfinance_main.py","logger":"airflow.models.dagbag.DagBag","filename":"dagbag.py","lineno":593}
{"timestamp":"2025-12-02T06:37:02.268124Z","level":"info","event":"Filling up the DagBag from /opt/airflow/dags/dag_yfinance_main.py","logger":"airflow.models.dagbag.DagBag","filename":"dagbag.py","lineno":593}
{"timestamp":"2025-12-02T06:37:32.844206Z","level":"info","event":"Filling up the DagBag from /opt/airflow/dags/dag_yfinance_main.py","logger":"airflow.models.dagbag.DagBag","filename":"dagbag.py","lineno":593}
{"timestamp":"2025-12-02T06:38:04.409590Z","level":"info","event":"Filling up the DagBag from /opt/airflow/dags/dag_yfinance_main.py","logger":"airflow.models.dagbag.DagBag","filename":"dagbag.py","lineno":593}
{"timestamp":"2025-12-02T06:38:35.023995Z","level":"info","event":"Filling up the DagBag from /opt/airflow/dags/dag_yfinance_main.py","logger":"airflow.models.dagbag.DagBag","filename":"dagbag.py","lineno":593}
{"timestamp":"2025-12-02T06:39:06.555910Z","level":"info","event":"Filling up the DagBag from /opt/airflow/dags/dag_yfinance_main.py","logger":"airflow.models.dagbag.DagBag","filename":"dagbag.py","lineno":593}
{"timestamp":"2025-12-02T06:39:37.126418Z","level":"info","event":"Filling up the DagBag from /opt/airflow/dags/dag_yfinance_main.py","logger":"airflow.models.dagbag.DagBag","filename":"dagbag.py","lineno":593}
{"timestamp":"2025-12-02T06:40:07.702439Z","level":"info","event":"Filling up the DagBag from /opt/airflow/dags/dag_yfinance_main.py","logger":"airflow.models.dagbag.DagBag","filename":"dagbag.py","lineno":593}
{"timestamp":"2025-12-02T06:40:38.309366Z","level":"info","event":"Filling up the DagBag from /opt/airflow/dags/dag_yfinance_main.py","logger":"airflow.models.dagbag.DagBag","filename":"dagbag.py","lineno":593}
{"timestamp":"2025-12-02T06:41:09.834579Z","level":"info","event":"Filling up the DagBag from /opt/airflow/dags/dag_yfinance_main.py","logger":"airflow.models.dagbag.DagBag","filename":"dagbag.py","lineno":593}
{"timestamp":"2025-12-02T06:41:40.445716Z","level":"info","event":"Filling up the DagBag from /opt/airflow/dags/dag_yfinance_main.py","logger":"airflow.models.dagbag.DagBag","filename":"dagbag.py","lineno":593}
{"timestamp":"2025-12-02T06:42:12.000766Z","level":"info","event":"Filling up the DagBag from /opt/airflow/dags/dag_yfinance_main.py","logger":"airflow.models.dagbag.DagBag","filename":"dagbag.py","lineno":593}
{"timestamp":"2025-12-02T06:42:42.617780Z","level":"info","event":"Filling up the DagBag from /opt/airflow/dags/dag_yfinance_main.py","logger":"airflow.models.dagbag.DagBag","filename":"dagbag.py","lineno":593}
{"timestamp":"2025-12-02T06:59:32.664577Z","level":"info","event":"Filling up the DagBag from /opt/airflow/dags/dag_yfinance_main.py","logger":"airflow.models.dagbag.DagBag","filename":"dagbag.py","lineno":593}
{"timestamp":"2025-12-02T07:00:03.338366Z","level":"info","event":"Filling up the DagBag from /opt/airflow/dags/dag_yfinance_main.py","logger":"airflow.models.dagbag.DagBag","filename":"dagbag.py","lineno":593}
{"timestamp":"2025-12-02T07:00:33.922437Z","level":"info","event":"Filling up the DagBag from /opt/airflow/dags/dag_yfinance_main.py","logger":"airflow.models.dagbag.DagBag","filename":"dagbag.py","lineno":593}
{"timestamp":"2025-12-02T07:14:36.649691Z","level":"info","event":"Filling up the DagBag from /opt/airflow/dags/dag_yfinance_main.py","logger":"airflow.models.dagbag.DagBag","filename":"dagbag.py","lineno":593}
{"timestamp":"2025-12-02T07:15:07.433145Z","level":"info","event":"Filling up the DagBag from /opt/airflow/dags/dag_yfinance_main.py","logger":"airflow.models.dagbag.DagBag","filename":"dagbag.py","lineno":593}
{"timestamp":"2025-12-02T07:15:38.048204Z","level":"info","event":"Filling up the DagBag from /opt/airflow/dags/dag_yfinance_main.py","logger":"airflow.models.dagbag.DagBag","filename":"dagbag.py","lineno":593}
{"timestamp":"2025-12-02T07:16:09.625524Z","level":"info","event":"Filling up the DagBag from /opt/airflow/dags/dag_yfinance_main.py","logger":"airflow.models.dagbag.DagBag","filename":"dagbag.py","lineno":593}
{"timestamp":"2025-12-02T07:16:40.212715Z","level":"info","event":"Filling up the DagBag from /opt/airflow/dags/dag_yfinance_main.py","logger":"airflow.models.dagbag.DagBag","filename":"dagbag.py","lineno":593}
{"timestamp":"2025-12-02T07:17:11.740756Z","level":"info","event":"Filling up the DagBag from /opt/airflow/dags/dag_yfinance_main.py","logger":"airflow.models.dagbag.DagBag","filename":"dagbag.py","lineno":593}
{"timestamp":"2025-12-02T07:17:43.231926Z","level":"info","event":"Filling up the DagBag from /opt/airflow/dags/dag_yfinance_main.py","logger":"airflow.models.dagbag.DagBag","filename":"dagbag.py","lineno":593}
{"timestamp":"2025-12-02T07:18:14.793106Z","level":"info","event":"Filling up the DagBag from /opt/airflow/dags/dag_yfinance_main.py","logger":"airflow.models.dagbag.DagBag","filename":"dagbag.py","lineno":593}
{"timestamp":"2025-12-02T07:18:46.350125Z","level":"info","event":"Filling up the DagBag from /opt/airflow/dags/dag_yfinance_main.py","logger":"airflow.models.dagbag.DagBag","filename":"dagbag.py","lineno":593}
{"timestamp":"2025-12-02T07:19:17.864341Z","level":"info","event":"Filling up the DagBag from /opt/airflow/dags/dag_yfinance_main.py","logger":"airflow.models.dagbag.DagBag","filename":"dagbag.py","lineno":593}
{"timestamp":"2025-12-02T07:19:49.402960Z","level":"info","event":"Filling up the DagBag from /opt/airflow/dags/dag_yfinance_main.py","logger":"airflow.models.dagbag.DagBag","filename":"dagbag.py","lineno":593}
{"timestamp":"2025-12-02T07:20:20.880060Z","level":"info","event":"Filling up the DagBag from /opt/airflow/dags/dag_yfinance_main.py","logger":"airflow.models.dagbag.DagBag","filename":"dagbag.py","lineno":593}
{"timestamp":"2025-12-02T07:20:50.489764Z","level":"info","event":"Filling up the DagBag from /opt/airflow/dags/dag_yfinance_main.py","logger":"airflow.models.dagbag.DagBag","filename":"dagbag.py","lineno":593}
{"timestamp":"2025-12-02T07:21:21.497417Z","level":"info","event":"Filling up the DagBag from /opt/airflow/dags/dag_yfinance_main.py","logger":"airflow.models.dagbag.DagBag","filename":"dagbag.py","lineno":593}
{"timestamp":"2025-12-02T07:21:52.453647Z","level":"info","event":"Filling up the DagBag from /opt/airflow/dags/dag_yfinance_main.py","logger":"airflow.models.dagbag.DagBag","filename":"dagbag.py","lineno":593}
{"timestamp":"2025-12-02T07:22:23.414289Z","level":"info","event":"Filling up the DagBag from /opt/airflow/dags/dag_yfinance_main.py","logger":"airflow.models.dagbag.DagBag","filename":"dagbag.py","lineno":593}
{"timestamp":"2025-12-02T07:22:54.499803Z","level":"info","event":"Filling up the DagBag from /opt/airflow/dags/dag_yfinance_main.py","logger":"airflow.models.dagbag.DagBag","filename":"dagbag.py","lineno":593}
{"timestamp":"2025-12-02T07:23:25.517146Z","level":"info","event":"Filling up the DagBag from /opt/airflow/dags/dag_yfinance_main.py","logger":"airflow.models.dagbag.DagBag","filename":"dagbag.py","lineno":593}
{"timestamp":"2025-12-02T07:23:56.711697Z","level":"info","event":"Filling up the DagBag from /opt/airflow/dags/dag_yfinance_main.py","logger":"airflow.models.dagbag.DagBag","filename":"dagbag.py","lineno":593}
{"timestamp":"2025-12-02T07:24:27.689332Z","level":"info","event":"Filling up the DagBag from /opt/airflow/dags/dag_yfinance_main.py","logger":"airflow.models.dagbag.DagBag","filename":"dagbag.py","lineno":593}
{"timestamp":"2025-12-02T07:24:58.698727Z","level":"info","event":"Filling up the DagBag from /opt/airflow/dags/dag_yfinance_main.py","logger":"airflow.models.dagbag.DagBag","filename":"dagbag.py","lineno":593}
{"timestamp":"2025-12-02T07:25:29.624401Z","level":"info","event":"Filling up the DagBag from /opt/airflow/dags/dag_yfinance_main.py","logger":"airflow.models.dagbag.DagBag","filename":"dagbag.py","lineno":593}
{"timestamp":"2025-12-02T07:26:00.532361Z","level":"info","event":"Filling up the DagBag from /opt/airflow/dags/dag_yfinance_main.py","logger":"airflow.models.dagbag.DagBag","filename":"dagbag.py","lineno":593}
{"timestamp":"2025-12-02T07:26:31.681017Z","level":"info","event":"Filling up the DagBag from /opt/airflow/dags/dag_yfinance_main.py","logger":"airflow.models.dagbag.DagBag","filename":"dagbag.py","lineno":593}
{"timestamp":"2025-12-02T07:27:02.636971Z","level":"info","event":"Filling up the DagBag from /opt/airflow/dags/dag_yfinance_main.py","logger":"airflow.models.dagbag.DagBag","filename":"dagbag.py","lineno":593}
{"timestamp":"2025-12-02T07:27:33.568391Z","level":"info","event":"Filling up the DagBag from /opt/airflow/dags/dag_yfinance_main.py","logger":"airflow.models.dagbag.DagBag","filename":"dagbag.py","lineno":593}
{"timestamp":"2025-12-02T07:28:04.533913Z","level":"info","event":"Filling up the DagBag from /opt/airflow/dags/dag_yfinance_main.py","logger":"airflow.models.dagbag.DagBag","filename":"dagbag.py","lineno":593}
{"timestamp":"2025-12-02T07:28:35.468142Z","level":"info","event":"Filling up the DagBag from /opt/airflow/dags/dag_yfinance_main.py","logger":"airflow.models.dagbag.DagBag","filename":"dagbag.py","lineno":593}
{"timestamp":"2025-12-02T07:29:06.455095Z","level":"info","event":"Filling up the DagBag from /opt/airflow/dags/dag_yfinance_main.py","logger":"airflow.models.dagbag.DagBag","filename":"dagbag.py","lineno":593}
{"timestamp":"2025-12-02T07:29:37.482588Z","level":"info","event":"Filling up the DagBag from /opt/airflow/dags/dag_yfinance_main.py","logger":"airflow.models.dagbag.DagBag","filename":"dagbag.py","lineno":593}
{"timestamp":"2025-12-02T07:30:08.540734Z","level":"info","event":"Filling up the DagBag from /opt/airflow/dags/dag_yfinance_main.py","logger":"airflow.models.dagbag.DagBag","filename":"dagbag.py","lineno":593}
{"timestamp":"2025-12-02T07:30:39.497925Z","level":"info","event":"Filling up the DagBag from /opt/airflow/dags/dag_yfinance_main.py","logger":"airflow.models.dagbag.DagBag","filename":"dagbag.py","lineno":593}
{"timestamp":"2025-12-02T07:31:10.536831Z","level":"info","event":"Filling up the DagBag from /opt/airflow/dags/dag_yfinance_main.py","logger":"airflow.models.dagbag.DagBag","filename":"dagbag.py","lineno":593}
{"timestamp":"2025-12-02T07:31:41.654657Z","level":"info","event":"Filling up the DagBag from /opt/airflow/dags/dag_yfinance_main.py","logger":"airflow.models.dagbag.DagBag","filename":"dagbag.py","lineno":593}
{"timestamp":"2025-12-02T07:32:12.846958Z","level":"info","event":"Filling up the DagBag from /opt/airflow/dags/dag_yfinance_main.py","logger":"airflow.models.dagbag.DagBag","filename":"dagbag.py","lineno":593}
{"timestamp":"2025-12-02T07:32:43.946762Z","level":"info","event":"Filling up the DagBag from /opt/airflow/dags/dag_yfinance_main.py","logger":"airflow.models.dagbag.DagBag","filename":"dagbag.py","lineno":593}
{"timestamp":"2025-12-02T07:33:15.021681Z","level":"info","event":"Filling up the DagBag from /opt/airflow/dags/dag_yfinance_main.py","logger":"airflow.models.dagbag.DagBag","filename":"dagbag.py","lineno":593}
{"timestamp":"2025-12-02T07:33:46.178353Z","level":"info","event":"Filling up the DagBag from /opt/airflow/dags/dag_yfinance_main.py","logger":"airflow.models.dagbag.DagBag","filename":"dagbag.py","lineno":593}
{"timestamp":"2025-12-02T07:34:17.191285Z","level":"info","event":"Filling up the DagBag from /opt/airflow/dags/dag_yfinance_main.py","logger":"airflow.models.dagbag.DagBag","filename":"dagbag.py","lineno":593}
{"timestamp":"2025-12-02T07:34:49.278623Z","level":"info","event":"Filling up the DagBag from /opt/airflow/dags/dag_yfinance_main.py","logger":"airflow.models.dagbag.DagBag","filename":"dagbag.py","lineno":593}
{"timestamp":"2025-12-02T07:35:20.235861Z","level":"info","event":"Filling up the DagBag from /opt/airflow/dags/dag_yfinance_main.py","logger":"airflow.models.dagbag.DagBag","filename":"dagbag.py","lineno":593}
{"timestamp":"2025-12-02T07:35:51.263708Z","level":"info","event":"Filling up the DagBag from /opt/airflow/dags/dag_yfinance_main.py","logger":"airflow.models.dagbag.DagBag","filename":"dagbag.py","lineno":593}
{"timestamp":"2025-12-02T07:36:22.292051Z","level":"info","event":"Filling up the DagBag from /opt/airflow/dags/dag_yfinance_main.py","logger":"airflow.models.dagbag.DagBag","filename":"dagbag.py","lineno":593}
{"timestamp":"2025-12-02T07:36:53.262165Z","level":"info","event":"Filling up the DagBag from /opt/airflow/dags/dag_yfinance_main.py","logger":"airflow.models.dagbag.DagBag","filename":"dagbag.py","lineno":593}
{"timestamp":"2025-12-02T07:37:24.178648Z","level":"info","event":"Filling up the DagBag from /opt/airflow/dags/dag_yfinance_main.py","logger":"airflow.models.dagbag.DagBag","filename":"dagbag.py","lineno":593}
{"timestamp":"2025-12-02T07:37:55.197040Z","level":"info","event":"Filling up the DagBag from /opt/airflow/dags/dag_yfinance_main.py","logger":"airflow.models.dagbag.DagBag","filename":"dagbag.py","lineno":593}
{"timestamp":"2025-12-02T07:38:26.770044Z","level":"info","event":"Filling up the DagBag from /opt/airflow/dags/dag_yfinance_main.py","logger":"airflow.models.dagbag.DagBag","filename":"dagbag.py","lineno":593}
{"timestamp":"2025-12-02T07:38:58.406027Z","level":"info","event":"Filling up the DagBag from /opt/airflow/dags/dag_yfinance_main.py","logger":"airflow.models.dagbag.DagBag","filename":"dagbag.py","lineno":593}
{"timestamp":"2025-12-02T07:39:29.909613Z","level":"info","event":"Filling up the DagBag from /opt/airflow/dags/dag_yfinance_main.py","logger":"airflow.models.dagbag.DagBag","filename":"dagbag.py","lineno":593}
{"timestamp":"2025-12-02T07:40:01.555908Z","level":"info","event":"Filling up the DagBag from /opt/airflow/dags/dag_yfinance_main.py","logger":"airflow.models.dagbag.DagBag","filename":"dagbag.py","lineno":593}
{"timestamp":"2025-12-02T07:40:33.125110Z","level":"info","event":"Filling up the DagBag from /opt/airflow/dags/dag_yfinance_main.py","logger":"airflow.models.dagbag.DagBag","filename":"dagbag.py","lineno":593}
{"timestamp":"2025-12-02T07:41:04.685550Z","level":"info","event":"Filling up the DagBag from /opt/airflow/dags/dag_yfinance_main.py","logger":"airflow.models.dagbag.DagBag","filename":"dagbag.py","lineno":593}
{"timestamp":"2025-12-02T07:41:09.977822Z","level":"info","event":"Filling up the DagBag from /opt/airflow/dags/dag_yfinance_main.py","logger":"airflow.models.dagbag.DagBag","filename":"dagbag.py","lineno":593}
{"timestamp":"2025-12-02T07:41:41.139527Z","level":"info","event":"Filling up the DagBag from /opt/airflow/dags/dag_yfinance_main.py","logger":"airflow.models.dagbag.DagBag","filename":"dagbag.py","lineno":593}
{"timestamp":"2025-12-02T07:42:12.096734Z","level":"info","event":"Filling up the DagBag from /opt/airflow/dags/dag_yfinance_main.py","logger":"airflow.models.dagbag.DagBag","filename":"dagbag.py","lineno":593}
{"timestamp":"2025-12-02T07:42:43.102028Z","level":"info","event":"Filling up the DagBag from /opt/airflow/dags/dag_yfinance_main.py","logger":"airflow.models.dagbag.DagBag","filename":"dagbag.py","lineno":593}
{"timestamp":"2025-12-02T07:43:14.131884Z","level":"info","event":"Filling up the DagBag from /opt/airflow/dags/dag_yfinance_main.py","logger":"airflow.models.dagbag.DagBag","filename":"dagbag.py","lineno":593}
{"timestamp":"2025-12-02T07:43:45.000230Z","level":"info","event":"Filling up the DagBag from /opt/airflow/dags/dag_yfinance_main.py","logger":"airflow.models.dagbag.DagBag","filename":"dagbag.py","lineno":593}
{"timestamp":"2025-12-02T07:44:15.886349Z","level":"info","event":"Filling up the DagBag from /opt/airflow/dags/dag_yfinance_main.py","logger":"airflow.models.dagbag.DagBag","filename":"dagbag.py","lineno":593}
{"timestamp":"2025-12-02T07:44:46.989478Z","level":"info","event":"Filling up the DagBag from /opt/airflow/dags/dag_yfinance_main.py","logger":"airflow.models.dagbag.DagBag","filename":"dagbag.py","lineno":593}
{"timestamp":"2025-12-02T07:45:18.105384Z","level":"info","event":"Filling up the DagBag from /opt/airflow/dags/dag_yfinance_main.py","logger":"airflow.models.dagbag.DagBag","filename":"dagbag.py","lineno":593}
{"timestamp":"2025-12-02T07:45:49.155172Z","level":"info","event":"Filling up the DagBag from /opt/airflow/dags/dag_yfinance_main.py","logger":"airflow.models.dagbag.DagBag","filename":"dagbag.py","lineno":593}
{"timestamp":"2025-12-02T07:46:20.578271Z","level":"info","event":"Filling up the DagBag from /opt/airflow/dags/dag_yfinance_main.py","logger":"airflow.models.dagbag.DagBag","filename":"dagbag.py","lineno":593}
{"timestamp":"2025-12-02T07:46:51.763449Z","level":"info","event":"Filling up the DagBag from /opt/airflow/dags/dag_yfinance_main.py","logger":"airflow.models.dagbag.DagBag","filename":"dagbag.py","lineno":593}
{"timestamp":"2025-12-02T07:47:22.810130Z","level":"info","event":"Filling up the DagBag from /opt/airflow/dags/dag_yfinance_main.py","logger":"airflow.models.dagbag.DagBag","filename":"dagbag.py","lineno":593}
{"timestamp":"2025-12-02T07:47:53.914247Z","level":"info","event":"Filling up the DagBag from /opt/airflow/dags/dag_yfinance_main.py","logger":"airflow.models.dagbag.DagBag","filename":"dagbag.py","lineno":593}
{"timestamp":"2025-12-02T07:48:24.918293Z","level":"info","event":"Filling up the DagBag from /opt/airflow/dags/dag_yfinance_main.py","logger":"airflow.models.dagbag.DagBag","filename":"dagbag.py","lineno":593}
{"timestamp":"2025-12-02T07:48:55.906764Z","level":"info","event":"Filling up the DagBag from /opt/airflow/dags/dag_yfinance_main.py","logger":"airflow.models.dagbag.DagBag","filename":"dagbag.py","lineno":593}
{"timestamp":"2025-12-02T07:49:26.884114Z","level":"info","event":"Filling up the DagBag from /opt/airflow/dags/dag_yfinance_main.py","logger":"airflow.models.dagbag.DagBag","filename":"dagbag.py","lineno":593}
{"timestamp":"2025-12-02T07:49:58.004636Z","level":"info","event":"Filling up the DagBag from /opt/airflow/dags/dag_yfinance_main.py","logger":"airflow.models.dagbag.DagBag","filename":"dagbag.py","lineno":593}
{"timestamp":"2025-12-02T07:50:28.970998Z","level":"info","event":"Filling up the DagBag from /opt/airflow/dags/dag_yfinance_main.py","logger":"airflow.models.dagbag.DagBag","filename":"dagbag.py","lineno":593}
{"timestamp":"2025-12-02T07:51:00.041214Z","level":"info","event":"Filling up the DagBag from /opt/airflow/dags/dag_yfinance_main.py","logger":"airflow.models.dagbag.DagBag","filename":"dagbag.py","lineno":593}
{"timestamp":"2025-12-02T07:51:30.982367Z","level":"info","event":"Filling up the DagBag from /opt/airflow/dags/dag_yfinance_main.py","logger":"airflow.models.dagbag.DagBag","filename":"dagbag.py","lineno":593}
{"timestamp":"2025-12-02T07:52:02.116538Z","level":"info","event":"Filling up the DagBag from /opt/airflow/dags/dag_yfinance_main.py","logger":"airflow.models.dagbag.DagBag","filename":"dagbag.py","lineno":593}
{"timestamp":"2025-12-02T07:52:33.320130Z","level":"info","event":"Filling up the DagBag from /opt/airflow/dags/dag_yfinance_main.py","logger":"airflow.models.dagbag.DagBag","filename":"dagbag.py","lineno":593}
{"timestamp":"2025-12-02T07:53:04.457339Z","level":"info","event":"Filling up the DagBag from /opt/airflow/dags/dag_yfinance_main.py","logger":"airflow.models.dagbag.DagBag","filename":"dagbag.py","lineno":593}
{"timestamp":"2025-12-02T07:53:35.573186Z","level":"info","event":"Filling up the DagBag from /opt/airflow/dags/dag_yfinance_main.py","logger":"airflow.models.dagbag.DagBag","filename":"dagbag.py","lineno":593}
{"timestamp":"2025-12-02T07:54:06.683144Z","level":"info","event":"Filling up the DagBag from /opt/airflow/dags/dag_yfinance_main.py","logger":"airflow.models.dagbag.DagBag","filename":"dagbag.py","lineno":593}
{"timestamp":"2025-12-02T07:54:37.544137Z","level":"info","event":"Filling up the DagBag from /opt/airflow/dags/dag_yfinance_main.py","logger":"airflow.models.dagbag.DagBag","filename":"dagbag.py","lineno":593}
{"timestamp":"2025-12-02T07:55:08.574447Z","level":"info","event":"Filling up the DagBag from /opt/airflow/dags/dag_yfinance_main.py","logger":"airflow.models.dagbag.DagBag","filename":"dagbag.py","lineno":593}
{"timestamp":"2025-12-02T07:55:39.610042Z","level":"info","event":"Filling up the DagBag from /opt/airflow/dags/dag_yfinance_main.py","logger":"airflow.models.dagbag.DagBag","filename":"dagbag.py","lineno":593}
{"timestamp":"2025-12-02T07:56:10.654058Z","level":"info","event":"Filling up the DagBag from /opt/airflow/dags/dag_yfinance_main.py","logger":"airflow.models.dagbag.DagBag","filename":"dagbag.py","lineno":593}
{"timestamp":"2025-12-02T07:56:41.676969Z","level":"info","event":"Filling up the DagBag from /opt/airflow/dags/dag_yfinance_main.py","logger":"airflow.models.dagbag.DagBag","filename":"dagbag.py","lineno":593}
{"timestamp":"2025-12-02T07:57:12.755761Z","level":"info","event":"Filling up the DagBag from /opt/airflow/dags/dag_yfinance_main.py","logger":"airflow.models.dagbag.DagBag","filename":"dagbag.py","lineno":593}
{"timestamp":"2025-12-02T07:57:43.723084Z","level":"info","event":"Filling up the DagBag from /opt/airflow/dags/dag_yfinance_main.py","logger":"airflow.models.dagbag.DagBag","filename":"dagbag.py","lineno":593}
{"timestamp":"2025-12-02T07:58:14.859130Z","level":"info","event":"Filling up the DagBag from /opt/airflow/dags/dag_yfinance_main.py","logger":"airflow.models.dagbag.DagBag","filename":"dagbag.py","lineno":593}
{"timestamp":"2025-12-02T07:58:21.481287Z","level":"info","event":"Filling up the DagBag from /opt/airflow/dags/dag_yfinance_main.py","logger":"airflow.models.dagbag.DagBag","filename":"dagbag.py","lineno":593}
{"timestamp":"2025-12-02T07:58:52.692440Z","level":"info","event":"Filling up the DagBag from /opt/airflow/dags/dag_yfinance_main.py","logger":"airflow.models.dagbag.DagBag","filename":"dagbag.py","lineno":593}
{"timestamp":"2025-12-02T07:59:23.765578Z","level":"info","event":"Filling up the DagBag from /opt/airflow/dags/dag_yfinance_main.py","logger":"airflow.models.dagbag.DagBag","filename":"dagbag.py","lineno":593}
{"timestamp":"2025-12-02T07:59:26.329419Z","level":"info","event":"Filling up the DagBag from /opt/airflow/dags/dag_yfinance_main.py","logger":"airflow.models.dagbag.DagBag","filename":"dagbag.py","lineno":593}
{"timestamp":"2025-12-02T07:59:38.086464Z","level":"info","event":"Filling up the DagBag from /opt/airflow/dags/dag_yfinance_main.py","logger":"airflow.models.dagbag.DagBag","filename":"dagbag.py","lineno":593}
{"timestamp":"2025-12-02T08:00:09.032219Z","level":"info","event":"Filling up the DagBag from /opt/airflow/dags/dag_yfinance_main.py","logger":"airflow.models.dagbag.DagBag","filename":"dagbag.py","lineno":593}
{"timestamp":"2025-12-02T08:00:40.265583Z","level":"info","event":"Filling up the DagBag from /opt/airflow/dags/dag_yfinance_main.py","logger":"airflow.models.dagbag.DagBag","filename":"dagbag.py","lineno":593}
{"timestamp":"2025-12-02T08:01:11.179403Z","level":"info","event":"Filling up the DagBag from /opt/airflow/dags/dag_yfinance_main.py","logger":"airflow.models.dagbag.DagBag","filename":"dagbag.py","lineno":593}
{"timestamp":"2025-12-02T08:01:42.105568Z","level":"info","event":"Filling up the DagBag from /opt/airflow/dags/dag_yfinance_main.py","logger":"airflow.models.dagbag.DagBag","filename":"dagbag.py","lineno":593}
{"timestamp":"2025-12-02T08:02:13.401463Z","level":"info","event":"Filling up the DagBag from /opt/airflow/dags/dag_yfinance_main.py","logger":"airflow.models.dagbag.DagBag","filename":"dagbag.py","lineno":593}
{"timestamp":"2025-12-02T08:02:44.589930Z","level":"info","event":"Filling up the DagBag from /opt/airflow/dags/dag_yfinance_main.py","logger":"airflow.models.dagbag.DagBag","filename":"dagbag.py","lineno":593}
{"timestamp":"2025-12-02T08:03:15.540232Z","level":"info","event":"Filling up the DagBag from /opt/airflow/dags/dag_yfinance_main.py","logger":"airflow.models.dagbag.DagBag","filename":"dagbag.py","lineno":593}
{"timestamp":"2025-12-02T08:03:47.115486Z","level":"info","event":"Filling up the DagBag from /opt/airflow/dags/dag_yfinance_main.py","logger":"airflow.models.dagbag.DagBag","filename":"dagbag.py","lineno":593}
{"timestamp":"2025-12-02T08:04:18.360027Z","level":"info","event":"Filling up the DagBag from /opt/airflow/dags/dag_yfinance_main.py","logger":"airflow.models.dagbag.DagBag","filename":"dagbag.py","lineno":593}
{"timestamp":"2025-12-02T08:07:50.465313Z","level":"info","event":"Filling up the DagBag from /opt/airflow/dags/dag_yfinance_main.py","logger":"airflow.models.dagbag.DagBag","filename":"dagbag.py","lineno":593}
{"timestamp":"2025-12-02T08:08:22.554466Z","level":"info","event":"Filling up the DagBag from /opt/airflow/dags/dag_yfinance_main.py","logger":"airflow.models.dagbag.DagBag","filename":"dagbag.py","lineno":593}
{"timestamp":"2025-12-02T08:08:53.426625Z","level":"info","event":"Filling up the DagBag from /opt/airflow/dags/dag_yfinance_main.py","logger":"airflow.models.dagbag.DagBag","filename":"dagbag.py","lineno":593}
{"timestamp":"2025-12-02T08:09:24.335725Z","level":"info","event":"Filling up the DagBag from /opt/airflow/dags/dag_yfinance_main.py","logger":"airflow.models.dagbag.DagBag","filename":"dagbag.py","lineno":593}
{"timestamp":"2025-12-02T08:12:18.056767Z","level":"info","event":"Filling up the DagBag from /opt/airflow/dags/dag_yfinance_main.py","logger":"airflow.models.dagbag.DagBag","filename":"dagbag.py","lineno":593}
{"timestamp":"2025-12-02T08:12:50.210362Z","level":"info","event":"Filling up the DagBag from /opt/airflow/dags/dag_yfinance_main.py","logger":"airflow.models.dagbag.DagBag","filename":"dagbag.py","lineno":593}
{"timestamp":"2025-12-02T08:13:21.238739Z","level":"info","event":"Filling up the DagBag from /opt/airflow/dags/dag_yfinance_main.py","logger":"airflow.models.dagbag.DagBag","filename":"dagbag.py","lineno":593}
{"timestamp":"2025-12-02T08:13:52.870302Z","level":"info","event":"Filling up the DagBag from /opt/airflow/dags/dag_yfinance_main.py","logger":"airflow.models.dagbag.DagBag","filename":"dagbag.py","lineno":593}
{"timestamp":"2025-12-02T08:14:23.761894Z","level":"info","event":"Filling up the DagBag from /opt/airflow/dags/dag_yfinance_main.py","logger":"airflow.models.dagbag.DagBag","filename":"dagbag.py","lineno":593}
{"timestamp":"2025-12-02T08:14:55.353019Z","level":"info","event":"Filling up the DagBag from /opt/airflow/dags/dag_yfinance_main.py","logger":"airflow.models.dagbag.DagBag","filename":"dagbag.py","lineno":593}
{"timestamp":"2025-12-02T08:15:26.004839Z","level":"info","event":"Filling up the DagBag from /opt/airflow/dags/dag_yfinance_main.py","logger":"airflow.models.dagbag.DagBag","filename":"dagbag.py","lineno":593}
{"timestamp":"2025-12-02T08:15:57.572401Z","level":"info","event":"Filling up the DagBag from /opt/airflow/dags/dag_yfinance_main.py","logger":"airflow.models.dagbag.DagBag","filename":"dagbag.py","lineno":593}
{"timestamp":"2025-12-02T08:16:29.077310Z","level":"info","event":"Filling up the DagBag from /opt/airflow/dags/dag_yfinance_main.py","logger":"airflow.models.dagbag.DagBag","filename":"dagbag.py","lineno":593}
{"timestamp":"2025-12-02T08:16:59.716704Z","level":"info","event":"Filling up the DagBag from /opt/airflow/dags/dag_yfinance_main.py","logger":"airflow.models.dagbag.DagBag","filename":"dagbag.py","lineno":593}
{"timestamp":"2025-12-02T08:17:30.434412Z","level":"info","event":"Filling up the DagBag from /opt/airflow/dags/dag_yfinance_main.py","logger":"airflow.models.dagbag.DagBag","filename":"dagbag.py","lineno":593}
{"timestamp":"2025-12-02T08:18:01.940790Z","level":"info","event":"Filling up the DagBag from /opt/airflow/dags/dag_yfinance_main.py","logger":"airflow.models.dagbag.DagBag","filename":"dagbag.py","lineno":593}
{"timestamp":"2025-12-02T08:18:33.518983Z","level":"info","event":"Filling up the DagBag from /opt/airflow/dags/dag_yfinance_main.py","logger":"airflow.models.dagbag.DagBag","filename":"dagbag.py","lineno":593}
{"timestamp":"2025-12-02T08:19:05.191418Z","level":"info","event":"Filling up the DagBag from /opt/airflow/dags/dag_yfinance_main.py","logger":"airflow.models.dagbag.DagBag","filename":"dagbag.py","lineno":593}
{"timestamp":"2025-12-02T08:19:36.814623Z","level":"info","event":"Filling up the DagBag from /opt/airflow/dags/dag_yfinance_main.py","logger":"airflow.models.dagbag.DagBag","filename":"dagbag.py","lineno":593}
{"timestamp":"2025-12-02T08:20:08.364976Z","level":"info","event":"Filling up the DagBag from /opt/airflow/dags/dag_yfinance_main.py","logger":"airflow.models.dagbag.DagBag","filename":"dagbag.py","lineno":593}
{"timestamp":"2025-12-02T08:20:39.899932Z","level":"info","event":"Filling up the DagBag from /opt/airflow/dags/dag_yfinance_main.py","logger":"airflow.models.dagbag.DagBag","filename":"dagbag.py","lineno":593}
{"timestamp":"2025-12-02T08:21:11.496274Z","level":"info","event":"Filling up the DagBag from /opt/airflow/dags/dag_yfinance_main.py","logger":"airflow.models.dagbag.DagBag","filename":"dagbag.py","lineno":593}
{"timestamp":"2025-12-02T08:21:43.097855Z","level":"info","event":"Filling up the DagBag from /opt/airflow/dags/dag_yfinance_main.py","logger":"airflow.models.dagbag.DagBag","filename":"dagbag.py","lineno":593}
{"timestamp":"2025-12-02T08:22:14.648395Z","level":"info","event":"Filling up the DagBag from /opt/airflow/dags/dag_yfinance_main.py","logger":"airflow.models.dagbag.DagBag","filename":"dagbag.py","lineno":593}
{"timestamp":"2025-12-02T08:22:46.221342Z","level":"info","event":"Filling up the DagBag from /opt/airflow/dags/dag_yfinance_main.py","logger":"airflow.models.dagbag.DagBag","filename":"dagbag.py","lineno":593}
{"timestamp":"2025-12-02T08:23:17.836413Z","level":"info","event":"Filling up the DagBag from /opt/airflow/dags/dag_yfinance_main.py","logger":"airflow.models.dagbag.DagBag","filename":"dagbag.py","lineno":593}
{"timestamp":"2025-12-02T08:23:49.548210Z","level":"info","event":"Filling up the DagBag from /opt/airflow/dags/dag_yfinance_main.py","logger":"airflow.models.dagbag.DagBag","filename":"dagbag.py","lineno":593}
{"timestamp":"2025-12-02T08:24:21.153575Z","level":"info","event":"Filling up the DagBag from /opt/airflow/dags/dag_yfinance_main.py","logger":"airflow.models.dagbag.DagBag","filename":"dagbag.py","lineno":593}
{"timestamp":"2025-12-02T08:24:52.703334Z","level":"info","event":"Filling up the DagBag from /opt/airflow/dags/dag_yfinance_main.py","logger":"airflow.models.dagbag.DagBag","filename":"dagbag.py","lineno":593}
{"timestamp":"2025-12-02T08:25:24.345610Z","level":"info","event":"Filling up the DagBag from /opt/airflow/dags/dag_yfinance_main.py","logger":"airflow.models.dagbag.DagBag","filename":"dagbag.py","lineno":593}
{"timestamp":"2025-12-02T08:25:55.073858Z","level":"info","event":"Filling up the DagBag from /opt/airflow/dags/dag_yfinance_main.py","logger":"airflow.models.dagbag.DagBag","filename":"dagbag.py","lineno":593}
{"timestamp":"2025-12-02T08:26:26.634498Z","level":"info","event":"Filling up the DagBag from /opt/airflow/dags/dag_yfinance_main.py","logger":"airflow.models.dagbag.DagBag","filename":"dagbag.py","lineno":593}
{"timestamp":"2025-12-02T08:26:58.218897Z","level":"info","event":"Filling up the DagBag from /opt/airflow/dags/dag_yfinance_main.py","logger":"airflow.models.dagbag.DagBag","filename":"dagbag.py","lineno":593}
{"timestamp":"2025-12-02T08:27:28.867519Z","level":"info","event":"Filling up the DagBag from /opt/airflow/dags/dag_yfinance_main.py","logger":"airflow.models.dagbag.DagBag","filename":"dagbag.py","lineno":593}
{"timestamp":"2025-12-02T08:28:00.490467Z","level":"info","event":"Filling up the DagBag from /opt/airflow/dags/dag_yfinance_main.py","logger":"airflow.models.dagbag.DagBag","filename":"dagbag.py","lineno":593}
{"timestamp":"2025-12-02T08:28:32.025920Z","level":"info","event":"Filling up the DagBag from /opt/airflow/dags/dag_yfinance_main.py","logger":"airflow.models.dagbag.DagBag","filename":"dagbag.py","lineno":593}
{"timestamp":"2025-12-02T08:29:03.263907Z","level":"info","event":"Filling up the DagBag from /opt/airflow/dags/dag_yfinance_main.py","logger":"airflow.models.dagbag.DagBag","filename":"dagbag.py","lineno":593}
{"timestamp":"2025-12-02T08:29:34.357397Z","level":"info","event":"Filling up the DagBag from /opt/airflow/dags/dag_yfinance_main.py","logger":"airflow.models.dagbag.DagBag","filename":"dagbag.py","lineno":593}
{"timestamp":"2025-12-02T08:30:05.460926Z","level":"info","event":"Filling up the DagBag from /opt/airflow/dags/dag_yfinance_main.py","logger":"airflow.models.dagbag.DagBag","filename":"dagbag.py","lineno":593}
{"timestamp":"2025-12-02T08:30:36.493203Z","level":"info","event":"Filling up the DagBag from /opt/airflow/dags/dag_yfinance_main.py","logger":"airflow.models.dagbag.DagBag","filename":"dagbag.py","lineno":593}
{"timestamp":"2025-12-02T08:31:07.583890Z","level":"info","event":"Filling up the DagBag from /opt/airflow/dags/dag_yfinance_main.py","logger":"airflow.models.dagbag.DagBag","filename":"dagbag.py","lineno":593}
{"timestamp":"2025-12-02T08:31:38.583870Z","level":"info","event":"Filling up the DagBag from /opt/airflow/dags/dag_yfinance_main.py","logger":"airflow.models.dagbag.DagBag","filename":"dagbag.py","lineno":593}
{"timestamp":"2025-12-02T08:32:09.638748Z","level":"info","event":"Filling up the DagBag from /opt/airflow/dags/dag_yfinance_main.py","logger":"airflow.models.dagbag.DagBag","filename":"dagbag.py","lineno":593}
{"timestamp":"2025-12-02T08:32:40.614607Z","level":"info","event":"Filling up the DagBag from /opt/airflow/dags/dag_yfinance_main.py","logger":"airflow.models.dagbag.DagBag","filename":"dagbag.py","lineno":593}
{"timestamp":"2025-12-02T08:33:11.698341Z","level":"info","event":"Filling up the DagBag from /opt/airflow/dags/dag_yfinance_main.py","logger":"airflow.models.dagbag.DagBag","filename":"dagbag.py","lineno":593}
{"timestamp":"2025-12-02T08:33:42.514434Z","level":"info","event":"Filling up the DagBag from /opt/airflow/dags/dag_yfinance_main.py","logger":"airflow.models.dagbag.DagBag","filename":"dagbag.py","lineno":593}
{"timestamp":"2025-12-02T08:34:13.599115Z","level":"info","event":"Filling up the DagBag from /opt/airflow/dags/dag_yfinance_main.py","logger":"airflow.models.dagbag.DagBag","filename":"dagbag.py","lineno":593}
{"timestamp":"2025-12-02T08:34:44.596859Z","level":"info","event":"Filling up the DagBag from /opt/airflow/dags/dag_yfinance_main.py","logger":"airflow.models.dagbag.DagBag","filename":"dagbag.py","lineno":593}
{"timestamp":"2025-12-02T08:35:15.843262Z","level":"info","event":"Filling up the DagBag from /opt/airflow/dags/dag_yfinance_main.py","logger":"airflow.models.dagbag.DagBag","filename":"dagbag.py","lineno":593}
{"timestamp":"2025-12-02T08:35:47.060888Z","level":"info","event":"Filling up the DagBag from /opt/airflow/dags/dag_yfinance_main.py","logger":"airflow.models.dagbag.DagBag","filename":"dagbag.py","lineno":593}
{"timestamp":"2025-12-02T08:36:18.394096Z","level":"info","event":"Filling up the DagBag from /opt/airflow/dags/dag_yfinance_main.py","logger":"airflow.models.dagbag.DagBag","filename":"dagbag.py","lineno":593}
{"timestamp":"2025-12-02T08:36:49.491703Z","level":"info","event":"Filling up the DagBag from /opt/airflow/dags/dag_yfinance_main.py","logger":"airflow.models.dagbag.DagBag","filename":"dagbag.py","lineno":593}
{"timestamp":"2025-12-02T08:37:20.506557Z","level":"info","event":"Filling up the DagBag from /opt/airflow/dags/dag_yfinance_main.py","logger":"airflow.models.dagbag.DagBag","filename":"dagbag.py","lineno":593}
{"timestamp":"2025-12-02T08:37:51.524956Z","level":"info","event":"Filling up the DagBag from /opt/airflow/dags/dag_yfinance_main.py","logger":"airflow.models.dagbag.DagBag","filename":"dagbag.py","lineno":593}
{"timestamp":"2025-12-02T08:38:22.641624Z","level":"info","event":"Filling up the DagBag from /opt/airflow/dags/dag_yfinance_main.py","logger":"airflow.models.dagbag.DagBag","filename":"dagbag.py","lineno":593}
{"timestamp":"2025-12-02T08:38:53.706483Z","level":"info","event":"Filling up the DagBag from /opt/airflow/dags/dag_yfinance_main.py","logger":"airflow.models.dagbag.DagBag","filename":"dagbag.py","lineno":593}
{"timestamp":"2025-12-02T08:39:24.362590Z","level":"info","event":"Filling up the DagBag from /opt/airflow/dags/dag_yfinance_main.py","logger":"airflow.models.dagbag.DagBag","filename":"dagbag.py","lineno":593}
{"timestamp":"2025-12-02T08:39:55.114850Z","level":"info","event":"Filling up the DagBag from /opt/airflow/dags/dag_yfinance_main.py","logger":"airflow.models.dagbag.DagBag","filename":"dagbag.py","lineno":593}
{"timestamp":"2025-12-02T08:40:26.189047Z","level":"info","event":"Filling up the DagBag from /opt/airflow/dags/dag_yfinance_main.py","logger":"airflow.models.dagbag.DagBag","filename":"dagbag.py","lineno":593}
{"timestamp":"2025-12-02T08:40:56.824351Z","level":"info","event":"Filling up the DagBag from /opt/airflow/dags/dag_yfinance_main.py","logger":"airflow.models.dagbag.DagBag","filename":"dagbag.py","lineno":593}
{"timestamp":"2025-12-02T08:41:27.493364Z","level":"info","event":"Filling up the DagBag from /opt/airflow/dags/dag_yfinance_main.py","logger":"airflow.models.dagbag.DagBag","filename":"dagbag.py","lineno":593}
{"timestamp":"2025-12-02T08:41:58.117284Z","level":"info","event":"Filling up the DagBag from /opt/airflow/dags/dag_yfinance_main.py","logger":"airflow.models.dagbag.DagBag","filename":"dagbag.py","lineno":593}
{"timestamp":"2025-12-02T08:42:29.193564Z","level":"info","event":"Filling up the DagBag from /opt/airflow/dags/dag_yfinance_main.py","logger":"airflow.models.dagbag.DagBag","filename":"dagbag.py","lineno":593}
{"timestamp":"2025-12-02T08:43:00.211422Z","level":"info","event":"Filling up the DagBag from /opt/airflow/dags/dag_yfinance_main.py","logger":"airflow.models.dagbag.DagBag","filename":"dagbag.py","lineno":593}
{"timestamp":"2025-12-02T08:43:31.217619Z","level":"info","event":"Filling up the DagBag from /opt/airflow/dags/dag_yfinance_main.py","logger":"airflow.models.dagbag.DagBag","filename":"dagbag.py","lineno":593}
{"timestamp":"2025-12-02T08:44:02.233060Z","level":"info","event":"Filling up the DagBag from /opt/airflow/dags/dag_yfinance_main.py","logger":"airflow.models.dagbag.DagBag","filename":"dagbag.py","lineno":593}
{"timestamp":"2025-12-02T08:44:33.160653Z","level":"info","event":"Filling up the DagBag from /opt/airflow/dags/dag_yfinance_main.py","logger":"airflow.models.dagbag.DagBag","filename":"dagbag.py","lineno":593}
{"timestamp":"2025-12-02T08:45:04.140280Z","level":"info","event":"Filling up the DagBag from /opt/airflow/dags/dag_yfinance_main.py","logger":"airflow.models.dagbag.DagBag","filename":"dagbag.py","lineno":593}
{"timestamp":"2025-12-02T08:45:35.262915Z","level":"info","event":"Filling up the DagBag from /opt/airflow/dags/dag_yfinance_main.py","logger":"airflow.models.dagbag.DagBag","filename":"dagbag.py","lineno":593}
{"timestamp":"2025-12-02T08:46:06.267641Z","level":"info","event":"Filling up the DagBag from /opt/airflow/dags/dag_yfinance_main.py","logger":"airflow.models.dagbag.DagBag","filename":"dagbag.py","lineno":593}
{"timestamp":"2025-12-02T08:46:37.297255Z","level":"info","event":"Filling up the DagBag from /opt/airflow/dags/dag_yfinance_main.py","logger":"airflow.models.dagbag.DagBag","filename":"dagbag.py","lineno":593}
{"timestamp":"2025-12-02T08:47:08.303336Z","level":"info","event":"Filling up the DagBag from /opt/airflow/dags/dag_yfinance_main.py","logger":"airflow.models.dagbag.DagBag","filename":"dagbag.py","lineno":593}
{"timestamp":"2025-12-02T08:47:39.275151Z","level":"info","event":"Filling up the DagBag from /opt/airflow/dags/dag_yfinance_main.py","logger":"airflow.models.dagbag.DagBag","filename":"dagbag.py","lineno":593}
{"timestamp":"2025-12-02T08:48:11.380961Z","level":"info","event":"Filling up the DagBag from /opt/airflow/dags/dag_yfinance_main.py","logger":"airflow.models.dagbag.DagBag","filename":"dagbag.py","lineno":593}
{"timestamp":"2025-12-02T08:48:42.391368Z","level":"info","event":"Filling up the DagBag from /opt/airflow/dags/dag_yfinance_main.py","logger":"airflow.models.dagbag.DagBag","filename":"dagbag.py","lineno":593}
{"timestamp":"2025-12-02T08:49:13.478266Z","level":"info","event":"Filling up the DagBag from /opt/airflow/dags/dag_yfinance_main.py","logger":"airflow.models.dagbag.DagBag","filename":"dagbag.py","lineno":593}
{"timestamp":"2025-12-02T08:49:44.555311Z","level":"info","event":"Filling up the DagBag from /opt/airflow/dags/dag_yfinance_main.py","logger":"airflow.models.dagbag.DagBag","filename":"dagbag.py","lineno":593}
{"timestamp":"2025-12-02T08:50:15.655296Z","level":"info","event":"Filling up the DagBag from /opt/airflow/dags/dag_yfinance_main.py","logger":"airflow.models.dagbag.DagBag","filename":"dagbag.py","lineno":593}
{"timestamp":"2025-12-02T08:50:46.804962Z","level":"info","event":"Filling up the DagBag from /opt/airflow/dags/dag_yfinance_main.py","logger":"airflow.models.dagbag.DagBag","filename":"dagbag.py","lineno":593}
{"timestamp":"2025-12-02T08:51:18.008605Z","level":"info","event":"Filling up the DagBag from /opt/airflow/dags/dag_yfinance_main.py","logger":"airflow.models.dagbag.DagBag","filename":"dagbag.py","lineno":593}
{"timestamp":"2025-12-02T08:51:49.098734Z","level":"info","event":"Filling up the DagBag from /opt/airflow/dags/dag_yfinance_main.py","logger":"airflow.models.dagbag.DagBag","filename":"dagbag.py","lineno":593}
{"timestamp":"2025-12-02T08:52:20.137826Z","level":"info","event":"Filling up the DagBag from /opt/airflow/dags/dag_yfinance_main.py","logger":"airflow.models.dagbag.DagBag","filename":"dagbag.py","lineno":593}
{"timestamp":"2025-12-02T08:52:51.384250Z","level":"info","event":"Filling up the DagBag from /opt/airflow/dags/dag_yfinance_main.py","logger":"airflow.models.dagbag.DagBag","filename":"dagbag.py","lineno":593}
{"timestamp":"2025-12-02T08:53:22.057440Z","level":"info","event":"Filling up the DagBag from /opt/airflow/dags/dag_yfinance_main.py","logger":"airflow.models.dagbag.DagBag","filename":"dagbag.py","lineno":593}
{"timestamp":"2025-12-02T08:53:52.641234Z","level":"info","event":"Filling up the DagBag from /opt/airflow/dags/dag_yfinance_main.py","logger":"airflow.models.dagbag.DagBag","filename":"dagbag.py","lineno":593}
{"timestamp":"2025-12-02T08:54:23.387303Z","level":"info","event":"Filling up the DagBag from /opt/airflow/dags/dag_yfinance_main.py","logger":"airflow.models.dagbag.DagBag","filename":"dagbag.py","lineno":593}
{"timestamp":"2025-12-02T08:54:54.735237Z","level":"info","event":"Filling up the DagBag from /opt/airflow/dags/dag_yfinance_main.py","logger":"airflow.models.dagbag.DagBag","filename":"dagbag.py","lineno":593}
{"timestamp":"2025-12-02T08:55:25.901753Z","level":"info","event":"Filling up the DagBag from /opt/airflow/dags/dag_yfinance_main.py","logger":"airflow.models.dagbag.DagBag","filename":"dagbag.py","lineno":593}
{"timestamp":"2025-12-02T08:55:57.443082Z","level":"info","event":"Filling up the DagBag from /opt/airflow/dags/dag_yfinance_main.py","logger":"airflow.models.dagbag.DagBag","filename":"dagbag.py","lineno":593}
{"timestamp":"2025-12-02T08:56:29.044658Z","level":"info","event":"Filling up the DagBag from /opt/airflow/dags/dag_yfinance_main.py","logger":"airflow.models.dagbag.DagBag","filename":"dagbag.py","lineno":593}
{"timestamp":"2025-12-02T08:57:00.256287Z","level":"info","event":"Filling up the DagBag from /opt/airflow/dags/dag_yfinance_main.py","logger":"airflow.models.dagbag.DagBag","filename":"dagbag.py","lineno":593}
{"timestamp":"2025-12-02T08:57:30.929017Z","level":"info","event":"Filling up the DagBag from /opt/airflow/dags/dag_yfinance_main.py","logger":"airflow.models.dagbag.DagBag","filename":"dagbag.py","lineno":593}
{"timestamp":"2025-12-02T08:58:01.528175Z","level":"info","event":"Filling up the DagBag from /opt/airflow/dags/dag_yfinance_main.py","logger":"airflow.models.dagbag.DagBag","filename":"dagbag.py","lineno":593}
{"timestamp":"2025-12-02T08:58:32.307060Z","level":"info","event":"Filling up the DagBag from /opt/airflow/dags/dag_yfinance_main.py","logger":"airflow.models.dagbag.DagBag","filename":"dagbag.py","lineno":593}
{"timestamp":"2025-12-02T08:59:02.972817Z","level":"info","event":"Filling up the DagBag from /opt/airflow/dags/dag_yfinance_main.py","logger":"airflow.models.dagbag.DagBag","filename":"dagbag.py","lineno":593}
{"timestamp":"2025-12-02T08:59:34.556214Z","level":"info","event":"Filling up the DagBag from /opt/airflow/dags/dag_yfinance_main.py","logger":"airflow.models.dagbag.DagBag","filename":"dagbag.py","lineno":593}
{"timestamp":"2025-12-02T09:00:05.246639Z","level":"info","event":"Filling up the DagBag from /opt/airflow/dags/dag_yfinance_main.py","logger":"airflow.models.dagbag.DagBag","filename":"dagbag.py","lineno":593}
