{"timestamp":"2025-12-02T06:06:07.921990Z","level":"info","event":"DAG bundles loaded: dags-folder","logger":"airflow.dag_processing.bundles.manager.DagBundlesManager","filename":"manager.py","lineno":179}
{"timestamp":"2025-12-02T06:06:07.922348Z","level":"info","event":"Filling up the DagBag from /opt/airflow/dags/dag_index.py","logger":"airflow.models.dagbag.DagBag","filename":"dagbag.py","lineno":593}
{"timestamp":"2025-12-02T06:06:08.382670Z","level":"info","event":"[QueryLoader] Loading JSON from: /opt/airflow/query/index_info.json","logger":"task.stdout"}
{"timestamp":"2025-12-02T06:06:10.052951Z","level":"info","event":"          Date          Open          High  ...  Dividends  Stock Splits  Ticker","logger":"task.stdout"}
{"timestamp":"2025-12-02T06:06:10.054473Z","level":"info","event":"0   2025-11-25   3942.360107   3946.610107  ...        0.0           0.0   ^KS11","logger":"task.stdout"}
{"timestamp":"2025-12-02T06:06:10.054660Z","level":"info","event":"1   2025-11-26   3891.879883   3960.870117  ...        0.0           0.0   ^KS11","logger":"task.stdout"}
{"timestamp":"2025-12-02T06:06:10.054828Z","level":"info","event":"2   2025-11-27   3989.449951   4023.419922  ...        0.0           0.0   ^KS11","logger":"task.stdout"}
{"timestamp":"2025-12-02T06:06:10.054983Z","level":"info","event":"3   2025-11-28   3995.300049   3995.300049  ...        0.0           0.0   ^KS11","logger":"task.stdout"}
{"timestamp":"2025-12-02T06:06:10.055130Z","level":"info","event":"4   2025-11-25    867.840027    871.679993  ...        0.0           0.0   ^KQ11","logger":"task.stdout"}
{"timestamp":"2025-12-02T06:06:10.055400Z","level":"info","event":"5   2025-11-26    863.280029    877.580017  ...        0.0           0.0   ^KQ11","logger":"task.stdout"}
{"timestamp":"2025-12-02T06:06:10.055561Z","level":"info","event":"6   2025-11-27    879.440002    884.000000  ...        0.0           0.0   ^KQ11","logger":"task.stdout"}
{"timestamp":"2025-12-02T06:06:10.055706Z","level":"info","event":"7   2025-11-28    888.750000    912.669983  ...        0.0           0.0   ^KQ11","logger":"task.stdout"}
{"timestamp":"2025-12-02T06:06:10.055839Z","level":"info","event":"8   2025-11-25   6697.029785   6776.399902  ...        0.0           0.0   ^GSPC","logger":"task.stdout"}
{"timestamp":"2025-12-02T06:06:10.055970Z","level":"info","event":"9   2025-11-26   6793.549805   6831.439941  ...        0.0           0.0   ^GSPC","logger":"task.stdout"}
{"timestamp":"2025-12-02T06:06:10.056112Z","level":"info","event":"10  2025-11-28   6822.520020   6850.859863  ...        0.0           0.0   ^GSPC","logger":"task.stdout"}
{"timestamp":"2025-12-02T06:06:10.056248Z","level":"info","event":"11  2025-11-25  46482.359375  47182.898438  ...        0.0           0.0    ^DJI","logger":"task.stdout"}
{"timestamp":"2025-12-02T06:06:10.056387Z","level":"info","event":"12  2025-11-26  47196.148438  47571.398438  ...        0.0           0.0    ^DJI","logger":"task.stdout"}
{"timestamp":"2025-12-02T06:06:10.056519Z","level":"info","event":"13  2025-11-28  47482.250000  47750.769531  ...        0.0           0.0    ^DJI","logger":"task.stdout"}
{"timestamp":"2025-12-02T06:06:10.056659Z","level":"info","event":"14  2025-11-25  22802.849609  23070.089844  ...        0.0           0.0   ^IXIC","logger":"task.stdout"}
{"timestamp":"2025-12-02T06:06:10.056796Z","level":"info","event":"15  2025-11-26  23163.189453  23280.580078  ...        0.0           0.0   ^IXIC","logger":"task.stdout"}
{"timestamp":"2025-12-02T06:06:10.056935Z","level":"info","event":"16  2025-11-28  23291.589844  23365.789062  ...        0.0           0.0   ^IXIC","logger":"task.stdout"}
{"timestamp":"2025-12-02T06:06:10.057070Z","level":"info","event":"17  2025-11-25  25948.900391  26069.220703  ...        0.0           0.0    ^HSI","logger":"task.stdout"}
{"timestamp":"2025-12-02T06:06:10.057205Z","level":"info","event":"18  2025-11-26  26046.740234  26136.269531  ...        0.0           0.0    ^HSI","logger":"task.stdout"}
{"timestamp":"2025-12-02T06:06:10.057347Z","level":"info","event":"19  2025-11-27  25945.539062  26123.689453  ...        0.0           0.0    ^HSI","logger":"task.stdout"}
{"timestamp":"2025-12-02T06:06:10.057544Z","level":"info","event":"20  2025-11-28  26011.060547  26011.060547  ...        0.0           0.0    ^HSI","logger":"task.stdout"}
{"timestamp":"2025-12-02T06:06:10.057673Z","level":"info","event":"","logger":"task.stdout"}
{"timestamp":"2025-12-02T06:06:10.057799Z","level":"info","event":"[21 rows x 9 columns]","logger":"task.stdout"}
{"timestamp":"2025-12-02T06:06:10.059081Z","level":"info","event":"Done. Returned value was:           Date Ticker          Open  ...      Volume  Dividends  Stock Splits\n0   2025-11-25  ^KS11   3942.360107  ...      279300        0.0           0.0\n1   2025-11-26  ^KS11   3891.879883  ...      295300        0.0           0.0\n2   2025-11-27  ^KS11   3989.449951  ...      257900        0.0           0.0\n3   2025-11-28  ^KS11   3995.300049  ...      241900        0.0           0.0\n4   2025-11-25  ^KQ11    867.840027  ...         700        0.0           0.0\n5   2025-11-26  ^KQ11    863.280029  ...         600        0.0           0.0\n6   2025-11-27  ^KQ11    879.440002  ...      721100        0.0           0.0\n7   2025-11-28  ^KQ11    888.750000  ...         800        0.0           0.0\n8   2025-11-25  ^GSPC   6697.029785  ...  5003330000        0.0           0.0\n9   2025-11-26  ^GSPC   6793.549805  ...  4485000000        0.0           0.0\n10  2025-11-28  ^GSPC   6822.520020  ...  2558540000        0.0           0.0\n11  2025-11-25   ^DJI  46482.359375  ...   648860000        0.0           0.0\n12  2025-11-26   ^DJI  47196.148438  ...   454980000        0.0           0.0\n13  2025-11-28   ^DJI  47482.250000  ...   272500000        0.0           0.0\n14  2025-11-25  ^IXIC  22802.849609  ...  8498500000        0.0           0.0\n15  2025-11-26  ^IXIC  23163.189453  ...  7291400000        0.0           0.0\n16  2025-11-28  ^IXIC  23291.589844  ...  4541070000        0.0           0.0\n17  2025-11-25   ^HSI  25948.900391  ...  2962100000        0.0           0.0\n18  2025-11-26   ^HSI  26046.740234  ...  2564700000        0.0           0.0\n19  2025-11-27   ^HSI  25945.539062  ...  2682700000        0.0           0.0\n20  2025-11-28   ^HSI  26011.060547  ...  1961600000        0.0           0.0\n\n[21 rows x 9 columns]","logger":"airflow.task.operators.airflow.providers.standard.operators.python.PythonOperator","filename":"python.py","lineno":215}
{"timestamp":"2025-12-02T06:06:10.059248Z","level":"info","event":"Pushing xcom","ti":"RuntimeTaskInstance(id=UUID('019addab-12ce-7ff5-a20d-6e635f7c7651'), task_id='stock_fetch_task', dag_id='dag_index', run_id='manual__2025-12-02T05:54:49.292970+00:00', try_number=10, dag_version_id=UUID('019add80-91d6-7842-8e2a-1eb9d7deba61'), map_index=-1, hostname='79ef6dbc7607', context_carrier={}, task=<Task(PythonOperator): stock_fetch_task>, bundle_instance=LocalDagBundle(name=dags-folder), max_tries=9, start_date=datetime.datetime(2025, 12, 2, 6, 6, 7, 901188, tzinfo=datetime.timezone.utc), end_date=None, state=<TaskInstanceState.RUNNING: 'running'>, is_mapped=False, rendered_map_index=None)","logger":"task","filename":"task_runner.py","lineno":1360}
