{"timestamp":"2025-12-02T05:58:59.162055Z","level":"info","event":"DAG bundles loaded: dags-folder","logger":"airflow.dag_processing.bundles.manager.DagBundlesManager","filename":"manager.py","lineno":179}
{"timestamp":"2025-12-02T05:58:59.162638Z","level":"info","event":"Filling up the DagBag from /opt/airflow/dags/dag_index.py","logger":"airflow.models.dagbag.DagBag","filename":"dagbag.py","lineno":593}
{"timestamp":"2025-12-02T05:58:59.699015Z","level":"info","event":"[QueryLoader] Loading JSON from: /opt/airflow/query/index_info.json","logger":"task.stdout"}
{"timestamp":"2025-12-02T05:59:01.241871Z","level":"info","event":"                         Date          Open  ...  Stock Splits  Ticker","logger":"task.stdout"}
{"timestamp":"2025-12-02T05:59:01.242669Z","level":"info","event":"0   2025-11-25 00:00:00+09:00   3942.360107  ...           0.0   ^KS11","logger":"task.stdout"}
{"timestamp":"2025-12-02T05:59:01.243382Z","level":"info","event":"1   2025-11-26 00:00:00+09:00   3891.879883  ...           0.0   ^KS11","logger":"task.stdout"}
{"timestamp":"2025-12-02T05:59:01.243945Z","level":"info","event":"2   2025-11-27 00:00:00+09:00   3989.449951  ...           0.0   ^KS11","logger":"task.stdout"}
{"timestamp":"2025-12-02T05:59:01.244275Z","level":"info","event":"3   2025-11-28 00:00:00+09:00   3995.300049  ...           0.0   ^KS11","logger":"task.stdout"}
{"timestamp":"2025-12-02T05:59:01.244860Z","level":"info","event":"4   2025-11-25 00:00:00+09:00    867.840027  ...           0.0   ^KQ11","logger":"task.stdout"}
{"timestamp":"2025-12-02T05:59:01.245272Z","level":"info","event":"5   2025-11-26 00:00:00+09:00    863.280029  ...           0.0   ^KQ11","logger":"task.stdout"}
{"timestamp":"2025-12-02T05:59:01.245543Z","level":"info","event":"6   2025-11-27 00:00:00+09:00    879.440002  ...           0.0   ^KQ11","logger":"task.stdout"}
{"timestamp":"2025-12-02T05:59:01.245785Z","level":"info","event":"7   2025-11-28 00:00:00+09:00    888.750000  ...           0.0   ^KQ11","logger":"task.stdout"}
{"timestamp":"2025-12-02T05:59:01.246049Z","level":"info","event":"8   2025-11-25 00:00:00-05:00   6697.029785  ...           0.0   ^GSPC","logger":"task.stdout"}
{"timestamp":"2025-12-02T05:59:01.246406Z","level":"info","event":"9   2025-11-26 00:00:00-05:00   6793.549805  ...           0.0   ^GSPC","logger":"task.stdout"}
{"timestamp":"2025-12-02T05:59:01.246823Z","level":"info","event":"10  2025-11-28 00:00:00-05:00   6822.520020  ...           0.0   ^GSPC","logger":"task.stdout"}
{"timestamp":"2025-12-02T05:59:01.247310Z","level":"info","event":"11  2025-11-25 00:00:00-05:00  46482.359375  ...           0.0    ^DJI","logger":"task.stdout"}
{"timestamp":"2025-12-02T05:59:01.247591Z","level":"info","event":"12  2025-11-26 00:00:00-05:00  47196.148438  ...           0.0    ^DJI","logger":"task.stdout"}
{"timestamp":"2025-12-02T05:59:01.247859Z","level":"info","event":"13  2025-11-28 00:00:00-05:00  47482.250000  ...           0.0    ^DJI","logger":"task.stdout"}
{"timestamp":"2025-12-02T05:59:01.248129Z","level":"info","event":"14  2025-11-25 00:00:00-05:00  22802.849609  ...           0.0   ^IXIC","logger":"task.stdout"}
{"timestamp":"2025-12-02T05:59:01.248422Z","level":"info","event":"15  2025-11-26 00:00:00-05:00  23163.189453  ...           0.0   ^IXIC","logger":"task.stdout"}
{"timestamp":"2025-12-02T05:59:01.248639Z","level":"info","event":"16  2025-11-28 00:00:00-05:00  23291.589844  ...           0.0   ^IXIC","logger":"task.stdout"}
{"timestamp":"2025-12-02T05:59:01.251261Z","level":"info","event":"17  2025-11-25 00:00:00+08:00  25948.900391  ...           0.0    ^HSI","logger":"task.stdout"}
{"timestamp":"2025-12-02T05:59:01.251410Z","level":"info","event":"18  2025-11-26 00:00:00+08:00  26046.740234  ...           0.0    ^HSI","logger":"task.stdout"}
{"timestamp":"2025-12-02T05:59:01.251539Z","level":"info","event":"19  2025-11-27 00:00:00+08:00  25945.539062  ...           0.0    ^HSI","logger":"task.stdout"}
{"timestamp":"2025-12-02T05:59:01.251652Z","level":"info","event":"20  2025-11-28 00:00:00+08:00  26011.060547  ...           0.0    ^HSI","logger":"task.stdout"}
{"timestamp":"2025-12-02T05:59:01.251842Z","level":"info","event":"","logger":"task.stdout"}
{"timestamp":"2025-12-02T05:59:01.252003Z","level":"info","event":"[21 rows x 9 columns]","logger":"task.stdout"}
{"timestamp":"2025-12-02T05:59:01.241954Z","level":"error","event":"Task failed with exception","logger":"task","filename":"task_runner.py","lineno":1002,"error_detail":[{"exc_type":"AttributeError","exc_value":"Can only use .dt accessor with datetimelike values","exc_notes":[],"syntax_error":null,"is_cause":false,"frames":[{"filename":"/home/airflow/.local/lib/python3.12/site-packages/airflow/sdk/execution_time/task_runner.py","lineno":928,"name":"run"},{"filename":"/home/airflow/.local/lib/python3.12/site-packages/airflow/sdk/execution_time/task_runner.py","lineno":1315,"name":"_execute_task"},{"filename":"/home/airflow/.local/lib/python3.12/site-packages/airflow/sdk/bases/operator.py","lineno":416,"name":"wrapper"},{"filename":"/home/airflow/.local/lib/python3.12/site-packages/airflow/providers/standard/operators/python.py","lineno":213,"name":"execute"},{"filename":"/home/airflow/.local/lib/python3.12/site-packages/airflow/providers/standard/operators/python.py","lineno":236,"name":"execute_callable"},{"filename":"/home/airflow/.local/lib/python3.12/site-packages/airflow/sdk/execution_time/callback_runner.py","lineno":82,"name":"run"},{"filename":"/opt/airflow/dags/dag_index.py","lineno":42,"name":"yf_stock_fetch"},{"filename":"/home/airflow/.local/lib/python3.12/site-packages/pandas/core/generic.py","lineno":6204,"name":"__getattr__"},{"filename":"/home/airflow/.local/lib/python3.12/site-packages/pandas/core/accessor.py","lineno":224,"name":"__get__"},{"filename":"/home/airflow/.local/lib/python3.12/site-packages/pandas/core/indexes/accessors.py","lineno":608,"name":"__new__"}],"is_group":false,"exceptions":[]}]}
