{"timestamp":"2025-12-04T07:52:39.133551Z","level":"info","event":"DAG bundles loaded: dags-folder","logger":"airflow.dag_processing.bundles.manager.DagBundlesManager","filename":"manager.py","lineno":179}
{"timestamp":"2025-12-04T07:52:39.133967Z","level":"info","event":"Filling up the DagBag from /opt/airflow/dags/dag_index.py","logger":"airflow.models.dagbag.DagBag","filename":"dagbag.py","lineno":593}
{"timestamp":"2025-12-04T07:52:39.617398Z","level":"info","event":"[QueryLoader] Loading JSON from: /opt/airflow/query/index_info.json","logger":"task.stdout"}
{"timestamp":"2025-12-04T07:52:41.130473Z","level":"info","event":"          Date          Open          High  ...  Dividends  Stock Splits  Ticker","logger":"task.stdout"}
{"timestamp":"2025-12-04T07:52:41.130888Z","level":"info","event":"0   2025-11-27   3989.449951   4023.419922  ...        0.0           0.0   ^KS11","logger":"task.stdout"}
{"timestamp":"2025-12-04T07:52:41.131096Z","level":"info","event":"1   2025-11-28   3995.300049   3995.300049  ...        0.0           0.0   ^KS11","logger":"task.stdout"}
{"timestamp":"2025-12-04T07:52:41.131313Z","level":"info","event":"2   2025-12-01   3967.919922   3977.310059  ...        0.0           0.0   ^KS11","logger":"task.stdout"}
{"timestamp":"2025-12-04T07:52:41.131533Z","level":"info","event":"3   2025-12-02   3939.090088   3994.929932  ...        0.0           0.0   ^KS11","logger":"task.stdout"}
{"timestamp":"2025-12-04T07:52:41.131706Z","level":"info","event":"4   2025-11-27    879.440002    884.000000  ...        0.0           0.0   ^KQ11","logger":"task.stdout"}
{"timestamp":"2025-12-04T07:52:41.131872Z","level":"info","event":"5   2025-11-28    888.750000    912.669983  ...        0.0           0.0   ^KQ11","logger":"task.stdout"}
{"timestamp":"2025-12-04T07:52:41.132035Z","level":"info","event":"6   2025-12-01    920.690002    933.260010  ...        0.0           0.0   ^KQ11","logger":"task.stdout"}
{"timestamp":"2025-12-04T07:52:41.132197Z","level":"info","event":"7   2025-12-02    921.369995    928.419983  ...        0.0           0.0   ^KQ11","logger":"task.stdout"}
{"timestamp":"2025-12-04T07:52:41.132370Z","level":"info","event":"8   2025-11-28   6822.520020   6850.859863  ...        0.0           0.0   ^GSPC","logger":"task.stdout"}
{"timestamp":"2025-12-04T07:52:41.132686Z","level":"info","event":"9   2025-12-01   6812.299805   6843.649902  ...        0.0           0.0   ^GSPC","logger":"task.stdout"}
{"timestamp":"2025-12-04T07:52:41.132856Z","level":"info","event":"10  2025-12-02   6830.959961   6851.549805  ...        0.0           0.0   ^GSPC","logger":"task.stdout"}
{"timestamp":"2025-12-04T07:52:41.132997Z","level":"info","event":"11  2025-11-28  47482.250000  47750.769531  ...        0.0           0.0    ^DJI","logger":"task.stdout"}
{"timestamp":"2025-12-04T07:52:41.133158Z","level":"info","event":"12  2025-12-01  47580.851562  47676.031250  ...        0.0           0.0    ^DJI","logger":"task.stdout"}
{"timestamp":"2025-12-04T07:52:41.133307Z","level":"info","event":"13  2025-12-02  47416.910156  47597.109375  ...        0.0           0.0    ^DJI","logger":"task.stdout"}
{"timestamp":"2025-12-04T07:52:41.133456Z","level":"info","event":"14  2025-11-28  23291.589844  23365.789062  ...        0.0           0.0   ^IXIC","logger":"task.stdout"}
{"timestamp":"2025-12-04T07:52:41.133601Z","level":"info","event":"15  2025-12-01  23172.339844  23363.849609  ...        0.0           0.0   ^IXIC","logger":"task.stdout"}
{"timestamp":"2025-12-04T07:52:41.133748Z","level":"info","event":"16  2025-12-02  23379.750000  23526.230469  ...        0.0           0.0   ^IXIC","logger":"task.stdout"}
{"timestamp":"2025-12-04T07:52:41.133891Z","level":"info","event":"17  2025-11-27  25945.539062  26123.689453  ...        0.0           0.0    ^HSI","logger":"task.stdout"}
{"timestamp":"2025-12-04T07:52:41.134037Z","level":"info","event":"18  2025-11-28  26011.060547  26011.060547  ...        0.0           0.0    ^HSI","logger":"task.stdout"}
{"timestamp":"2025-12-04T07:52:41.134178Z","level":"info","event":"19  2025-12-01  25945.869141  26179.720703  ...        0.0           0.0    ^HSI","logger":"task.stdout"}
{"timestamp":"2025-12-04T07:52:41.134413Z","level":"info","event":"20  2025-12-02  26188.550781  26264.130859  ...        0.0           0.0    ^HSI","logger":"task.stdout"}
{"timestamp":"2025-12-04T07:52:41.134555Z","level":"info","event":"","logger":"task.stdout"}
{"timestamp":"2025-12-04T07:52:41.134697Z","level":"info","event":"[21 rows x 9 columns]","logger":"task.stdout"}
{"timestamp":"2025-12-04T07:52:41.138339Z","level":"info","event":"Done. Returned value was:           Date Ticker          Open  ...      Volume  Dividends  Stock Splits\n0   2025-11-27  ^KS11   3989.449951  ...      257900        0.0           0.0\n1   2025-11-28  ^KS11   3995.300049  ...      241900        0.0           0.0\n2   2025-12-01  ^KS11   3967.919922  ...      296900        0.0           0.0\n3   2025-12-02  ^KS11   3939.090088  ...      319000        0.0           0.0\n4   2025-11-27  ^KQ11    879.440002  ...      721100        0.0           0.0\n5   2025-11-28  ^KQ11    888.750000  ...         800        0.0           0.0\n6   2025-12-01  ^KQ11    920.690002  ...         800        0.0           0.0\n7   2025-12-02  ^KQ11    921.369995  ...         800        0.0           0.0\n8   2025-11-28  ^GSPC   6822.520020  ...  2558540000        0.0           0.0\n9   2025-12-01  ^GSPC   6812.299805  ...  4549370000        0.0           0.0\n10  2025-12-02  ^GSPC   6830.959961  ...  4582290000        0.0           0.0\n11  2025-11-28   ^DJI  47482.250000  ...   272500000        0.0           0.0\n12  2025-12-01   ^DJI  47580.851562  ...   482190000        0.0           0.0\n13  2025-12-02   ^DJI  47416.910156  ...   510900000        0.0           0.0\n14  2025-11-28  ^IXIC  23291.589844  ...  4541070000        0.0           0.0\n15  2025-12-01  ^IXIC  23172.339844  ...  7859560000        0.0           0.0\n16  2025-12-02  ^IXIC  23379.750000  ...  7588580000        0.0           0.0\n17  2025-11-27   ^HSI  25945.539062  ...  2682700000        0.0           0.0\n18  2025-11-28   ^HSI  26011.060547  ...  1961600000        0.0           0.0\n19  2025-12-01   ^HSI  25945.869141  ...  2318600000        0.0           0.0\n20  2025-12-02   ^HSI  26188.550781  ...  2453000000        0.0           0.0\n\n[21 rows x 9 columns]","logger":"airflow.task.operators.airflow.providers.standard.operators.python.PythonOperator","filename":"python.py","lineno":215}
{"timestamp":"2025-12-04T07:52:41.138526Z","level":"info","event":"Pushing xcom","ti":"RuntimeTaskInstance(id=UUID('019ae859-4975-74a6-ac6c-05c70b045f3a'), task_id='stock_fetch_task', dag_id='dag_index', run_id='manual__2025-12-04T07:52:36.964515+00:00', try_number=1, dag_version_id=UUID('019ae854-00a0-715a-8b2e-bb06943e49a7'), map_index=-1, hostname='d63e7f5451d9', context_carrier={}, task=<Task(PythonOperator): stock_fetch_task>, bundle_instance=LocalDagBundle(name=dags-folder), max_tries=0, start_date=datetime.datetime(2025, 12, 4, 7, 52, 39, 112068, tzinfo=datetime.timezone.utc), end_date=None, state=<TaskInstanceState.RUNNING: 'running'>, is_mapped=False, rendered_map_index=None)","logger":"task","filename":"task_runner.py","lineno":1360}
