{"timestamp":"2025-12-03T07:46:42.516349Z","level":"info","event":"DAG bundles loaded: dags-folder","logger":"airflow.dag_processing.bundles.manager.DagBundlesManager","filename":"manager.py","lineno":179}
{"timestamp":"2025-12-03T07:46:42.516916Z","level":"info","event":"Filling up the DagBag from /opt/airflow/dags/dag_stock_backfill.py","logger":"airflow.models.dagbag.DagBag","filename":"dagbag.py","lineno":593}
{"timestamp":"2025-12-03T07:46:43.757289Z","level":"info","event":"[QueryLoader] Loading JSON from: /opt/airflow/query/ticker_info.json","logger":"task.stdout"}
{"timestamp":"2025-12-03T07:46:43.801570Z","level":"info","event":"INSERT INTO stock_prices (Date,Ticker,Open,High,Low,Close,Volume) VALUES","logger":"task.stdout"}
{"timestamp":"2025-12-03T07:46:43.798645Z","level":"warning","event":"YF.download() has changed argument auto_adjust default to True","category":"FutureWarning","filename":"/opt/airflow/dags/dag_stock_backfill.py","lineno":36,"logger":"py.warnings"}
{"timestamp":"2025-12-03T07:46:48.170664Z","level":"error","event":"\r[                       0%                       ]\r[****                   8%                       ]  2 of 26 completed\r[******                12%                       ]  3 of 26 completed\r[*******               15%                       ]  4 of 26 completed\r[*********             19%                       ]  5 of 26 completed\r[***********           23%                       ]  6 of 26 completed\r[*************         27%                       ]  7 of 26 completed\r[***************       31%                       ]  8 of 26 completed\r[*****************     35%                       ]  9 of 26 completed\r[******************    38%                       ]  10 of 26 completed\r[********************  42%                       ]  11 of 26 completed\r[**********************46%                       ]  12 of 26 completed\r[**********************50%                       ]  13 of 26 completed\r[**********************54%*                      ]  14 of 26 completed\r[**********************58%***                    ]  15 of 26 completed\r[**********************62%*****                  ]  16 of 26 completed\r[**********************65%******                 ]  17 of 26 completed\r[**********************69%********               ]  18 of 26 completed\r[**********************73%**********             ]  19 of 26 completed\r[**********************77%************           ]  20 of 26 completed\r[**********************81%**************         ]  21 of 26 completed\r[**********************85%****************       ]  22 of 26 completed\r[**********************88%*****************      ]  23 of 26 completed\r[**********************92%*******************    ]  24 of 26 completed\r[**********************96%*********************  ]  25 of 26 completed\r[*********************100%***********************]  26 of 26 completed","logger":"task.stderr"}
{"timestamp":"2025-12-03T07:46:48.170738Z","level":"error","event":"\n2 Failed downloads:","logger":"yfinance","filename":"multi.py","lineno":185}
{"timestamp":"2025-12-03T07:46:48.170910Z","level":"error","event":"['PING']: YFTzMissingError('possibly delisted; no timezone found')","logger":"yfinance","filename":"multi.py","lineno":198}
{"timestamp":"2025-12-03T07:46:48.170955Z","level":"error","event":"['XPEV']: YFPricesMissingError('possibly delisted; no price data found  (1d 2019-01-01 -> 2019-12-31) (Yahoo error = \"Data doesn\\'t exist for startDate = 1546318800, endDate = 1577768400\")')","logger":"yfinance","filename":"multi.py","lineno":198}
{"timestamp":"2025-12-03T07:46:48.195761Z","level":"info","event":"Price       Date     Ticker  ...           Open       Volume","logger":"task.stdout"}
{"timestamp":"2025-12-03T07:46:48.198555Z","level":"info","event":"0     2019-01-02  000270.KS  ...   26129.974142     478590.0","logger":"task.stdout"}
{"timestamp":"2025-12-03T07:46:48.198787Z","level":"info","event":"1     2019-01-02  000660.KS  ...   57042.906721    1934295.0","logger":"task.stdout"}
{"timestamp":"2025-12-03T07:46:48.198973Z","level":"info","event":"2     2019-01-02  005380.KS  ...   91222.121882     565493.0","logger":"task.stdout"}
{"timestamp":"2025-12-03T07:46:48.199300Z","level":"info","event":"3     2019-01-02  005930.KS  ...   33066.634688    7847664.0","logger":"task.stdout"}
{"timestamp":"2025-12-03T07:46:48.199477Z","level":"info","event":"4     2019-01-02  006400.KS  ...  218603.179186     345548.0","logger":"task.stdout"}
{"timestamp":"2025-12-03T07:46:48.199644Z","level":"info","event":"...          ...        ...  ...            ...          ...","logger":"task.stdout"}
{"timestamp":"2025-12-03T07:46:48.199795Z","level":"info","event":"5969  2019-12-30        NIO  ...       2.920000  432720700.0","logger":"task.stdout"}
{"timestamp":"2025-12-03T07:46:48.199936Z","level":"info","event":"5970  2019-12-30       NVDA  ...       5.873840  258056000.0","logger":"task.stdout"}
{"timestamp":"2025-12-03T07:46:48.200066Z","level":"info","event":"5971  2019-12-30      TCEHY  ...      43.919920    2571800.0","logger":"task.stdout"}
{"timestamp":"2025-12-03T07:46:48.200215Z","level":"info","event":"5972  2019-12-30       TSLA  ...      28.586000  188796000.0","logger":"task.stdout"}
{"timestamp":"2025-12-03T07:46:48.200398Z","level":"info","event":"5973  2019-12-30          V  ...     181.451365    4833600.0","logger":"task.stdout"}
{"timestamp":"2025-12-03T07:46:48.200567Z","level":"info","event":"","logger":"task.stdout"}
{"timestamp":"2025-12-03T07:46:48.200721Z","level":"info","event":"[5974 rows x 8 columns]","logger":"task.stdout"}
{"timestamp":"2025-12-03T07:46:48.199424Z","level":"info","event":"Done. Returned value was: Price       Date     Ticker  ...           Open       Volume\n0     2019-01-02  000270.KS  ...   26129.974142     478590.0\n1     2019-01-02  000660.KS  ...   57042.906721    1934295.0\n2     2019-01-02  005380.KS  ...   91222.121882     565493.0\n3     2019-01-02  005930.KS  ...   33066.634688    7847664.0\n4     2019-01-02  006400.KS  ...  218603.179186     345548.0\n...          ...        ...  ...            ...          ...\n5969  2019-12-30        NIO  ...       2.920000  432720700.0\n5970  2019-12-30       NVDA  ...       5.873840  258056000.0\n5971  2019-12-30      TCEHY  ...      43.919920    2571800.0\n5972  2019-12-30       TSLA  ...      28.586000  188796000.0\n5973  2019-12-30          V  ...     181.451365    4833600.0\n\n[5974 rows x 8 columns]","logger":"airflow.task.operators.airflow.providers.standard.operators.python.PythonOperator","filename":"python.py","lineno":215}
{"timestamp":"2025-12-03T07:46:48.199587Z","level":"info","event":"Pushing xcom","ti":"RuntimeTaskInstance(id=UUID('019ae32d-7993-781d-a1c3-04dc14d75801'), task_id='stock_fetch_task', dag_id='dag_stock_backfill', run_id='scheduled__2020-01-01T00:00:00+00:00', try_number=1, dag_version_id=UUID('019ae32d-372a-7691-af66-f411f88dba12'), map_index=-1, hostname='7a819b9fe5f2', context_carrier={}, task=<Task(PythonOperator): stock_fetch_task>, bundle_instance=LocalDagBundle(name=dags-folder), max_tries=0, start_date=datetime.datetime(2025, 12, 3, 7, 46, 42, 458149, tzinfo=datetime.timezone.utc), end_date=None, state=<TaskInstanceState.RUNNING: 'running'>, is_mapped=False, rendered_map_index=None)","logger":"task","filename":"task_runner.py","lineno":1360}
