{"timestamp":"2025-12-05T06:23:23.548449Z","level":"info","event":"DAG bundles loaded: dags-folder","logger":"airflow.dag_processing.bundles.manager.DagBundlesManager","filename":"manager.py","lineno":179}
{"timestamp":"2025-12-05T06:23:23.548711Z","level":"info","event":"Filling up the DagBag from /opt/airflow/dags/dag_news_ai_main.py","logger":"airflow.models.dagbag.DagBag","filename":"dagbag.py","lineno":593}
{"timestamp":"2025-12-05T06:23:23.609242Z","level":"info","event":"[QueryLoader] Loading JSON from: /opt/airflow/query/ai_news_info.json","logger":"task.stdout"}
{"timestamp":"2025-12-05T06:23:25.529274Z","level":"info","event":"   seq  ...   media","logger":"task.stdout"}
{"timestamp":"2025-12-05T06:23:25.529632Z","level":"info","event":"0    1  ...    연합뉴스","logger":"task.stdout"}
{"timestamp":"2025-12-05T06:23:25.529893Z","level":"info","event":"1    2  ...  지디넷코리아","logger":"task.stdout"}
{"timestamp":"2025-12-05T06:23:25.530094Z","level":"info","event":"2    3  ...  SBSBiz","logger":"task.stdout"}
{"timestamp":"2025-12-05T06:23:25.530290Z","level":"info","event":"3    4  ...    이데일리","logger":"task.stdout"}
{"timestamp":"2025-12-05T06:23:25.530466Z","level":"info","event":"4    5  ...    한국경제","logger":"task.stdout"}
{"timestamp":"2025-12-05T06:23:25.530622Z","level":"info","event":"5    6  ...    한국경제","logger":"task.stdout"}
{"timestamp":"2025-12-05T06:23:25.530755Z","level":"info","event":"6    7  ...     뉴시스","logger":"task.stdout"}
{"timestamp":"2025-12-05T06:23:25.530883Z","level":"info","event":"7    8  ...  이코노미스트","logger":"task.stdout"}
{"timestamp":"2025-12-05T06:23:25.531027Z","level":"info","event":"8    9  ...  지디넷코리아","logger":"task.stdout"}
{"timestamp":"2025-12-05T06:23:25.531182Z","level":"info","event":"9   10  ...    조선비즈","logger":"task.stdout"}
{"timestamp":"2025-12-05T06:23:25.531388Z","level":"info","event":"","logger":"task.stdout"}
{"timestamp":"2025-12-05T06:23:25.531550Z","level":"info","event":"[10 rows x 5 columns]","logger":"task.stdout"}
{"timestamp":"2025-12-05T06:23:25.582435Z","level":"info","event":"[EMEBD BATCH NUM] : 1","logger":"task.stdout"}
{"timestamp":"2025-12-05T06:23:27.582612Z","level":"info","event":"[LanceDB] 기존 테이블 업데이트 → tb_naver_news_ai_emb","logger":"task.stdout"}
{"timestamp":"2025-12-05T06:23:27.583942Z","level":"info","event":"count before : 10","logger":"task.stdout"}
{"timestamp":"2025-12-05T06:23:27.613459Z","level":"info","event":"count after : 10","logger":"task.stdout"}
{"timestamp":"2025-12-05T06:23:27.621346Z","level":"info","event":"Done. Returned value was: None","logger":"airflow.task.operators.airflow.providers.standard.operators.python.PythonOperator","filename":"python.py","lineno":215}
