{"timestamp":"2025-12-05T05:51:51.213046Z","level":"info","event":"DAG bundles loaded: dags-folder","logger":"airflow.dag_processing.bundles.manager.DagBundlesManager","filename":"manager.py","lineno":179}
{"timestamp":"2025-12-05T05:51:51.213291Z","level":"info","event":"Filling up the DagBag from /opt/airflow/dags/dag_news_ai_main.py","logger":"airflow.models.dagbag.DagBag","filename":"dagbag.py","lineno":593}
{"timestamp":"2025-12-05T05:51:51.274174Z","level":"info","event":"[QueryLoader] Loading JSON from: /opt/airflow/query/ai_news_info.json","logger":"task.stdout"}
{"timestamp":"2025-12-05T05:51:52.745367Z","level":"info","event":"   seq  ...   media","logger":"task.stdout"}
{"timestamp":"2025-12-05T05:51:52.745731Z","level":"info","event":"0    1  ...    연합뉴스","logger":"task.stdout"}
{"timestamp":"2025-12-05T05:51:52.745951Z","level":"info","event":"1    2  ...  지디넷코리아","logger":"task.stdout"}
{"timestamp":"2025-12-05T05:51:52.746153Z","level":"info","event":"2    3  ...  SBSBiz","logger":"task.stdout"}
{"timestamp":"2025-12-05T05:51:52.746318Z","level":"info","event":"3    4  ...    이데일리","logger":"task.stdout"}
{"timestamp":"2025-12-05T05:51:52.746497Z","level":"info","event":"4    5  ...    한국경제","logger":"task.stdout"}
{"timestamp":"2025-12-05T05:51:52.746661Z","level":"info","event":"5    6  ...    한국경제","logger":"task.stdout"}
{"timestamp":"2025-12-05T05:51:52.746804Z","level":"info","event":"6    7  ...     뉴시스","logger":"task.stdout"}
{"timestamp":"2025-12-05T05:51:52.746936Z","level":"info","event":"7    8  ...  이코노미스트","logger":"task.stdout"}
{"timestamp":"2025-12-05T05:51:52.747061Z","level":"info","event":"8    9  ...  지디넷코리아","logger":"task.stdout"}
{"timestamp":"2025-12-05T05:51:52.747182Z","level":"info","event":"9   10  ...    조선비즈","logger":"task.stdout"}
{"timestamp":"2025-12-05T05:51:52.747302Z","level":"info","event":"","logger":"task.stdout"}
{"timestamp":"2025-12-05T05:51:52.747421Z","level":"info","event":"[10 rows x 5 columns]","logger":"task.stdout"}
{"timestamp":"2025-12-05T05:51:52.788553Z","level":"info","event":"[EMEBD BATCH NUM] : 1","logger":"task.stdout"}
{"timestamp":"2025-12-05T05:51:54.788843Z","level":"info","event":"[LanceDB] 신규 테이블 생성 → tb_naver_news_ai_emb","logger":"task.stdout"}
{"timestamp":"2025-12-05T05:51:54.789461Z","level":"info","event":"row count: 10","logger":"task.stdout"}
{"timestamp":"2025-12-05T05:51:54.797033Z","level":"info","event":"Done. Returned value was: None","logger":"airflow.task.operators.airflow.providers.standard.operators.python.PythonOperator","filename":"python.py","lineno":215}
